[[1;34mINFO[m] Scanning for projects...
[[1;34mINFO[m] 
[[1;34mINFO[m] [1m--------------------------< [0;36mcom.icefx:IceFX[0;1m >---------------------------[m
[[1;34mINFO[m] [1mBuilding IceFX Attendance System 1.0.0[m
[[1;34mINFO[m] [1m--------------------------------[ jar ]---------------------------------[m
[[1;34mINFO[m] 
[[1;34mINFO[m] [1m>>> [0;32mjavafx-maven-plugin:0.0.8:run[m [1m(default-cli)[0;1m > [0;1mprocess-classes[m @ [36mIceFX[0;1m >>>[m
[[1;34mINFO[m] 
[[1;34mINFO[m] [1m--- [0;32mmaven-resources-plugin:2.6:resources[m [1m(default-resources)[m @ [36mIceFX[0;1m ---[m
[[1;34mINFO[m] Using 'UTF-8' encoding to copy filtered resources.
[[1;34mINFO[m] Copying 23 resources
[[1;34mINFO[m] 
[[1;34mINFO[m] [1m--- [0;32mmaven-compiler-plugin:3.12.1:compile[m [1m(default-compile)[m @ [36mIceFX[0;1m ---[m
[[1;34mINFO[m] Nothing to compile - all classes are up to date.
[[1;34mINFO[m] 
[[1;34mINFO[m] [1m<<< [0;32mjavafx-maven-plugin:0.0.8:run[m [1m(default-cli)[0;1m < [0;1mprocess-classes[m @ [36mIceFX[0;1m <<<[m
[[1;34mINFO[m] 
[[1;34mINFO[m] 
[[1;34mINFO[m] [1m--- [0;32mjavafx-maven-plugin:0.0.8:run[m [1m(default-cli)[m @ [36mIceFX[0;1m ---[m
12:36:10.448 [JavaFX Application Thread] INFO  application.Main - IceFX Attendance System Starting...
12:36:10.453 [JavaFX Application Thread] INFO  application.Main - System Information:
  OS: Linux 6.14.0-35-generic (amd64)
  Java: 23.0.1 (Oracle Corporation)
  Architecture: 64-bit
  Working Directory: /home/josh/IceFX
  Java Library Path: /usr/java/packages/lib:/usr/lib64:/lib64:/lib:/usr/lib
12:36:10.453 [JavaFX Application Thread] INFO  com.icefx.util.NativeLoader - ========================================
12:36:10.454 [JavaFX Application Thread] INFO  com.icefx.util.NativeLoader - Starting OpenCV Native Library Loading
12:36:10.454 [JavaFX Application Thread] INFO  com.icefx.util.NativeLoader - ========================================
12:36:10.454 [JavaFX Application Thread] INFO  com.icefx.util.NativeLoader - System Information:
12:36:10.454 [JavaFX Application Thread] INFO  com.icefx.util.NativeLoader -   OS: Linux 6.14.0-35-generic (amd64)
12:36:10.457 [JavaFX Application Thread] INFO  com.icefx.util.NativeLoader -   Java: 23.0.1 (Oracle Corporation)
12:36:10.458 [JavaFX Application Thread] INFO  com.icefx.util.NativeLoader -   Architecture: 64-bit
12:36:10.459 [JavaFX Application Thread] INFO  com.icefx.util.NativeLoader -   Working Dir: /home/josh/IceFX
12:36:10.459 [JavaFX Application Thread] INFO  com.icefx.util.NativeLoader - Loading opencv_java via Loader.load()...
12:36:13.768 [JavaFX Application Thread] INFO  com.icefx.util.NativeLoader - ✅ OpenCV loaded successfully!
12:36:13.768 [JavaFX Application Thread] INFO  com.icefx.util.NativeLoader - ========================================
12:36:13.768 [JavaFX Application Thread] INFO  application.Main - Native libraries loaded successfully, initializing UI...
[FaceRecognizer] Loaded model: /home/josh/IceFX/resources/trained_faces.xml
Nov 11, 2025 12:36:14 PM javafx.fxml.FXMLLoader$ValueElement processValue
WARNING: Loading FXML document with JavaFX API of version 23.0.1 by JavaFX runtime of version 21.0.1
12:36:17.121 [JavaFX Application Thread] INFO  application.Main - ✅ Application started successfully
12:36:38.235 [JavaFX Application Thread] INFO  application.Main - Application shutting down...
[[1;34mINFO[m] [1m------------------------------------------------------------------------[m
[[1;34mINFO[m] [1;32mBUILD SUCCESS[m
[[1;34mINFO[m] [1m------------------------------------------------------------------------[m
[[1;34mINFO[m] Total time:  32.060 s
[[1;34mINFO[m] Finished at: 2025-11-11T12:36:38+08:00
[[1;34mINFO[m] [1m------------------------------------------------------------------------[m
