#
# There is insufficient memory for the Java Runtime Environment to continue.
# Native memory allocation (mmap) failed to map 27262976 bytes for Failed to commit area from 0x000000008a200000 to 0x000000008bc00000 of length 27262976.
# Possible reasons:
#   The system is out of physical RAM or swap space
#   The process is running with CompressedOops enabled, and the Java Heap may be blocking the growth of the native heap
# Possible solutions:
#   Reduce memory load on the system
#   Increase physical memory or swap space
#   Check if swap backing store is full
#   Decrease Java heap size (-Xmx/-Xms)
#   Decrease number of Java threads
#   Decrease Java thread stack sizes (-Xss)
#   Set larger code cache with -XX:ReservedCodeCacheSize=
#   JVM is running with Unscaled Compressed Oops mode in which the Java heap is
#     placed in the first 4GB address space. The Java Heap base address is the
#     maximum limit for the native heap growth. Please use -XX:HeapBaseMinAddress
#     to set the Java Heap base and to place the Java Heap above 4GB virtual address.
# This output file may be truncated or incomplete.
#
#  Out of Memory Error (./open/src/hotspot/os/windows/os_windows.cpp:3292), pid=1736, tid=2236
#
# JRE version: Java(TM) SE Runtime Environment 18.9 (11.0.19+9) (build 11.0.19+9-LTS-224)
# Java VM: Java HotSpot(TM) 64-Bit Server VM 18.9 (11.0.19+9-LTS-224, mixed mode, tiered, compressed oops, g1 gc, windows-amd64)
# No core dump will be written. Minidumps are not enabled by default on client versions of Windows
#

---------------  S U M M A R Y ------------

Command Line: --module-path=C:\Users\ljcab\Downloads\javafx-sdk-11.0.2\lib --add-modules=javafx.controls,javafx.fxml application.Main -cp libs/mysql-connector-java-8.0.13.jar

Host: Intel(R) Core(TM) i7-8565U CPU @ 1.80GHz, 8 cores, 7G,  Windows 10 , 64 bit Build 19041 (10.0.19041.5678)
Time: Sat May 17 15:27:48 2025 Malay Peninsula Standard Time elapsed time: 3.118045 seconds (0d 0h 0m 3s)

---------------  T H R E A D  ---------------

Current thread (0x0000020a7ff2a800):  VMThread "VM Thread" [stack: 0x0000006db0d00000,0x0000006db0e00000] [id=2236]

Stack: [0x0000006db0d00000,0x0000006db0e00000]
[error occurred during error reporting (printing stack bounds), id 0xc0000005, EXCEPTION_ACCESS_VIOLATION (0xc0000005) at pc=0x0000020a6f5d0f2d]

Native frames: (J=compiled Java code, j=interpreted, Vv=VM code, C=native code)
V  [jvm.dll+0x65fe1a]
V  [jvm.dll+0x7a2bbf]
V  [jvm.dll+0x7a4289]
V  [jvm.dll+0x7a4885]
V  [jvm.dll+0x7a483b]
V  [jvm.dll+0x65f323]
V  [jvm.dll+0x65fa18]
C  [ntdll.dll+0xa28bf]
C  [ntdll.dll+0x52554]
C  [ntdll.dll+0xa13ce]
C  0x0000020a6f5d0f2d

VM_Operation (0x0000006db1cf8320): G1CollectForAllocation, mode: safepoint, requested by thread 0x0000020a068c3000


---------------  P R O C E S S  ---------------

Threads class SMR info:
_java_thread_list=0x0000020a07dc3550, length=17, elements={
0x0000020a67f17000, 0x0000020a7ff2c000, 0x0000020a7ff2d800, 0x0000020a7ff5a800,
0x0000020a7ff5c000, 0x0000020a7ff5e000, 0x0000020a066f2000, 0x0000020a066fb800,
0x0000020a06750000, 0x0000020a068c5800, 0x0000020a068c4800, 0x0000020a068c2800,
0x0000020a068c3000, 0x0000020a068c1800, 0x0000020a068c0800, 0x0000020a068c4000,
0x0000020a0e26d000
}

Java Threads: ( => current thread )
  0x0000020a67f17000 JavaThread "main" [_thread_blocked, id=17276, stack(0x0000006db0700000,0x0000006db0800000)]
  0x0000020a7ff2c000 JavaThread "Reference Handler" daemon [_thread_blocked, id=21856, stack(0x0000006db0e00000,0x0000006db0f00000)]
  0x0000020a7ff2d800 JavaThread "Finalizer" daemon [_thread_blocked, id=2908, stack(0x0000006db0f00000,0x0000006db1000000)]
  0x0000020a7ff5a800 JavaThread "Signal Dispatcher" daemon [_thread_blocked, id=18376, stack(0x0000006db1000000,0x0000006db1100000)]
  0x0000020a7ff5c000 JavaThread "Attach Listener" daemon [_thread_blocked, id=18136, stack(0x0000006db1100000,0x0000006db1200000)]
  0x0000020a7ff5e000 JavaThread "Service Thread" daemon [_thread_blocked, id=3088, stack(0x0000006db1200000,0x0000006db1300000)]
  0x0000020a066f2000 JavaThread "C2 CompilerThread0" daemon [_thread_blocked, id=11008, stack(0x0000006db1300000,0x0000006db1400000)]
  0x0000020a066fb800 JavaThread "C1 CompilerThread0" daemon [_thread_blocked, id=13920, stack(0x0000006db1400000,0x0000006db1500000)]
  0x0000020a06750000 JavaThread "Sweeper thread" daemon [_thread_blocked, id=17380, stack(0x0000006db1500000,0x0000006db1600000)]
  0x0000020a068c5800 JavaThread "Common-Cleaner" daemon [_thread_blocked, id=17216, stack(0x0000006db1600000,0x0000006db1700000)]
  0x0000020a068c4800 JavaThread "QuantumRenderer-0" daemon [_thread_blocked, id=11888, stack(0x0000006db1a00000,0x0000006db1b00000)]
  0x0000020a068c2800 JavaThread "InvokeLaterDispatcher" daemon [_thread_blocked, id=2732, stack(0x0000006db1b00000,0x0000006db1c00000)]
  0x0000020a068c3000 JavaThread "JavaFX Application Thread" [_thread_blocked, id=21300, stack(0x0000006db1c00000,0x0000006db1d00000)]
  0x0000020a068c1800 JavaThread "Thread-1" daemon [_thread_blocked, id=18980, stack(0x0000006db2000000,0x0000006db2100000)]
  0x0000020a068c0800 JavaThread "JavaFX-Launcher" [_thread_blocked, id=11720, stack(0x0000006db2100000,0x0000006db2200000)]
  0x0000020a068c4000 JavaThread "JavaCPP Deallocator" daemon [_thread_blocked, id=22284, stack(0x0000006db2700000,0x0000006db2800000)]
  0x0000020a0e26d000 JavaThread "C2 CompilerThread1" daemon [_thread_blocked, id=20308, stack(0x0000006db1700000,0x0000006db1800000)]

Other Threads:
=>0x0000020a7ff2a800 VMThread "VM Thread" [stack: 0x0000006db0d00000,0x0000006db0e00000] [id=2236]
  0x0000020a072ba000 WatcherThread [stack: 0x0000006db1900000,0x0000006db1a00000] [id=22304]
  0x0000020a67f2b800 GCTaskThread "GC Thread#0" [stack: 0x0000006db0800000,0x0000006db0900000] [id=18528]
  0x0000020a078d1000 GCTaskThread "GC Thread#1" [stack: 0x0000006db2200000,0x0000006db2300000] [id=18192]
  0x0000020a07af7800 GCTaskThread "GC Thread#2" [stack: 0x0000006db2300000,0x0000006db2400000] [id=15496]
  0x0000020a07af8800 GCTaskThread "GC Thread#3" [stack: 0x0000006db2400000,0x0000006db2500000] [id=15236]
  0x0000020a077e0800 GCTaskThread "GC Thread#4" [stack: 0x0000006db2500000,0x0000006db2600000] [id=1440]
  0x0000020a077e1800 GCTaskThread "GC Thread#5" [stack: 0x0000006db2600000,0x0000006db2700000] [id=2132]
  0x0000020a67f5a800 ConcurrentGCThread "G1 Main Marker" [stack: 0x0000006db0900000,0x0000006db0a00000] [id=19192]
  0x0000020a67f5d000 ConcurrentGCThread "G1 Conc#0" [stack: 0x0000006db0a00000,0x0000006db0b00000] [id=19028]
  0x0000020a7fd94800 ConcurrentGCThread "G1 Refine#0" [stack: 0x0000006db0b00000,0x0000006db0c00000] [id=21232]
  0x0000020a7fd95000 ConcurrentGCThread "G1 Young RemSet Sampling" [stack: 0x0000006db0c00000,0x0000006db0d00000] [id=21244]

Threads with active compile tasks:
C2 CompilerThread0     3160 1610 %     4       java.io.WinNTFileSystem::normalize @ 22 (143 bytes)
C1 CompilerThread0     3160 1646       3       jdk.internal.module.ModuleReferences$JarModuleReader::implFind (113 bytes)
C2 CompilerThread1     3160 1614       4       sun.nio.fs.WindowsPathParser::normalize (233 bytes)

VM state:at safepoint (normal execution)

VM Mutex/Monitor currently owned by a thread:  ([mutex/lock_event])
[0x0000020a67f12df0] Threads_lock - owner thread: 0x0000020a7ff2a800
[0x0000020a67f12730] Heap_lock - owner thread: 0x0000020a068c3000

Heap address: 0x0000000082400000, size: 2012 MB, Compressed Oops mode: 32-bit
Narrow klass base: 0x0000000000000000, Narrow klass shift: 3
Compressed class space size: 1073741824 Address: 0x0000000100000000

Heap:
 garbage-first heap   total 155648K, used 7636K [0x0000000082400000, 0x0000000100000000)
  region size 1024K, 4 young (4096K), 4 survivors (4096K)
 Metaspace       used 17542K, capacity 17916K, committed 18304K, reserved 1067008K
  class space    used 1394K, capacity 1541K, committed 1664K, reserved 1048576K
Heap Regions: E=young(eden), S=young(survivor), O=old, HS=humongous(starts), HC=humongous(continues), CS=collection set, F=free, A=archive, TAMS=top-at-mark-start (previous, next)
|   0|0x0000000082400000, 0x0000000082500000, 0x0000000082500000|100%| O|  |TAMS 0x0000000082400000, 0x0000000082400000| Untracked 
|   1|0x0000000082500000, 0x0000000082600000, 0x0000000082600000|100%| O|  |TAMS 0x0000000082500000, 0x0000000082500000| Untracked 
|   2|0x0000000082600000, 0x0000000082700000, 0x0000000082700000|100%| O|  |TAMS 0x0000000082600000, 0x0000000082600000| Untracked 
|   3|0x0000000082700000, 0x00000000827b2600, 0x0000000082800000| 69%| O|  |TAMS 0x0000000082700000, 0x0000000082700000| Untracked 
|   4|0x0000000082800000, 0x0000000082800000, 0x0000000082900000|  0%| F|  |TAMS 0x0000000082800000, 0x0000000082800000| Untracked 
|   5|0x0000000082900000, 0x0000000082900000, 0x0000000082a00000|  0%| F|  |TAMS 0x0000000082900000, 0x0000000082900000| Untracked 
|   6|0x0000000082a00000, 0x0000000082a00000, 0x0000000082b00000|  0%| F|  |TAMS 0x0000000082a00000, 0x0000000082a00000| Untracked 
|   7|0x0000000082b00000, 0x0000000082b00000, 0x0000000082c00000|  0%| F|  |TAMS 0x0000000082b00000, 0x0000000082b00000| Untracked 
|   8|0x0000000082c00000, 0x0000000082c00000, 0x0000000082d00000|  0%| F|  |TAMS 0x0000000082c00000, 0x0000000082c00000| Untracked 
|   9|0x0000000082d00000, 0x0000000082d00000, 0x0000000082e00000|  0%| F|  |TAMS 0x0000000082d00000, 0x0000000082d00000| Untracked 
|  10|0x0000000082e00000, 0x0000000082e00000, 0x0000000082f00000|  0%| F|  |TAMS 0x0000000082e00000, 0x0000000082e00000| Untracked 
|  11|0x0000000082f00000, 0x0000000082f00000, 0x0000000083000000|  0%| F|  |TAMS 0x0000000082f00000, 0x0000000082f00000| Untracked 
|  12|0x0000000083000000, 0x0000000083000000, 0x0000000083100000|  0%| F|  |TAMS 0x0000000083000000, 0x0000000083000000| Untracked 
|  13|0x0000000083100000, 0x0000000083100000, 0x0000000083200000|  0%| F|  |TAMS 0x0000000083100000, 0x0000000083100000| Untracked 
|  14|0x0000000083200000, 0x0000000083200000, 0x0000000083300000|  0%| F|  |TAMS 0x0000000083200000, 0x0000000083200000| Untracked 
|  15|0x0000000083300000, 0x0000000083300000, 0x0000000083400000|  0%| F|  |TAMS 0x0000000083300000, 0x0000000083300000| Untracked 
|  16|0x0000000083400000, 0x0000000083400000, 0x0000000083500000|  0%| F|  |TAMS 0x0000000083400000, 0x0000000083400000| Untracked 
|  17|0x0000000083500000, 0x0000000083500000, 0x0000000083600000|  0%| F|  |TAMS 0x0000000083500000, 0x0000000083500000| Untracked 
|  18|0x0000000083600000, 0x0000000083600000, 0x0000000083700000|  0%| F|  |TAMS 0x0000000083600000, 0x0000000083600000| Untracked 
|  19|0x0000000083700000, 0x0000000083700000, 0x0000000083800000|  0%| F|  |TAMS 0x0000000083700000, 0x0000000083700000| Untracked 
|  20|0x0000000083800000, 0x0000000083800000, 0x0000000083900000|  0%| F|  |TAMS 0x0000000083800000, 0x0000000083800000| Untracked 
|  21|0x0000000083900000, 0x0000000083900000, 0x0000000083a00000|  0%| F|  |TAMS 0x0000000083900000, 0x0000000083900000| Untracked 
|  22|0x0000000083a00000, 0x0000000083a00000, 0x0000000083b00000|  0%| F|  |TAMS 0x0000000083a00000, 0x0000000083a00000| Untracked 
|  23|0x0000000083b00000, 0x0000000083b00000, 0x0000000083c00000|  0%| F|  |TAMS 0x0000000083b00000, 0x0000000083b00000| Untracked 
|  24|0x0000000083c00000, 0x0000000083c00000, 0x0000000083d00000|  0%| F|  |TAMS 0x0000000083c00000, 0x0000000083c00000| Untracked 
|  25|0x0000000083d00000, 0x0000000083d00000, 0x0000000083e00000|  0%| F|  |TAMS 0x0000000083d00000, 0x0000000083d00000| Untracked 
|  26|0x0000000083e00000, 0x0000000083e00000, 0x0000000083f00000|  0%| F|  |TAMS 0x0000000083e00000, 0x0000000083e00000| Untracked 
|  27|0x0000000083f00000, 0x0000000083f00000, 0x0000000084000000|  0%| F|  |TAMS 0x0000000083f00000, 0x0000000083f00000| Untracked 
|  28|0x0000000084000000, 0x0000000084000000, 0x0000000084100000|  0%| F|  |TAMS 0x0000000084000000, 0x0000000084000000| Untracked 
|  29|0x0000000084100000, 0x0000000084100000, 0x0000000084200000|  0%| F|  |TAMS 0x0000000084100000, 0x0000000084100000| Untracked 
|  30|0x0000000084200000, 0x0000000084200000, 0x0000000084300000|  0%| F|  |TAMS 0x0000000084200000, 0x0000000084200000| Untracked 
|  31|0x0000000084300000, 0x0000000084300000, 0x0000000084400000|  0%| F|  |TAMS 0x0000000084300000, 0x0000000084300000| Untracked 
|  32|0x0000000084400000, 0x0000000084400000, 0x0000000084500000|  0%| F|  |TAMS 0x0000000084400000, 0x0000000084400000| Untracked 
|  33|0x0000000084500000, 0x0000000084500000, 0x0000000084600000|  0%| F|  |TAMS 0x0000000084500000, 0x0000000084500000| Untracked 
|  34|0x0000000084600000, 0x0000000084600000, 0x0000000084700000|  0%| F|  |TAMS 0x0000000084600000, 0x0000000084600000| Untracked 
|  35|0x0000000084700000, 0x0000000084700000, 0x0000000084800000|  0%| F|  |TAMS 0x0000000084700000, 0x0000000084700000| Untracked 
|  36|0x0000000084800000, 0x0000000084800000, 0x0000000084900000|  0%| F|  |TAMS 0x0000000084800000, 0x0000000084800000| Untracked 
|  37|0x0000000084900000, 0x0000000084900000, 0x0000000084a00000|  0%| F|  |TAMS 0x0000000084900000, 0x0000000084900000| Untracked 
|  38|0x0000000084a00000, 0x0000000084a00000, 0x0000000084b00000|  0%| F|  |TAMS 0x0000000084a00000, 0x0000000084a00000| Untracked 
|  39|0x0000000084b00000, 0x0000000084b00000, 0x0000000084c00000|  0%| F|  |TAMS 0x0000000084b00000, 0x0000000084b00000| Untracked 
|  40|0x0000000084c00000, 0x0000000084c00000, 0x0000000084d00000|  0%| F|  |TAMS 0x0000000084c00000, 0x0000000084c00000| Untracked 
|  41|0x0000000084d00000, 0x0000000084d00000, 0x0000000084e00000|  0%| F|  |TAMS 0x0000000084d00000, 0x0000000084d00000| Untracked 
|  42|0x0000000084e00000, 0x0000000084e00000, 0x0000000084f00000|  0%| F|  |TAMS 0x0000000084e00000, 0x0000000084e00000| Untracked 
|  43|0x0000000084f00000, 0x0000000084f00000, 0x0000000085000000|  0%| F|  |TAMS 0x0000000084f00000, 0x0000000084f00000| Untracked 
|  44|0x0000000085000000, 0x0000000085000000, 0x0000000085100000|  0%| F|  |TAMS 0x0000000085000000, 0x0000000085000000| Untracked 
|  45|0x0000000085100000, 0x0000000085100000, 0x0000000085200000|  0%| F|  |TAMS 0x0000000085100000, 0x0000000085100000| Untracked 
|  46|0x0000000085200000, 0x0000000085200000, 0x0000000085300000|  0%| F|  |TAMS 0x0000000085200000, 0x0000000085200000| Untracked 
|  47|0x0000000085300000, 0x00000000853c2c30, 0x0000000085400000| 76%| S|CS|TAMS 0x0000000085300000, 0x0000000085300000| Complete 
|  48|0x0000000085400000, 0x0000000085500000, 0x0000000085500000|100%| S|CS|TAMS 0x0000000085400000, 0x0000000085400000| Complete 
|  49|0x0000000085500000, 0x0000000085600000, 0x0000000085600000|100%| S|CS|TAMS 0x0000000085500000, 0x0000000085500000| Complete 
|  50|0x0000000085600000, 0x0000000085700000, 0x0000000085700000|100%| S|CS|TAMS 0x0000000085600000, 0x0000000085600000| Complete 
|  51|0x0000000085700000, 0x0000000085700000, 0x0000000085800000|  0%| F|  |TAMS 0x0000000085700000, 0x0000000085700000| Untracked 
|  52|0x0000000085800000, 0x0000000085800000, 0x0000000085900000|  0%| F|  |TAMS 0x0000000085800000, 0x0000000085800000| Untracked 
|  53|0x0000000085900000, 0x0000000085900000, 0x0000000085a00000|  0%| F|  |TAMS 0x0000000085900000, 0x0000000085900000| Untracked 
|  54|0x0000000085a00000, 0x0000000085a00000, 0x0000000085b00000|  0%| F|  |TAMS 0x0000000085a00000, 0x0000000085a00000| Untracked 
|  55|0x0000000085b00000, 0x0000000085b00000, 0x0000000085c00000|  0%| F|  |TAMS 0x0000000085b00000, 0x0000000085b00000| Untracked 
|  56|0x0000000085c00000, 0x0000000085c00000, 0x0000000085d00000|  0%| F|  |TAMS 0x0000000085c00000, 0x0000000085c00000| Untracked 
|  57|0x0000000085d00000, 0x0000000085d00000, 0x0000000085e00000|  0%| F|  |TAMS 0x0000000085d00000, 0x0000000085d00000| Untracked 
|  58|0x0000000085e00000, 0x0000000085e00000, 0x0000000085f00000|  0%| F|  |TAMS 0x0000000085e00000, 0x0000000085e00000| Untracked 
|  59|0x0000000085f00000, 0x0000000085f00000, 0x0000000086000000|  0%| F|  |TAMS 0x0000000085f00000, 0x0000000085f00000| Untracked 
|  60|0x0000000086000000, 0x0000000086000000, 0x0000000086100000|  0%| F|  |TAMS 0x0000000086000000, 0x0000000086000000| Untracked 
|  61|0x0000000086100000, 0x0000000086100000, 0x0000000086200000|  0%| F|  |TAMS 0x0000000086100000, 0x0000000086100000| Untracked 
|  62|0x0000000086200000, 0x0000000086200000, 0x0000000086300000|  0%| F|  |TAMS 0x0000000086200000, 0x0000000086200000| Untracked 
|  63|0x0000000086300000, 0x0000000086300000, 0x0000000086400000|  0%| F|  |TAMS 0x0000000086300000, 0x0000000086300000| Untracked 
|  64|0x0000000086400000, 0x0000000086400000, 0x0000000086500000|  0%| F|  |TAMS 0x0000000086400000, 0x0000000086400000| Untracked 
|  65|0x0000000086500000, 0x0000000086500000, 0x0000000086600000|  0%| F|  |TAMS 0x0000000086500000, 0x0000000086500000| Untracked 
|  66|0x0000000086600000, 0x0000000086600000, 0x0000000086700000|  0%| F|  |TAMS 0x0000000086600000, 0x0000000086600000| Untracked 
|  67|0x0000000086700000, 0x0000000086700000, 0x0000000086800000|  0%| F|  |TAMS 0x0000000086700000, 0x0000000086700000| Untracked 
|  68|0x0000000086800000, 0x0000000086800000, 0x0000000086900000|  0%| F|  |TAMS 0x0000000086800000, 0x0000000086800000| Untracked 
|  69|0x0000000086900000, 0x0000000086900000, 0x0000000086a00000|  0%| F|  |TAMS 0x0000000086900000, 0x0000000086900000| Untracked 
|  70|0x0000000086a00000, 0x0000000086a00000, 0x0000000086b00000|  0%| F|  |TAMS 0x0000000086a00000, 0x0000000086a00000| Untracked 
|  71|0x0000000086b00000, 0x0000000086b00000, 0x0000000086c00000|  0%| F|  |TAMS 0x0000000086b00000, 0x0000000086b00000| Untracked 
|  72|0x0000000086c00000, 0x0000000086c00000, 0x0000000086d00000|  0%| F|  |TAMS 0x0000000086c00000, 0x0000000086c00000| Untracked 
|  73|0x0000000086d00000, 0x0000000086d00000, 0x0000000086e00000|  0%| F|  |TAMS 0x0000000086d00000, 0x0000000086d00000| Untracked 
|  74|0x0000000086e00000, 0x0000000086e00000, 0x0000000086f00000|  0%| F|  |TAMS 0x0000000086e00000, 0x0000000086e00000| Untracked 
|  75|0x0000000086f00000, 0x0000000086f00000, 0x0000000087000000|  0%| F|  |TAMS 0x0000000086f00000, 0x0000000086f00000| Untracked 
|  76|0x0000000087000000, 0x0000000087000000, 0x0000000087100000|  0%| F|  |TAMS 0x0000000087000000, 0x0000000087000000| Untracked 
|  77|0x0000000087100000, 0x0000000087100000, 0x0000000087200000|  0%| F|  |TAMS 0x0000000087100000, 0x0000000087100000| Untracked 
|  78|0x0000000087200000, 0x0000000087200000, 0x0000000087300000|  0%| F|  |TAMS 0x0000000087200000, 0x0000000087200000| Untracked 
|  79|0x0000000087300000, 0x0000000087300000, 0x0000000087400000|  0%| F|  |TAMS 0x0000000087300000, 0x0000000087300000| Untracked 
|  80|0x0000000087400000, 0x0000000087400000, 0x0000000087500000|  0%| F|  |TAMS 0x0000000087400000, 0x0000000087400000| Untracked 
|  81|0x0000000087500000, 0x0000000087500000, 0x0000000087600000|  0%| F|  |TAMS 0x0000000087500000, 0x0000000087500000| Untracked 
|  82|0x0000000087600000, 0x0000000087600000, 0x0000000087700000|  0%| F|  |TAMS 0x0000000087600000, 0x0000000087600000| Untracked 
|  83|0x0000000087700000, 0x0000000087700000, 0x0000000087800000|  0%| F|  |TAMS 0x0000000087700000, 0x0000000087700000| Untracked 
|  84|0x0000000087800000, 0x0000000087800000, 0x0000000087900000|  0%| F|  |TAMS 0x0000000087800000, 0x0000000087800000| Untracked 
|  85|0x0000000087900000, 0x0000000087900000, 0x0000000087a00000|  0%| F|  |TAMS 0x0000000087900000, 0x0000000087900000| Untracked 
|  86|0x0000000087a00000, 0x0000000087a00000, 0x0000000087b00000|  0%| F|  |TAMS 0x0000000087a00000, 0x0000000087a00000| Untracked 
|  87|0x0000000087b00000, 0x0000000087b00000, 0x0000000087c00000|  0%| F|  |TAMS 0x0000000087b00000, 0x0000000087b00000| Untracked 
|  88|0x0000000087c00000, 0x0000000087c00000, 0x0000000087d00000|  0%| F|  |TAMS 0x0000000087c00000, 0x0000000087c00000| Untracked 
|  89|0x0000000087d00000, 0x0000000087d00000, 0x0000000087e00000|  0%| F|  |TAMS 0x0000000087d00000, 0x0000000087d00000| Untracked 
|  90|0x0000000087e00000, 0x0000000087e00000, 0x0000000087f00000|  0%| F|  |TAMS 0x0000000087e00000, 0x0000000087e00000| Untracked 
|  91|0x0000000087f00000, 0x0000000087f00000, 0x0000000088000000|  0%| F|  |TAMS 0x0000000087f00000, 0x0000000087f00000| Untracked 
|  92|0x0000000088000000, 0x0000000088000000, 0x0000000088100000|  0%| F|  |TAMS 0x0000000088000000, 0x0000000088000000| Untracked 
|  93|0x0000000088100000, 0x0000000088100000, 0x0000000088200000|  0%| F|  |TAMS 0x0000000088100000, 0x0000000088100000| Untracked 
|  94|0x0000000088200000, 0x0000000088200000, 0x0000000088300000|  0%| F|  |TAMS 0x0000000088200000, 0x0000000088200000| Untracked 
|  95|0x0000000088300000, 0x0000000088300000, 0x0000000088400000|  0%| F|  |TAMS 0x0000000088300000, 0x0000000088300000| Untracked 
|  96|0x0000000088400000, 0x0000000088400000, 0x0000000088500000|  0%| F|  |TAMS 0x0000000088400000, 0x0000000088400000| Untracked 
|  97|0x0000000088500000, 0x0000000088500000, 0x0000000088600000|  0%| F|  |TAMS 0x0000000088500000, 0x0000000088500000| Untracked 
|  98|0x0000000088600000, 0x0000000088600000, 0x0000000088700000|  0%| F|  |TAMS 0x0000000088600000, 0x0000000088600000| Untracked 
|  99|0x0000000088700000, 0x0000000088700000, 0x0000000088800000|  0%| F|  |TAMS 0x0000000088700000, 0x0000000088700000| Untracked 
| 100|0x0000000088800000, 0x0000000088800000, 0x0000000088900000|  0%| F|  |TAMS 0x0000000088800000, 0x0000000088800000| Untracked 
| 101|0x0000000088900000, 0x0000000088900000, 0x0000000088a00000|  0%| F|  |TAMS 0x0000000088900000, 0x0000000088900000| Untracked 
| 102|0x0000000088a00000, 0x0000000088a00000, 0x0000000088b00000|  0%| F|  |TAMS 0x0000000088a00000, 0x0000000088a00000| Untracked 
| 103|0x0000000088b00000, 0x0000000088b00000, 0x0000000088c00000|  0%| F|  |TAMS 0x0000000088b00000, 0x0000000088b00000| Untracked 
| 104|0x0000000088c00000, 0x0000000088c00000, 0x0000000088d00000|  0%| F|  |TAMS 0x0000000088c00000, 0x0000000088c00000| Untracked 
| 105|0x0000000088d00000, 0x0000000088d00000, 0x0000000088e00000|  0%| F|  |TAMS 0x0000000088d00000, 0x0000000088d00000| Untracked 
| 106|0x0000000088e00000, 0x0000000088e00000, 0x0000000088f00000|  0%| F|  |TAMS 0x0000000088e00000, 0x0000000088e00000| Untracked 
| 107|0x0000000088f00000, 0x0000000088f00000, 0x0000000089000000|  0%| F|  |TAMS 0x0000000088f00000, 0x0000000088f00000| Untracked 
| 108|0x0000000089000000, 0x0000000089000000, 0x0000000089100000|  0%| F|  |TAMS 0x0000000089000000, 0x0000000089000000| Untracked 
| 109|0x0000000089100000, 0x0000000089100000, 0x0000000089200000|  0%| F|  |TAMS 0x0000000089100000, 0x0000000089100000| Untracked 
| 110|0x0000000089200000, 0x0000000089200000, 0x0000000089300000|  0%| F|  |TAMS 0x0000000089200000, 0x0000000089200000| Untracked 
| 111|0x0000000089300000, 0x0000000089300000, 0x0000000089400000|  0%| F|  |TAMS 0x0000000089300000, 0x0000000089300000| Untracked 
| 112|0x0000000089400000, 0x0000000089400000, 0x0000000089500000|  0%| F|  |TAMS 0x0000000089400000, 0x0000000089400000| Untracked 
| 113|0x0000000089500000, 0x0000000089500000, 0x0000000089600000|  0%| F|  |TAMS 0x0000000089500000, 0x0000000089500000| Untracked 
| 114|0x0000000089600000, 0x0000000089600000, 0x0000000089700000|  0%| F|  |TAMS 0x0000000089600000, 0x0000000089600000| Untracked 
| 115|0x0000000089700000, 0x0000000089700000, 0x0000000089800000|  0%| F|  |TAMS 0x0000000089700000, 0x0000000089700000| Untracked 
| 116|0x0000000089800000, 0x0000000089800000, 0x0000000089900000|  0%| F|  |TAMS 0x0000000089800000, 0x0000000089800000| Untracked 
| 117|0x0000000089900000, 0x0000000089900000, 0x0000000089a00000|  0%| F|  |TAMS 0x0000000089900000, 0x0000000089900000| Untracked 
| 118|0x0000000089a00000, 0x0000000089a00000, 0x0000000089b00000|  0%| F|  |TAMS 0x0000000089a00000, 0x0000000089a00000| Untracked 
| 119|0x0000000089b00000, 0x0000000089b00000, 0x0000000089c00000|  0%| F|  |TAMS 0x0000000089b00000, 0x0000000089b00000| Untracked 
| 120|0x0000000089c00000, 0x0000000089c00000, 0x0000000089d00000|  0%| F|  |TAMS 0x0000000089c00000, 0x0000000089c00000| Untracked 
| 121|0x0000000089d00000, 0x0000000089d00000, 0x0000000089e00000|  0%| F|  |TAMS 0x0000000089d00000, 0x0000000089d00000| Untracked 
| 122|0x0000000089e00000, 0x0000000089e00000, 0x0000000089f00000|  0%| F|  |TAMS 0x0000000089e00000, 0x0000000089e00000| Untracked 
| 123|0x0000000089f00000, 0x0000000089f00000, 0x000000008a000000|  0%| F|  |TAMS 0x0000000089f00000, 0x0000000089f00000| Untracked 
| 124|0x000000008a000000, 0x000000008a000000, 0x000000008a100000|  0%| F|  |TAMS 0x000000008a000000, 0x000000008a000000| Untracked 
| 125|0x000000008a100000, 0x000000008a100000, 0x000000008a200000|  0%| F|  |TAMS 0x000000008a100000, 0x000000008a100000| Untracked 

Card table byte_map: [0x0000020a7ed00000,0x0000020a7f0f0000] _byte_map_base: 0x0000020a7e8ee000

Marking Bits (Prev, Next): (CMBitMap*) 0x0000020a67f51ef8, (CMBitMap*) 0x0000020a67f51f30
 Prev Bits: [0x0000020a00000000, 0x0000020a01f70000)
 Next Bits: [0x0000020a01f70000, 0x0000020a03ee0000)

Polling page: 0x0000020a65f00000

Metaspace:

Usage:
  Non-class:     15.99 MB capacity,    15.77 MB ( 99%) used,   185.71 KB (  1%) free+waste,    40.94 KB ( <1%) overhead. 
      Class:      1.50 MB capacity,     1.36 MB ( 90%) used,   127.26 KB (  8%) free+waste,    19.50 KB (  1%) overhead. 
       Both:     17.50 MB capacity,    17.13 MB ( 98%) used,   312.97 KB (  2%) free+waste,    60.44 KB ( <1%) overhead. 

Virtual space:
  Non-class space:       18.00 MB reserved,      16.25 MB ( 90%) committed 
      Class space:        1.00 GB reserved,       1.62 MB ( <1%) committed 
             Both:        1.02 GB reserved,      17.88 MB (  2%) committed 

Chunk freelists:
   Non-Class:  9.12 KB
       Class:  3.38 KB
        Both:  12.50 KB

CodeHeap 'non-profiled nmethods': size=120000Kb used=877Kb max_used=877Kb free=119122Kb
 bounds [0x0000020a770a0000, 0x0000020a77310000, 0x0000020a7e5d0000]
CodeHeap 'profiled nmethods': size=120000Kb used=3380Kb max_used=3380Kb free=116619Kb
 bounds [0x0000020a6fb70000, 0x0000020a6fec0000, 0x0000020a770a0000]
CodeHeap 'non-nmethods': size=5760Kb used=1521Kb max_used=1521Kb free=4238Kb
 bounds [0x0000020a6f5d0000, 0x0000020a6f840000, 0x0000020a6fb70000]
 total_blobs=2615 nmethods=1638 adapters=888
 compilation: enabled
              stopped_count=0, restarted_count=0
 full_count=0

Compilation events (10 events):
Event: 3.099 Thread 0x0000020a0e26d000 1614       4       sun.nio.fs.WindowsPathParser::normalize (233 bytes)
Event: 3.106 Thread 0x0000020a066fb800 1640       3       java.util.concurrent.ConcurrentHashMap$EntryIterator::next (5 bytes)
Event: 3.106 Thread 0x0000020a066fb800 nmethod 1640 0x0000020a6feb9e10 code [0x0000020a6feb9fc0, 0x0000020a6feba0e8]
Event: 3.106 Thread 0x0000020a066fb800 1641       3       java.util.concurrent.ConcurrentHashMap$EntryIterator::next (51 bytes)
Event: 3.106 Thread 0x0000020a066fb800 nmethod 1641 0x0000020a6feba190 code [0x0000020a6feba380, 0x0000020a6feba878]
Event: 3.107 Thread 0x0000020a066fb800 1643   !   3       jdk.internal.loader.BuiltinClassLoader::findResource (154 bytes)
Event: 3.109 Thread 0x0000020a066fb800 nmethod 1643 0x0000020a6febaa10 code [0x0000020a6febad60, 0x0000020a6febc148]
Event: 3.109 Thread 0x0000020a066fb800 1645   !   3       jdk.internal.module.ModuleReferences$SafeCloseModuleReader::find (55 bytes)
Event: 3.110 Thread 0x0000020a066fb800 nmethod 1645 0x0000020a6febc910 code [0x0000020a6febcb00, 0x0000020a6febd068]
Event: 3.110 Thread 0x0000020a066fb800 1646       3       jdk.internal.module.ModuleReferences$JarModuleReader::implFind (113 bytes)

GC Heap History (10 events):
Event: 2.189 GC heap after
{Heap after GC invocations=7 (full 0):
 garbage-first heap   total 129024K, used 7461K [0x0000000082400000, 0x0000000100000000)
  region size 1024K, 4 young (4096K), 4 survivors (4096K)
 Metaspace       used 13013K, capacity 13396K, committed 13568K, reserved 1060864K
  class space    used 1347K, capacity 1508K, committed 1536K, reserved 1048576K
}
Event: 2.292 GC heap before
{Heap before GC invocations=7 (full 0):
 garbage-first heap   total 129024K, used 80165K [0x0000000082400000, 0x0000000100000000)
  region size 1024K, 75 young (76800K), 4 survivors (4096K)
 Metaspace       used 13024K, capacity 13396K, committed 13568K, reserved 1060864K
  class space    used 1347K, capacity 1508K, committed 1536K, reserved 1048576K
}
Event: 2.293 GC heap after
{Heap after GC invocations=8 (full 0):
 garbage-first heap   total 129024K, used 7548K [0x0000000082400000, 0x0000000100000000)
  region size 1024K, 4 young (4096K), 4 survivors (4096K)
 Metaspace       used 13024K, capacity 13396K, committed 13568K, reserved 1060864K
  class space    used 1347K, capacity 1508K, committed 1536K, reserved 1048576K
}
Event: 2.394 GC heap before
{Heap before GC invocations=8 (full 0):
 garbage-first heap   total 129024K, used 80252K [0x0000000082400000, 0x0000000100000000)
  region size 1024K, 75 young (76800K), 4 survivors (4096K)
 Metaspace       used 13029K, capacity 13396K, committed 13568K, reserved 1060864K
  class space    used 1347K, capacity 1508K, committed 1536K, reserved 1048576K
}
Event: 2.396 GC heap after
{Heap after GC invocations=9 (full 0):
 garbage-first heap   total 129024K, used 7438K [0x0000000082400000, 0x0000000100000000)
  region size 1024K, 4 young (4096K), 4 survivors (4096K)
 Metaspace       used 13029K, capacity 13396K, committed 13568K, reserved 1060864K
  class space    used 1347K, capacity 1508K, committed 1536K, reserved 1048576K
}
Event: 2.554 GC heap before
{Heap before GC invocations=9 (full 0):
 garbage-first heap   total 129024K, used 80142K [0x0000000082400000, 0x0000000100000000)
  region size 1024K, 75 young (76800K), 4 survivors (4096K)
 Metaspace       used 13052K, capacity 13460K, committed 13568K, reserved 1060864K
  class space    used 1347K, capacity 1508K, committed 1536K, reserved 1048576K
}
Event: 2.556 GC heap after
{Heap after GC invocations=10 (full 0):
 garbage-first heap   total 129024K, used 7584K [0x0000000082400000, 0x0000000100000000)
  region size 1024K, 4 young (4096K), 4 survivors (4096K)
 Metaspace       used 13052K, capacity 13460K, committed 13568K, reserved 1060864K
  class space    used 1347K, capacity 1508K, committed 1536K, reserved 1048576K
}
Event: 2.721 GC heap before
{Heap before GC invocations=10 (full 0):
 garbage-first heap   total 129024K, used 80288K [0x0000000082400000, 0x0000000100000000)
  region size 1024K, 75 young (76800K), 4 survivors (4096K)
 Metaspace       used 13052K, capacity 13460K, committed 13568K, reserved 1060864K
  class space    used 1347K, capacity 1508K, committed 1536K, reserved 1048576K
}
Event: 2.723 GC heap after
{Heap after GC invocations=11 (full 0):
 garbage-first heap   total 129024K, used 7416K [0x0000000082400000, 0x0000000100000000)
  region size 1024K, 4 young (4096K), 4 survivors (4096K)
 Metaspace       used 13052K, capacity 13460K, committed 13568K, reserved 1060864K
  class space    used 1347K, capacity 1508K, committed 1536K, reserved 1048576K
}
Event: 3.111 GC heap before
{Heap before GC invocations=11 (full 0):
 garbage-first heap   total 129024K, used 86264K [0x0000000082400000, 0x0000000100000000)
  region size 1024K, 75 young (76800K), 4 survivors (4096K)
 Metaspace       used 17542K, capacity 17916K, committed 18304K, reserved 1067008K
  class space    used 1394K, capacity 1541K, committed 1664K, reserved 1048576K
}

Deoptimization events (10 events):
Event: 2.913 Thread 0x0000020a068c3000 Uncommon trap: reason=unstable_if action=reinterpret pc=0x0000020a77159fe4 method=jdk.internal.loader.URLClassPath.getLoader(I)Ljdk/internal/loader/URLClassPath$Loader; @ 19 c2
Event: 2.916 Thread 0x0000020a068c3000 Uncommon trap: reason=unstable_if action=reinterpret pc=0x0000020a7712fe28 method=jdk.internal.loader.URLClassPath.getLoader(I)Ljdk/internal/loader/URLClassPath$Loader; @ 19 c2
Event: 2.918 Thread 0x0000020a068c3000 Uncommon trap: reason=unstable_if action=reinterpret pc=0x0000020a7713ce90 method=java.io.WinNTFileSystem.normalize(Ljava/lang/String;)Ljava/lang/String; @ 128 c2
Event: 2.919 Thread 0x0000020a068c3000 Uncommon trap: reason=unstable_if action=reinterpret pc=0x0000020a77135930 method=java.io.WinNTFileSystem.normalize(Ljava/lang/String;)Ljava/lang/String; @ 128 c2
Event: 2.924 Thread 0x0000020a068c3000 Uncommon trap: reason=bimorphic_or_optimized_type_check action=maybe_recompile pc=0x0000020a7710b15c method=java.util.HashMap.getNode(ILjava/lang/Object;)Ljava/util/HashMap$Node; @ 126 c2
Event: 2.926 Thread 0x0000020a068c3000 Uncommon trap: reason=unstable_if action=reinterpret pc=0x0000020a771540d8 method=java.lang.StringLatin1.compareToCI([B[B)I @ 31 c2
Event: 2.936 Thread 0x0000020a068c3000 Uncommon trap: reason=unstable_if action=reinterpret pc=0x0000020a771564d4 method=java.lang.String.replace(Ljava/lang/CharSequence;Ljava/lang/CharSequence;)Ljava/lang/String; @ 24 c2
Event: 2.944 Thread 0x0000020a068c3000 Uncommon trap: reason=unstable_if action=reinterpret pc=0x0000020a7712eb70 method=jdk.internal.loader.URLClassPath.getLoader(I)Ljdk/internal/loader/URLClassPath$Loader; @ 19 c2
Event: 2.966 Thread 0x0000020a068c3000 Uncommon trap: reason=intrinsic_or_type_checked_inlining action=make_not_entrant pc=0x0000020a7716ed00 method=java.util.ArrayList.toArray([Ljava/lang/Object;)[Ljava/lang/Object; @ 36 c2
Event: 3.034 Thread 0x0000020a068c3000 Uncommon trap: reason=unstable_if action=reinterpret pc=0x0000020a77130aa0 method=java.lang.String.indexOf([BBILjava/lang/String;I)I @ 21 c2

Classes redefined (0 events):
No events

Internal exceptions (10 events):
Event: 0.983 Thread 0x0000020a068c3000 Exception <a 'java/lang/NoSuchMethodError'{0x0000000089b100c0}: java.lang.invoke.DirectMethodHandle$Holder.invokeStatic(Ljava/lang/Object;Ljava/lang/Object;Ljava/lang/Object;Ljava/lang/Object;Ljava/lang/Object;Ljava/lang/Object;Ljava/lang/Object;Ljava/lan
Event: 0.985 Thread 0x0000020a068c3000 Exception <a 'java/lang/NoSuchMethodError'{0x0000000089b1de20}: java.lang.invoke.DirectMethodHandle$Holder.invokeStatic(Ljava/lang/Object;Ljava/lang/Object;Ljava/lang/Object;Ljava/lang/Object;Ljava/lang/Object;Ljava/lang/Object;Ljava/lang/Object;Ljava/lan
Event: 0.987 Thread 0x0000020a068c3000 Exception <a 'java/lang/NoSuchMethodError'{0x0000000089b2ba88}: java.lang.invoke.DirectMethodHandle$Holder.invokeSpecial(Ljava/lang/Object;Ljava/lang/Object;IILjava/lang/Object;Ljava/lang/Object;Ljava/lang/Object;)Ljava/lang/Object;> (0x0000000089b2ba88) 
Event: 0.987 Thread 0x0000020a068c3000 Exception <a 'java/lang/NoSuchMethodError'{0x0000000089b2f010}: java.lang.invoke.DelegatingMethodHandle$Holder.reinvoke_L(Ljava/lang/Object;IILjava/lang/Object;Ljava/lang/Object;Ljava/lang/Object;)Ljava/lang/Object;> (0x0000000089b2f010) thrown at [./open
Event: 0.988 Thread 0x0000020a068c3000 Exception <a 'java/lang/NoSuchMethodError'{0x0000000089b33198}: java.lang.invoke.DirectMethodHandle$Holder.invokeStatic(Ljava/lang/Object;Ljava/lang/Object;Ljava/lang/Object;Ljava/lang/Object;I)Ljava/lang/Object;> (0x0000000089b33198) thrown at [./open/sr
Event: 1.123 Thread 0x0000020a068c3000 Exception <a 'java/lang/NoSuchMethodError'{0x0000000089999c48}: java.lang.invoke.DirectMethodHandle$Holder.invokeStaticInit(Ljava/lang/Object;Ljava/lang/Object;Ljava/lang/Object;Ljava/lang/Object;)I> (0x0000000089999c48) thrown at [./open/src/hotspot/shar
Event: 1.125 Thread 0x0000020a068c3000 Exception <a 'java/lang/IncompatibleClassChangeError'{0x00000000899a2f70}: Found class java.lang.Object, but interface was expected> (0x00000000899a2f70) thrown at [./open/src/hotspot/share/interpreter/linkResolver.cpp, line 838]
Event: 1.126 Thread 0x0000020a068c3000 Exception <a 'java/lang/NoSuchMethodError'{0x00000000899a5da0}: java.lang.invoke.DirectMethodHandle$Holder.invokeStaticInit(Ljava/lang/Object;Ljava/lang/Object;)V> (0x00000000899a5da0) thrown at [./open/src/hotspot/share/interpreter/linkResolver.cpp, line
Event: 1.127 Thread 0x0000020a068c3000 Exception <a 'java/lang/NoSuchMethodError'{0x00000000899ab018}: java.lang.invoke.DirectMethodHandle$Holder.invokeStaticInit(Ljava/lang/Object;Ljava/lang/Object;)I> (0x00000000899ab018) thrown at [./open/src/hotspot/share/interpreter/linkResolver.cpp, line
Event: 2.928 Thread 0x0000020a068c3000 Exception <a 'sun/nio/fs/WindowsException'{0x0000000087acef68}> (0x0000000087acef68) thrown at [./open/src/hotspot/share/prims/jni.cpp, line 611]

Events (10 events):
Event: 3.096 loading class org/bytedeco/openblas/global/openblas$LAPACK_S_SELECT3 done
Event: 3.096 loading class org/bytedeco/openblas/global/openblas$LAPACK_S_SELECT2
Event: 3.096 loading class org/bytedeco/openblas/global/openblas$LAPACK_S_SELECT2 done
Event: 3.097 loading class org/bytedeco/opencv/global/opencv_core
Event: 3.097 loading class org/bytedeco/opencv/global/opencv_core done
Event: 3.102 loading class org/bytedeco/opencv/helper/opencv_core
Event: 3.102 loading class org/bytedeco/opencv/helper/opencv_core done
Event: 3.104 loading class org/bytedeco/opencv/opencv_core/CvArrArray
Event: 3.104 loading class org/bytedeco/opencv/opencv_core/CvArrArray done
Event: 3.111 Executing VM operation: G1CollectForAllocation


Dynamic libraries:
0x00007ff6344a0000 - 0x00007ff6344b0000 	C:\Program Files\Java\jdk-11\bin\java.exe
0x00007ff916d10000 - 0x00007ff916f08000 	C:\WINDOWS\SYSTEM32\ntdll.dll
0x00007ff9160b0000 - 0x00007ff916172000 	C:\WINDOWS\System32\KERNEL32.DLL
0x00007ff9145d0000 - 0x00007ff9148c6000 	C:\WINDOWS\System32\KERNELBASE.dll
0x00007ff914420000 - 0x00007ff914520000 	C:\WINDOWS\System32\ucrtbase.dll
0x00007ff910150000 - 0x00007ff91016b000 	C:\Program Files\Java\jdk-11\bin\VCRUNTIME140.dll
0x00007ff906250000 - 0x00007ff906269000 	C:\Program Files\Java\jdk-11\bin\jli.dll
0x00007ff916450000 - 0x00007ff9164ff000 	C:\WINDOWS\System32\ADVAPI32.dll
0x00007ff915ff0000 - 0x00007ff91608e000 	C:\WINDOWS\System32\msvcrt.dll
0x00007ff914fd0000 - 0x00007ff91506f000 	C:\WINDOWS\System32\sechost.dll
0x00007ff916190000 - 0x00007ff9162b3000 	C:\WINDOWS\System32\RPCRT4.dll
0x00007ff914920000 - 0x00007ff914947000 	C:\WINDOWS\System32\bcrypt.dll
0x00007ff916560000 - 0x00007ff9166fd000 	C:\WINDOWS\System32\USER32.dll
0x00007ff904a40000 - 0x00007ff904cda000 	C:\WINDOWS\WinSxS\amd64_microsoft.windows.common-controls_6595b64144ccf1df_6.0.19041.4355_none_60b8b9eb71f62e16\COMCTL32.dll
0x00007ff914a80000 - 0x00007ff914aa2000 	C:\WINDOWS\System32\win32u.dll
0x00007ff915ed0000 - 0x00007ff915efb000 	C:\WINDOWS\System32\GDI32.dll
0x00007ff914ab0000 - 0x00007ff914bca000 	C:\WINDOWS\System32\gdi32full.dll
0x00007ff9149e0000 - 0x00007ff914a7d000 	C:\WINDOWS\System32\msvcp_win.dll
0x00007ff90bb80000 - 0x00007ff90bb8a000 	C:\WINDOWS\SYSTEM32\VERSION.dll
0x00007ff914f90000 - 0x00007ff914fbf000 	C:\WINDOWS\System32\IMM32.DLL
0x00007ff90fb20000 - 0x00007ff90fb2c000 	C:\Program Files\Java\jdk-11\bin\vcruntime140_1.dll
0x00007ff8fe930000 - 0x00007ff8fe9be000 	C:\Program Files\Java\jdk-11\bin\msvcp140.dll
0x00007ff8d9290000 - 0x00007ff8d9dfc000 	C:\Program Files\Java\jdk-11\bin\server\jvm.dll
0x00007ff914fc0000 - 0x00007ff914fc8000 	C:\WINDOWS\System32\PSAPI.DLL
0x00007ff910b00000 - 0x00007ff910b09000 	C:\WINDOWS\SYSTEM32\WSOCK32.dll
0x00007ff90cec0000 - 0x00007ff90cee7000 	C:\WINDOWS\SYSTEM32\WINMM.dll
0x00007ff915f00000 - 0x00007ff915f6b000 	C:\WINDOWS\System32\WS2_32.dll
0x00007ff912bc0000 - 0x00007ff912bd2000 	C:\WINDOWS\SYSTEM32\kernel.appcore.dll
0x00007ff90fa80000 - 0x00007ff90fa90000 	C:\Program Files\Java\jdk-11\bin\verify.dll
0x00007ff911ff0000 - 0x00007ff9121d4000 	C:\WINDOWS\SYSTEM32\DBGHELP.DLL
0x00007ff90b7f0000 - 0x00007ff90b824000 	C:\WINDOWS\SYSTEM32\dbgcore.DLL
0x00007ff914950000 - 0x00007ff9149d2000 	C:\WINDOWS\System32\bcryptPrimitives.dll
0x00007ff90c820000 - 0x00007ff90c848000 	C:\Program Files\Java\jdk-11\bin\java.dll
0x00007ff90f780000 - 0x00007ff90f78a000 	C:\Program Files\Java\jdk-11\bin\jimage.dll
0x00007ff90f290000 - 0x00007ff90f2a7000 	C:\Program Files\Java\jdk-11\bin\zip.dll
0x00007ff915180000 - 0x00007ff9158ef000 	C:\WINDOWS\System32\SHELL32.dll
0x00007ff9121e0000 - 0x00007ff912983000 	C:\WINDOWS\SYSTEM32\windows.storage.dll
0x00007ff9158f0000 - 0x00007ff915c45000 	C:\WINDOWS\System32\combase.dll
0x00007ff913d60000 - 0x00007ff913d8b000 	C:\WINDOWS\SYSTEM32\Wldp.dll
0x00007ff915c50000 - 0x00007ff915d1d000 	C:\WINDOWS\System32\OLEAUT32.dll
0x00007ff9150d0000 - 0x00007ff91517d000 	C:\WINDOWS\System32\SHCORE.dll
0x00007ff915070000 - 0x00007ff9150c5000 	C:\WINDOWS\System32\shlwapi.dll
0x00007ff9142d0000 - 0x00007ff9142f5000 	C:\WINDOWS\SYSTEM32\profapi.dll
0x00007ff90c630000 - 0x00007ff90c649000 	C:\Program Files\Java\jdk-11\bin\net.dll
0x00007ff90be60000 - 0x00007ff90bf6a000 	C:\WINDOWS\SYSTEM32\WINHTTP.dll
0x00007ff913a60000 - 0x00007ff913acc000 	C:\WINDOWS\system32\mswsock.dll
0x00007ff90c500000 - 0x00007ff90c512000 	C:\Program Files\Java\jdk-11\bin\nio.dll
0x0000020a083c0000 - 0x0000020a083c3000 	C:\Users\ljcab\Downloads\javafx-sdk-11.0.2\bin\api-ms-win-core-console-l1-1-0.dll
0x0000020a083d0000 - 0x0000020a083d3000 	C:\Users\ljcab\Downloads\javafx-sdk-11.0.2\bin\api-ms-win-core-datetime-l1-1-0.dll
0x0000020a083e0000 - 0x0000020a083e3000 	C:\Users\ljcab\Downloads\javafx-sdk-11.0.2\bin\api-ms-win-core-debug-l1-1-0.dll
0x0000020a083f0000 - 0x0000020a083f3000 	C:\Users\ljcab\Downloads\javafx-sdk-11.0.2\bin\api-ms-win-core-errorhandling-l1-1-0.dll
0x0000020a08400000 - 0x0000020a08404000 	C:\Users\ljcab\Downloads\javafx-sdk-11.0.2\bin\api-ms-win-core-file-l1-1-0.dll
0x0000020a08410000 - 0x0000020a08413000 	C:\Users\ljcab\Downloads\javafx-sdk-11.0.2\bin\api-ms-win-core-file-l1-2-0.dll
0x0000020a08420000 - 0x0000020a08423000 	C:\Users\ljcab\Downloads\javafx-sdk-11.0.2\bin\api-ms-win-core-file-l2-1-0.dll
0x0000020a08430000 - 0x0000020a08433000 	C:\Users\ljcab\Downloads\javafx-sdk-11.0.2\bin\api-ms-win-core-handle-l1-1-0.dll
0x0000020a08440000 - 0x0000020a08443000 	C:\Users\ljcab\Downloads\javafx-sdk-11.0.2\bin\api-ms-win-core-heap-l1-1-0.dll
0x0000020a08450000 - 0x0000020a08453000 	C:\Users\ljcab\Downloads\javafx-sdk-11.0.2\bin\api-ms-win-core-interlocked-l1-1-0.dll
0x0000020a08460000 - 0x0000020a08463000 	C:\Users\ljcab\Downloads\javafx-sdk-11.0.2\bin\api-ms-win-core-libraryloader-l1-1-0.dll
0x0000020a08470000 - 0x0000020a08473000 	C:\Users\ljcab\Downloads\javafx-sdk-11.0.2\bin\api-ms-win-core-localization-l1-2-0.dll
0x0000020a08480000 - 0x0000020a08483000 	C:\Users\ljcab\Downloads\javafx-sdk-11.0.2\bin\api-ms-win-core-memory-l1-1-0.dll
0x0000020a08490000 - 0x0000020a08493000 	C:\Users\ljcab\Downloads\javafx-sdk-11.0.2\bin\api-ms-win-core-namedpipe-l1-1-0.dll
0x0000020a084a0000 - 0x0000020a084a3000 	C:\Users\ljcab\Downloads\javafx-sdk-11.0.2\bin\api-ms-win-core-processenvironment-l1-1-0.dll
0x0000020a084b0000 - 0x0000020a084b3000 	C:\Users\ljcab\Downloads\javafx-sdk-11.0.2\bin\api-ms-win-core-processthreads-l1-1-0.dll
0x0000020a08840000 - 0x0000020a08843000 	C:\Users\ljcab\Downloads\javafx-sdk-11.0.2\bin\api-ms-win-core-processthreads-l1-1-1.dll
0x0000020a08850000 - 0x0000020a08853000 	C:\Users\ljcab\Downloads\javafx-sdk-11.0.2\bin\api-ms-win-core-profile-l1-1-0.dll
0x0000020a08860000 - 0x0000020a08863000 	C:\Users\ljcab\Downloads\javafx-sdk-11.0.2\bin\api-ms-win-core-rtlsupport-l1-1-0.dll
0x0000020a08870000 - 0x0000020a08873000 	C:\Users\ljcab\Downloads\javafx-sdk-11.0.2\bin\api-ms-win-core-string-l1-1-0.dll
0x0000020a08880000 - 0x0000020a08883000 	C:\Users\ljcab\Downloads\javafx-sdk-11.0.2\bin\api-ms-win-core-synch-l1-1-0.dll
0x0000020a08890000 - 0x0000020a08893000 	C:\Users\ljcab\Downloads\javafx-sdk-11.0.2\bin\api-ms-win-core-synch-l1-2-0.dll
0x0000020a088a0000 - 0x0000020a088a3000 	C:\Users\ljcab\Downloads\javafx-sdk-11.0.2\bin\api-ms-win-core-sysinfo-l1-1-0.dll
0x0000020a088b0000 - 0x0000020a088b3000 	C:\Users\ljcab\Downloads\javafx-sdk-11.0.2\bin\api-ms-win-core-timezone-l1-1-0.dll
0x0000020a088c0000 - 0x0000020a088c3000 	C:\Users\ljcab\Downloads\javafx-sdk-11.0.2\bin\api-ms-win-core-util-l1-1-0.dll
0x0000020a084c0000 - 0x0000020a084c3000 	C:\Users\ljcab\Downloads\javafx-sdk-11.0.2\bin\api-ms-win-crt-conio-l1-1-0.dll
0x0000020a084d0000 - 0x0000020a084d4000 	C:\Users\ljcab\Downloads\javafx-sdk-11.0.2\bin\api-ms-win-crt-convert-l1-1-0.dll
0x0000020a084e0000 - 0x0000020a084e3000 	C:\Users\ljcab\Downloads\javafx-sdk-11.0.2\bin\api-ms-win-crt-environment-l1-1-0.dll
0x0000020a084f0000 - 0x0000020a084f3000 	C:\Users\ljcab\Downloads\javafx-sdk-11.0.2\bin\api-ms-win-crt-filesystem-l1-1-0.dll
0x0000020a08500000 - 0x0000020a08503000 	C:\Users\ljcab\Downloads\javafx-sdk-11.0.2\bin\api-ms-win-crt-heap-l1-1-0.dll
0x0000020a08510000 - 0x0000020a08513000 	C:\Users\ljcab\Downloads\javafx-sdk-11.0.2\bin\api-ms-win-crt-locale-l1-1-0.dll
0x0000020a08520000 - 0x0000020a08525000 	C:\Users\ljcab\Downloads\javafx-sdk-11.0.2\bin\api-ms-win-crt-math-l1-1-0.dll
0x0000020a08530000 - 0x0000020a08535000 	C:\Users\ljcab\Downloads\javafx-sdk-11.0.2\bin\api-ms-win-crt-multibyte-l1-1-0.dll
0x0000020a08540000 - 0x0000020a08550000 	C:\Users\ljcab\Downloads\javafx-sdk-11.0.2\bin\api-ms-win-crt-private-l1-1-0.dll
0x0000020a08550000 - 0x0000020a08553000 	C:\Users\ljcab\Downloads\javafx-sdk-11.0.2\bin\api-ms-win-crt-process-l1-1-0.dll
0x0000020a08560000 - 0x0000020a08564000 	C:\Users\ljcab\Downloads\javafx-sdk-11.0.2\bin\api-ms-win-crt-runtime-l1-1-0.dll
0x0000020a08570000 - 0x0000020a08574000 	C:\Users\ljcab\Downloads\javafx-sdk-11.0.2\bin\api-ms-win-crt-stdio-l1-1-0.dll
0x0000020a08580000 - 0x0000020a08584000 	C:\Users\ljcab\Downloads\javafx-sdk-11.0.2\bin\api-ms-win-crt-string-l1-1-0.dll
0x0000020a08590000 - 0x0000020a08593000 	C:\Users\ljcab\Downloads\javafx-sdk-11.0.2\bin\api-ms-win-crt-time-l1-1-0.dll
0x0000020a085a0000 - 0x0000020a085a3000 	C:\Users\ljcab\Downloads\javafx-sdk-11.0.2\bin\api-ms-win-crt-utility-l1-1-0.dll
0x00007ff8f1440000 - 0x00007ff8f153a000 	C:\Users\ljcab\Downloads\javafx-sdk-11.0.2\bin\ucrtbase.dll
0x00007ff905140000 - 0x00007ff905156000 	C:\Users\ljcab\Downloads\javafx-sdk-11.0.2\bin\vcruntime140.dll
0x00007ff8fd0e0000 - 0x00007ff8fd186000 	C:\Users\ljcab\Downloads\javafx-sdk-11.0.2\bin\msvcp140.dll
0x00007ff8f83b0000 - 0x00007ff8f8401000 	C:\Users\ljcab\Downloads\javafx-sdk-11.0.2\bin\concrt140.dll
0x00007ff905110000 - 0x00007ff905133000 	C:\Users\ljcab\Downloads\javafx-sdk-11.0.2\bin\prism_d3d.dll
0x00007ff905420000 - 0x00007ff9055f1000 	C:\WINDOWS\system32\d3d9.dll
0x00007ff911b70000 - 0x00007ff911b9f000 	C:\WINDOWS\SYSTEM32\dwmapi.dll
0x00007ff911860000 - 0x00007ff9118fe000 	C:\WINDOWS\system32\uxtheme.dll
0x00007ff8dbaa0000 - 0x00007ff8dbc03000 	C:\WINDOWS\System32\DriverStore\FileRepository\iigd_dch.inf_amd64_e9b40d45ab4dc6b8\igdumdim64.dll
0x00007ff8cb5c0000 - 0x00007ff8cefc4000 	C:\WINDOWS\System32\DriverStore\FileRepository\iigd_dch.inf_amd64_e9b40d45ab4dc6b8\igd9dxva64.dll
0x00007ff9162c0000 - 0x00007ff9163eb000 	C:\WINDOWS\System32\ole32.dll
0x00007ff916710000 - 0x00007ff916b81000 	C:\WINDOWS\System32\SETUPAPI.dll
0x00007ff9148d0000 - 0x00007ff91491e000 	C:\WINDOWS\System32\cfgmgr32.dll
0x00007ff901170000 - 0x00007ff9013af000 	C:\WINDOWS\System32\DriverStore\FileRepository\iigd_dch.inf_amd64_e9b40d45ab4dc6b8\igdgmm64.dll
0x00007ff9018b0000 - 0x00007ff9018f5000 	C:\Users\ljcab\Downloads\javafx-sdk-11.0.2\bin\glass.dll
0x00007ff916b90000 - 0x00007ff916c6a000 	C:\WINDOWS\System32\COMDLG32.dll
0x00007ff915d20000 - 0x00007ff915e35000 	C:\WINDOWS\System32\MSCTF.dll
0x00007ff8cf080000 - 0x00007ff8cf0a7000 	C:\WINDOWS\System32\DriverStore\FileRepository\iigd_dch.inf_amd64_e9b40d45ab4dc6b8\igdinfo64.dll
0x00007ff8f8410000 - 0x00007ff8fb072000 	C:\WINDOWS\System32\DriverStore\FileRepository\iigd_dch.inf_amd64_e9b40d45ab4dc6b8\igc64.dll
0x00007ff8fd2c0000 - 0x00007ff8fd2fb000 	C:\WINDOWS\SYSTEM32\dxcore.dll
0x00007ff8c2040000 - 0x00007ff8c52b3000 	C:\Users\ljcab\Downloads\facial-attendance-main\native\opencv_java4110.dll
0x00007ff903a10000 - 0x00007ff903bcc000 	C:\WINDOWS\SYSTEM32\MFPlat.DLL
0x00007ff90b620000 - 0x00007ff90b6a5000 	C:\WINDOWS\SYSTEM32\MF.dll
0x00007ff8dfb10000 - 0x00007ff8dfc20000 	C:\WINDOWS\SYSTEM32\MFReadWrite.dll
0x00007ff912c30000 - 0x00007ff912d26000 	C:\WINDOWS\SYSTEM32\dxgi.dll
0x00007ff90e490000 - 0x00007ff90e6f3000 	C:\WINDOWS\SYSTEM32\d3d11.dll
0x00007ff898b50000 - 0x00007ff898fdf000 	C:\WINDOWS\SYSTEM32\MFCORE.DLL
0x00007ff914bd0000 - 0x00007ff914d2d000 	C:\WINDOWS\System32\CRYPT32.dll
0x00007ff913e20000 - 0x00007ff913e6b000 	C:\WINDOWS\SYSTEM32\powrprof.dll
0x00007ff905330000 - 0x00007ff905339000 	C:\WINDOWS\SYSTEM32\ksuser.dll
0x00007ff913cd0000 - 0x00007ff913cdc000 	C:\WINDOWS\SYSTEM32\CRYPTBASE.DLL
0x00007ff90f730000 - 0x00007ff90f764000 	C:\WINDOWS\SYSTEM32\RTWorkQ.DLL
0x00007ff913dd0000 - 0x00007ff913de2000 	C:\WINDOWS\SYSTEM32\UMPDC.dll
0x0000020a086e0000 - 0x0000020a086e4000 	C:\Users\ljcab\.javacpp\cache\javacpp-1.5.7-windows-x86_64.jar\org\bytedeco\javacpp\windows-x86_64\api-ms-win-crt-locale-l1-1-0.dll
0x0000020a08720000 - 0x0000020a08725000 	C:\Users\ljcab\.javacpp\cache\javacpp-1.5.7-windows-x86_64.jar\org\bytedeco\javacpp\windows-x86_64\api-ms-win-crt-string-l1-1-0.dll
0x0000020a08730000 - 0x0000020a08735000 	C:\Users\ljcab\.javacpp\cache\javacpp-1.5.7-windows-x86_64.jar\org\bytedeco\javacpp\windows-x86_64\api-ms-win-crt-stdio-l1-1-0.dll
0x0000020a08740000 - 0x0000020a08746000 	C:\Users\ljcab\.javacpp\cache\javacpp-1.5.7-windows-x86_64.jar\org\bytedeco\javacpp\windows-x86_64\api-ms-win-crt-math-l1-1-0.dll
0x0000020a08750000 - 0x0000020a08754000 	C:\Users\ljcab\.javacpp\cache\javacpp-1.5.7-windows-x86_64.jar\org\bytedeco\javacpp\windows-x86_64\api-ms-win-crt-heap-l1-1-0.dll
0x0000020a08760000 - 0x0000020a08765000 	C:\Users\ljcab\.javacpp\cache\javacpp-1.5.7-windows-x86_64.jar\org\bytedeco\javacpp\windows-x86_64\api-ms-win-crt-runtime-l1-1-0.dll
0x0000020a08770000 - 0x0000020a08775000 	C:\Users\ljcab\.javacpp\cache\javacpp-1.5.7-windows-x86_64.jar\org\bytedeco\javacpp\windows-x86_64\api-ms-win-crt-convert-l1-1-0.dll
0x0000020a08780000 - 0x0000020a08784000 	C:\Users\ljcab\.javacpp\cache\javacpp-1.5.7-windows-x86_64.jar\org\bytedeco\javacpp\windows-x86_64\api-ms-win-crt-environment-l1-1-0.dll

dbghelp: loaded successfully - version: 4.0.5 - missing functions: none
symbol engine: initialized successfully - sym options: 0x614 - pdb path: .;C:\Program Files\Java\jdk-11\bin;C:\WINDOWS\SYSTEM32;C:\WINDOWS\WinSxS\amd64_microsoft.windows.common-controls_6595b64144ccf1df_6.0.19041.4355_none_60b8b9eb71f62e16;C:\Program Files\Java\jdk-11\bin\server;C:\Users\ljcab\Downloads\javafx-sdk-11.0.2\bin;C:\WINDOWS\System32\DriverStore\FileRepository\iigd_dch.inf_amd64_e9b40d45ab4dc6b8;C:\Users\ljcab\Downloads\facial-attendance-main\native;C:\Users\ljcab\.javacpp\cache\javacpp-1.5.7-windows-x86_64.jar\org\bytedeco\javacpp\windows-x86_64;C:\Users\ljcab\.javacpp\cache\openblas-0.3.17-1.5.6-windows-x86_64.jar\org\bytedeco\openblas\windows-x86_64

VM Arguments:
jvm_args: --module-path=C:\Users\ljcab\Downloads\javafx-sdk-11.0.2\lib --add-modules=javafx.controls,javafx.fxml 
java_command: application.Main -cp libs/mysql-connector-java-8.0.13.jar
java_class_path (initial): C:\Users\ljcab\OneDrive\Documents\NetBeansProjects\facial-attendance-main\target\classes;C:\Users\ljcab\.m2\repository\org\openjfx\javafx-controls\19\javafx-controls-19.jar;C:\Users\ljcab\.m2\repository\org\openjfx\javafx-controls\19\javafx-controls-19-win.jar;C:\Users\ljcab\.m2\repository\org\openjfx\javafx-graphics\19\javafx-graphics-19.jar;C:\Users\ljcab\.m2\repository\org\openjfx\javafx-graphics\19\javafx-graphics-19-win.jar;C:\Users\ljcab\.m2\repository\org\openjfx\javafx-base\19\javafx-base-19.jar;C:\Users\ljcab\.m2\repository\org\openjfx\javafx-base\19\javafx-base-19-win.jar;C:\Users\ljcab\.m2\repository\org\openjfx\javafx-fxml\19\javafx-fxml-19.jar;C:\Users\ljcab\.m2\repository\org\openjfx\javafx-fxml\19\javafx-fxml-19-win.jar;C:\Users\ljcab\.m2\repository\org\openjfx\javafx-swing\19\javafx-swing-19.jar;C:\Users\ljcab\.m2\repository\org\openjfx\javafx-swing\19\javafx-swing-19-win.jar;C:\Users\ljcab\.m2\repository\org\bytedeco\javacv-platform\1.5.6\javacv-platform-1.5.6.jar;C:\Users\ljcab\.m2\repository\org\bytedeco\javacv\1.5.6\javacv-1.5.6.jar;C:\Users\ljcab\.m2\repository\org\bytedeco\javacpp\1.5.6\javacpp-1.5.6.jar;C:\Users\ljcab\.m2\repository\org\bytedeco\openblas\0.3.17-1.5.6\openblas-0.3.17-1.5.6.jar;C:\Users\ljcab\.m2\repository\org\bytedeco\ffmpeg\4.4-1.5.6\ffmpeg-4.4-1.5.6.jar;C:\Users\ljcab\.m2\repository\org\bytedeco\flycapture\2.13.3.31-1.5.6\flycapture-2.13.3.31-1.5.6.jar;C:\Users\ljcab\.m2\repository\org\bytedeco\libdc1394\2.2.6-1.5.6\libdc1394-2.2.6-1.5.6.jar;C:\Users\ljcab\.m2\repository\org\bytedeco\libfreenect\0.5.7-1.5.6\libfreenect-0.5.7-1.5.6.jar;C:\Users\ljcab\.m2\repository\org\bytedeco\libfreenect2\0.2.0-1.5.6\libfreenect2-0.2.0-1.5.6.jar;C:\Users\ljcab\.m2\repository\org\bytedeco\librealsense\1.12.4-1.5.6\librealsense-1.12.4-1.5.6.jar;C:\Users\ljcab\.m2\repository\org\bytedeco\librealsense2\2.44.0-1.5.6\librealsense2-2.44.0-1.5.6.jar;C:\Users\ljcab\.m2\repository\org\bytedeco\videoinput\0.200-1.5.6\video
Launcher Type: SUN_STANDARD

[Global flags]
     intx CICompilerCount                          = 4                                         {product} {ergonomic}
     uint ConcGCThreads                            = 2                                         {product} {ergonomic}
     uint G1ConcRefinementThreads                  = 8                                         {product} {ergonomic}
   size_t G1HeapRegionSize                         = 1048576                                   {product} {ergonomic}
    uintx GCDrainStackTargetSize                   = 64                                        {product} {ergonomic}
   size_t InitialHeapSize                          = 132120576                                 {product} {ergonomic}
   size_t MarkStackSize                            = 4194304                                   {product} {ergonomic}
   size_t MaxHeapSize                              = 2109734912                                {product} {ergonomic}
   size_t MaxNewSize                               = 1265631232                                {product} {ergonomic}
   size_t MinHeapDeltaBytes                        = 1048576                                   {product} {ergonomic}
    uintx NonNMethodCodeHeapSize                   = 5836300                                {pd product} {ergonomic}
    uintx NonProfiledCodeHeapSize                  = 122910970                              {pd product} {ergonomic}
    uintx ProfiledCodeHeapSize                     = 122910970                              {pd product} {ergonomic}
    uintx ReservedCodeCacheSize                    = 251658240                              {pd product} {ergonomic}
     bool SegmentedCodeCache                       = true                                      {product} {ergonomic}
     bool UseCompressedClassPointers               = true                                 {lp64_product} {ergonomic}
     bool UseCompressedOops                        = true                                 {lp64_product} {ergonomic}
     bool UseG1GC                                  = true                                      {product} {ergonomic}
     bool UseLargePagesIndividualAllocation        = false                                  {pd product} {ergonomic}

Logging:
Log output configuration:
 #0: stdout all=warning uptime,level,tags
 #1: stderr all=off uptime,level,tags

Environment Variables:
JAVA_HOME=C:\Program Files\Java\jdk-11
PATH=C:\Program Files\Java\jdk-11\bin;C:\Program Files\Common Files\Oracle\Java\javapath;C:\WINDOWS\system32;C:\WINDOWS;C:\WINDOWS\System32\Wbem;C:\WINDOWS\System32\WindowsPowerShell\v1.0\;C:\WINDOWS\System32\OpenSSH\;C:\Program Files\NetBeans-25\netbeans\java\maven\bin;C:\Users\ljcab\Downloads\netbeans-15-bin\netbeans\java\maven\bin;C:\Program Files\Java\jdk-11\bin;C:\Program Files\nodejs\;C:\Users\ljcab\AppData\Local\Programs\Python\Python313\Scripts\;C:\Users\ljcab\AppData\Local\Programs\Python\Python313\;C:\Users\ljcab\AppData\Local\Programs\Python\Launcher\;C:\Users\ljcab\AppData\Local\Microsoft\WindowsApps;C:\Users\ljcab\AppData\Local\Programs\Microsoft VS Code\bin;C:\Users\ljcab\AppData\Local\Programs\cursor\resources\app\bin;C:\Users\ljcab\AppData\Roaming\npm
USERNAME=ljcab
OS=Windows_NT
PROCESSOR_IDENTIFIER=Intel64 Family 6 Model 142 Stepping 11, GenuineIntel



---------------  S Y S T E M  ---------------

OS: Windows 10 , 64 bit Build 19041 (10.0.19041.5678)

CPU:total 8 (initial active 8) (4 cores per cpu, 2 threads per core) family 6 model 142 stepping 11 microcode 0xde, cmov, cx8, fxsr, mmx, sse, sse2, sse3, ssse3, sse4.1, sse4.2, popcnt, avx, avx2, aes, clmul, erms, 3dnowpref, lzcnt, ht, tsc, tscinvbit, bmi1, bmi2, adx, fma

Memory: 4k page, system-wide physical 8043M (1067M free)
TotalPageFile size 32619M (AvailPageFile size 26M)
current process WorkingSet (physical memory assigned to process): 204M, peak: 204M
current process commit charge ("private bytes"): 1690M, peak: 1815M

vm_info: Java HotSpot(TM) 64-Bit Server VM (11.0.19+9-LTS-224) for windows-amd64 JRE (11.0.19+9-LTS-224), built on Mar 27 2023 08:48:55 by "mach5one" with MS VC++ 17.1 (VS2022)

END.
