#
# There is insufficient memory for the Java Runtime Environment to continue.
# Native memory allocation (malloc) failed to allocate 1653184 bytes. Error detail: Chunk::new
# Possible reasons:
#   The system is out of physical RAM or swap space
#   This process is running with CompressedOops enabled, and the Java Heap may be blocking the growth of the native heap
# Possible solutions:
#   Reduce memory load on the system
#   Increase physical memory or swap space
#   Check if swap backing store is full
#   Decrease Java heap size (-Xmx/-Xms)
#   Decrease number of Java threads
#   Decrease Java thread stack sizes (-Xss)
#   Set larger code cache with -XX:ReservedCodeCacheSize=
#   JVM is running with Unscaled Compressed Oops mode in which the Java heap is
#     placed in the first 4GB address space. The Java Heap base address is the
#     maximum limit for the native heap growth. Please use -XX:HeapBaseMinAddress
#     to set the Java Heap base and to place the Java Heap above 4GB virtual address.
# This output file may be truncated or incomplete.
#
#  Out of Memory Error (arena.cpp:168), pid=3280, tid=8052
#
# JRE version: OpenJDK Runtime Environment Temurin-21.0.7+6 (21.0.7+6) (build 21.0.7+6-LTS)
# Java VM: OpenJDK 64-Bit Server VM Temurin-21.0.7+6 (21.0.7+6-LTS, mixed mode, sharing, tiered, compressed oops, compressed class ptrs, parallel gc, windows-amd64)
# No core dump will be written. Minidumps are not enabled by default on client versions of Windows
#

---------------  S U M M A R Y ------------

Command Line: --add-modules=ALL-SYSTEM --add-opens=java.base/java.util=ALL-UNNAMED --add-opens=java.base/java.lang=ALL-UNNAMED --add-opens=java.base/sun.nio.fs=ALL-UNNAMED -Declipse.application=org.eclipse.jdt.ls.core.id1 -Dosgi.bundles.defaultStartLevel=4 -Declipse.product=org.eclipse.jdt.ls.core.product -Djava.import.generatesMetadataFilesAtProjectRoot=false -DDetectVMInstallationsJob.disabled=true -Dfile.encoding=utf8 -XX:+UseParallelGC -XX:GCTimeRatio=4 -XX:AdaptiveSizePolicyWeight=90 -Dsun.zip.disableMemoryMapping=true -Xmx1G -Xms100m -Xlog:disable -javaagent:c:\Users\ljcab\.vscode\extensions\redhat.java-1.42.0-win32-x64\lombok\lombok-1.18.36.jar -XX:+HeapDumpOnOutOfMemoryError -XX:HeapDumpPath=c:\Users\ljcab\AppData\Roaming\Code\User\workspaceStorage\15541f14e0019d554cb3f2e8d53c4e06\redhat.java -Daether.dependencyCollector.impl=bf c:\Users\ljcab\.vscode\extensions\redhat.java-1.42.0-win32-x64\server\plugins\org.eclipse.equinox.launcher_1.7.0.v20250424-1814.jar -configuration c:\Users\ljcab\AppData\Roaming\Code\User\globalStorage\redhat.java\1.42.0\config_win -data c:\Users\ljcab\AppData\Roaming\Code\User\workspaceStorage\15541f14e0019d554cb3f2e8d53c4e06\redhat.java\jdt_ws --pipe=\\.\pipe\lsp-779dbf1a8031dce6144c8582934d2d76-sock

Host: Intel(R) Core(TM) i7-8565U CPU @ 1.80GHz, 8 cores, 7G,  Windows 10 , 64 bit Build 19041 (10.0.19041.5678)
Time: Sat May 17 23:22:33 2025 Malay Peninsula Standard Time elapsed time: 50.485791 seconds (0d 0h 0m 50s)

---------------  T H R E A D  ---------------

Current thread (0x00000251a9c4ae40):  JavaThread "C2 CompilerThread0" daemon [_thread_in_native, id=8052, stack(0x000000606fc00000,0x000000606fd00000) (1024K)]


Current CompileTask:
C2:50485 13198       4       org.eclipse.jdt.internal.compiler.parser.Parser::consumeRule (7748 bytes)

Stack: [0x000000606fc00000,0x000000606fd00000]
Native frames: (J=compiled Java code, j=interpreted, Vv=VM code, C=native code)
V  [jvm.dll+0x6ce119]
V  [jvm.dll+0x8a84a1]
V  [jvm.dll+0x8aa9ce]
V  [jvm.dll+0x8ab0b3]
V  [jvm.dll+0x27f8a6]
V  [jvm.dll+0xc507d]
V  [jvm.dll+0xc55b3]
V  [jvm.dll+0x3b692c]
V  [jvm.dll+0x382aa5]
V  [jvm.dll+0x381f0a]
V  [jvm.dll+0x247af0]
V  [jvm.dll+0x2470cf]
V  [jvm.dll+0x1c760e]
V  [jvm.dll+0x25695a]
V  [jvm.dll+0x254efa]
V  [jvm.dll+0x3f03f6]
V  [jvm.dll+0x851f6b]
V  [jvm.dll+0x6cc7dd]
C  [ucrtbase.dll+0x21bb2]
C  [KERNEL32.DLL+0x17374]
C  [ntdll.dll+0x4cc91]


---------------  P R O C E S S  ---------------

Threads class SMR info:
_java_thread_list=0x00000251f4208eb0, length=68, elements={
0x000002519588fbd0, 0x00000251a9c3ca80, 0x00000251a9c3ee00, 0x00000251a9c40700,
0x00000251a9c41890, 0x00000251a9c43650, 0x00000251a9c460b0, 0x00000251a9c4ae40,
0x00000251ec69f340, 0x00000251958fc330, 0x00000251ec95a410, 0x00000251f141d910,
0x00000251ec9c48b0, 0x00000251f14b9240, 0x00000251f155b410, 0x00000251f18834c0,
0x00000251f2285010, 0x00000251f1cc6530, 0x00000251f1cc7250, 0x00000251f1cc7f70,
0x00000251f1cc8c90, 0x00000251f1cc78e0, 0x00000251f1cc9320, 0x00000251f1cc6bc0,
0x00000251f1cc8600, 0x00000251f1cc99b0, 0x00000251f4141520, 0x00000251f413d380,
0x00000251f4140800, 0x00000251f413fae0, 0x00000251f413ccf0, 0x00000251f413e730,
0x00000251f41428d0, 0x00000251f4141bb0, 0x00000251f4140e90, 0x00000251f4142240,
0x00000251f4142f60, 0x00000251f41435f0, 0x00000251f413da10, 0x00000251f413e0a0,
0x00000251f4143c80, 0x00000251f4140170, 0x00000251f413edc0, 0x00000251f413f450,
0x00000251f35fe280, 0x00000251f35fdbf0, 0x00000251f35fc1b0, 0x00000251f3601700,
0x00000251f35fc840, 0x00000251f35ffcc0, 0x00000251f35fced0, 0x00000251f36009e0,
0x00000251f35fd560, 0x00000251f35ff630, 0x00000251f35fb490, 0x00000251f3602ab0,
0x00000251f35fbb20, 0x00000251f3601070, 0x00000251f35fe910, 0x00000251f3600350,
0x00000251f35fefa0, 0x00000251ec682ea0, 0x00000251ec681af0, 0x00000251ec680dd0,
0x00000251ec683530, 0x00000251ec681460, 0x00000251f47a5050, 0x00000251f47a5720
}

Java Threads: ( => current thread )
  0x000002519588fbd0 JavaThread "main"                              [_thread_blocked, id=9444, stack(0x000000606f200000,0x000000606f300000) (1024K)]
  0x00000251a9c3ca80 JavaThread "Reference Handler"          daemon [_thread_blocked, id=5380, stack(0x000000606f600000,0x000000606f700000) (1024K)]
  0x00000251a9c3ee00 JavaThread "Finalizer"                  daemon [_thread_blocked, id=6696, stack(0x000000606f700000,0x000000606f800000) (1024K)]
  0x00000251a9c40700 JavaThread "Signal Dispatcher"          daemon [_thread_blocked, id=6532, stack(0x000000606f800000,0x000000606f900000) (1024K)]
  0x00000251a9c41890 JavaThread "Attach Listener"            daemon [_thread_blocked, id=9912, stack(0x000000606f900000,0x000000606fa00000) (1024K)]
  0x00000251a9c43650 JavaThread "Service Thread"             daemon [_thread_blocked, id=996, stack(0x000000606fa00000,0x000000606fb00000) (1024K)]
  0x00000251a9c460b0 JavaThread "Monitor Deflation Thread"   daemon [_thread_blocked, id=4536, stack(0x000000606fb00000,0x000000606fc00000) (1024K)]
=>0x00000251a9c4ae40 JavaThread "C2 CompilerThread0"         daemon [_thread_in_native, id=8052, stack(0x000000606fc00000,0x000000606fd00000) (1024K)]
  0x00000251ec69f340 JavaThread "C1 CompilerThread0"         daemon [_thread_blocked, id=16048, stack(0x000000606fd00000,0x000000606fe00000) (1024K)]
  0x00000251958fc330 JavaThread "Common-Cleaner"             daemon [_thread_blocked, id=9992, stack(0x000000606fe00000,0x000000606ff00000) (1024K)]
  0x00000251ec95a410 JavaThread "Notification Thread"        daemon [_thread_blocked, id=5676, stack(0x000000606ff00000,0x0000006070000000) (1024K)]
  0x00000251f141d910 JavaThread "Active Thread: Equinox Container: 4343a2bd-0e24-4d07-afac-6face9fd43a4"        [_thread_blocked, id=9516, stack(0x0000006070800000,0x0000006070900000) (1024K)]
  0x00000251ec9c48b0 JavaThread "Refresh Thread: Equinox Container: 4343a2bd-0e24-4d07-afac-6face9fd43a4" daemon [_thread_blocked, id=3876, stack(0x0000006070100000,0x0000006070200000) (1024K)]
  0x00000251f14b9240 JavaThread "Framework Event Dispatcher: Equinox Container: 4343a2bd-0e24-4d07-afac-6face9fd43a4" daemon [_thread_blocked, id=9560, stack(0x0000006070a00000,0x0000006070b00000) (1024K)]
  0x00000251f155b410 JavaThread "Start Level: Equinox Container: 4343a2bd-0e24-4d07-afac-6face9fd43a4" daemon [_thread_blocked, id=792, stack(0x0000006070b00000,0x0000006070c00000) (1024K)]
  0x00000251f18834c0 JavaThread "Bundle File Closer"         daemon [_thread_blocked, id=13976, stack(0x0000006070d00000,0x0000006070e00000) (1024K)]
  0x00000251f2285010 JavaThread "SCR Component Actor"        daemon [_thread_blocked, id=15084, stack(0x0000006070e00000,0x0000006070f00000) (1024K)]
  0x00000251f1cc6530 JavaThread "Worker-JM"                         [_thread_blocked, id=10964, stack(0x0000006071000000,0x0000006071100000) (1024K)]
  0x00000251f1cc7250 JavaThread "JNA Cleaner"                daemon [_thread_blocked, id=11364, stack(0x0000006071100000,0x0000006071200000) (1024K)]
  0x00000251f1cc7f70 JavaThread "Worker-0"                          [_thread_blocked, id=5752, stack(0x0000006071200000,0x0000006071300000) (1024K)]
  0x00000251f1cc8c90 JavaThread "Worker-1"                          [_thread_blocked, id=9956, stack(0x0000006071300000,0x0000006071400000) (1024K)]
  0x00000251f1cc78e0 JavaThread "Java indexing"              daemon [_thread_blocked, id=10140, stack(0x0000006071400000,0x0000006071500000) (1024K)]
  0x00000251f1cc9320 JavaThread "Worker-2: Java indexing... "        [_thread_blocked, id=6996, stack(0x0000006071700000,0x0000006071800000) (1024K)]
  0x00000251f1cc6bc0 JavaThread "Worker-3"                          [_thread_blocked, id=13236, stack(0x0000006071800000,0x0000006071900000) (1024K)]
  0x00000251f1cc8600 JavaThread "Worker-4"                          [_thread_blocked, id=11268, stack(0x0000006071900000,0x0000006071a00000) (1024K)]
  0x00000251f1cc99b0 JavaThread "Thread-2"                   daemon [_thread_in_native, id=14164, stack(0x0000006071a00000,0x0000006071b00000) (1024K)]
  0x00000251f4141520 JavaThread "Thread-3"                   daemon [_thread_in_native, id=10288, stack(0x0000006071b00000,0x0000006071c00000) (1024K)]
  0x00000251f413d380 JavaThread "Thread-4"                   daemon [_thread_in_native, id=14988, stack(0x0000006071c00000,0x0000006071d00000) (1024K)]
  0x00000251f4140800 JavaThread "Thread-5"                   daemon [_thread_in_native, id=544, stack(0x0000006071d00000,0x0000006071e00000) (1024K)]
  0x00000251f413fae0 JavaThread "Thread-6"                   daemon [_thread_in_native, id=14720, stack(0x0000006071e00000,0x0000006071f00000) (1024K)]
  0x00000251f413ccf0 JavaThread "Thread-7"                   daemon [_thread_in_native, id=16364, stack(0x0000006071f00000,0x0000006072000000) (1024K)]
  0x00000251f413e730 JavaThread "Thread-8"                   daemon [_thread_in_native, id=15096, stack(0x0000006072000000,0x0000006072100000) (1024K)]
  0x00000251f41428d0 JavaThread "Thread-9"                   daemon [_thread_in_native, id=3728, stack(0x0000006072100000,0x0000006072200000) (1024K)]
  0x00000251f4141bb0 JavaThread "Thread-10"                  daemon [_thread_in_native, id=3408, stack(0x0000006072200000,0x0000006072300000) (1024K)]
  0x00000251f4140e90 JavaThread "pool-2-thread-1"                   [_thread_blocked, id=1492, stack(0x0000006072300000,0x0000006072400000) (1024K)]
  0x00000251f4142240 JavaThread "WorkspaceEventsHandler"            [_thread_blocked, id=8720, stack(0x0000006072400000,0x0000006072500000) (1024K)]
  0x00000251f4142f60 JavaThread "pool-1-thread-1"                   [_thread_blocked, id=8548, stack(0x0000006072500000,0x0000006072600000) (1024K)]
  0x00000251f41435f0 JavaThread "Worker-5"                          [_thread_blocked, id=8248, stack(0x0000006072600000,0x0000006072700000) (1024K)]
  0x00000251f413da10 JavaThread "Worker-6"                          [_thread_blocked, id=1604, stack(0x0000006072700000,0x0000006072800000) (1024K)]
  0x00000251f413e0a0 JavaThread "Worker-7"                          [_thread_blocked, id=10956, stack(0x0000006072800000,0x0000006072900000) (1024K)]
  0x00000251f4143c80 JavaThread "Worker-8"                          [_thread_blocked, id=4724, stack(0x0000006072900000,0x0000006072a00000) (1024K)]
  0x00000251f4140170 JavaThread "LocalFile Deleter"          daemon [_thread_blocked, id=16376, stack(0x0000006070f00000,0x0000006071000000) (1024K)]
  0x00000251f413edc0 JavaThread "LocalFile Deleter"          daemon [_thread_blocked, id=14664, stack(0x0000006072a00000,0x0000006072b00000) (1024K)]
  0x00000251f413f450 JavaThread "LocalFile Deleter"          daemon [_thread_blocked, id=15860, stack(0x0000006072b00000,0x0000006072c00000) (1024K)]
  0x00000251f35fe280 JavaThread "LocalFile Deleter"          daemon [_thread_blocked, id=6676, stack(0x0000006072c00000,0x0000006072d00000) (1024K)]
  0x00000251f35fdbf0 JavaThread "LocalFile Deleter"          daemon [_thread_blocked, id=6700, stack(0x0000006072d00000,0x0000006072e00000) (1024K)]
  0x00000251f35fc1b0 JavaThread "Compiler Source File Reader" daemon [_thread_blocked, id=7628, stack(0x0000006072e00000,0x0000006072f00000) (1024K)]
  0x00000251f3601700 JavaThread "Compiler Source File Reader" daemon [_thread_blocked, id=10208, stack(0x0000006072f00000,0x0000006073000000) (1024K)]
  0x00000251f35fc840 JavaThread "Compiler Source File Reader" daemon [_thread_blocked, id=7316, stack(0x0000006073000000,0x0000006073100000) (1024K)]
  0x00000251f35ffcc0 JavaThread "Compiler Source File Reader" daemon [_thread_blocked, id=16088, stack(0x0000006073100000,0x0000006073200000) (1024K)]
  0x00000251f35fced0 JavaThread "Compiler Source File Reader" daemon [_thread_blocked, id=12160, stack(0x0000006073200000,0x0000006073300000) (1024K)]
  0x00000251f36009e0 JavaThread "Compiler Source File Reader" daemon [_thread_blocked, id=4712, stack(0x0000006073300000,0x0000006073400000) (1024K)]
  0x00000251f35fd560 JavaThread "Compiler Processing Task"   daemon [_thread_blocked, id=2516, stack(0x0000006073400000,0x0000006073500000) (1024K)]
  0x00000251f35ff630 JavaThread "Compiler Class File Writer" daemon [_thread_blocked, id=8240, stack(0x0000006073500000,0x0000006073600000) (1024K)]
  0x00000251f35fb490 JavaThread "Compiler Class File Writer" daemon [_thread_blocked, id=14528, stack(0x0000006073600000,0x0000006073700000) (1024K)]
  0x00000251f3602ab0 JavaThread "Compiler Class File Writer" daemon [_thread_blocked, id=10636, stack(0x0000006073700000,0x0000006073800000) (1024K)]
  0x00000251f35fbb20 JavaThread "Compiler Class File Writer" daemon [_thread_blocked, id=1612, stack(0x0000006073800000,0x0000006073900000) (1024K)]
  0x00000251f3601070 JavaThread "Compiler Class File Writer" daemon [_thread_blocked, id=9448, stack(0x0000006073900000,0x0000006073a00000) (1024K)]
  0x00000251f35fe910 JavaThread "Compiler Class File Writer" daemon [_thread_blocked, id=8292, stack(0x0000006073a00000,0x0000006073b00000) (1024K)]
  0x00000251f3600350 JavaThread "ForkJoinPool.commonPool-worker-1" daemon [_thread_blocked, id=8040, stack(0x0000006073b00000,0x0000006073c00000) (1024K)]
  0x00000251f35fefa0 JavaThread "ForkJoinPool.commonPool-worker-2" daemon [_thread_blocked, id=6472, stack(0x0000006073c00000,0x0000006073d00000) (1024K)]
  0x00000251ec682ea0 JavaThread "ForkJoinPool.commonPool-worker-3" daemon [_thread_blocked, id=15840, stack(0x0000006073d00000,0x0000006073e00000) (1024K)]
  0x00000251ec681af0 JavaThread "ForkJoinPool.commonPool-worker-4" daemon [_thread_blocked, id=8696, stack(0x0000006073e00000,0x0000006073f00000) (1024K)]
  0x00000251ec680dd0 JavaThread "ForkJoinPool.commonPool-worker-5" daemon [_thread_blocked, id=1284, stack(0x0000006073f00000,0x0000006074000000) (1024K)]
  0x00000251ec683530 JavaThread "ForkJoinPool.commonPool-worker-6" daemon [_thread_blocked, id=1564, stack(0x0000006074000000,0x0000006074100000) (1024K)]
  0x00000251ec681460 JavaThread "ForkJoinPool.commonPool-worker-7" daemon [_thread_blocked, id=6404, stack(0x0000006074100000,0x0000006074200000) (1024K)]
  0x00000251f47a5050 JavaThread "C2 CompilerThread1"         daemon [_thread_in_native, id=11500, stack(0x0000006070000000,0x0000006070100000) (1024K)]
  0x00000251f47a5720 JavaThread "C2 CompilerThread2"         daemon [_thread_blocked, id=14736, stack(0x0000006070c00000,0x0000006070d00000) (1024K)]
Total: 68

Other Threads:
  0x000002519594d9d0 VMThread "VM Thread"                           [id=9976, stack(0x000000606f500000,0x000000606f600000) (1024K)]
  0x00000251958fb270 WatcherThread "VM Periodic Task Thread"        [id=11532, stack(0x000000606f400000,0x000000606f500000) (1024K)]
  0x00000251958aca00 WorkerThread "GC Thread#0"                     [id=5760, stack(0x000000606f300000,0x000000606f400000) (1024K)]
  0x00000251f17d1820 WorkerThread "GC Thread#1"                     [id=14984, stack(0x0000006070200000,0x0000006070300000) (1024K)]
  0x00000251f100a6b0 WorkerThread "GC Thread#2"                     [id=14468, stack(0x0000006070300000,0x0000006070400000) (1024K)]
  0x00000251f17d1bc0 WorkerThread "GC Thread#3"                     [id=14408, stack(0x0000006070400000,0x0000006070500000) (1024K)]
  0x00000251f157ad70 WorkerThread "GC Thread#4"                     [id=10276, stack(0x0000006070500000,0x0000006070600000) (1024K)]
  0x00000251f157b110 WorkerThread "GC Thread#5"                     [id=7016, stack(0x0000006070600000,0x0000006070700000) (1024K)]
  0x00000251f157b4b0 WorkerThread "GC Thread#6"                     [id=7864, stack(0x0000006070700000,0x0000006070800000) (1024K)]
  0x00000251ec9c4f10 WorkerThread "GC Thread#7"                     [id=11896, stack(0x0000006070900000,0x0000006070a00000) (1024K)]
Total: 10

Threads with active compile tasks:
C2 CompilerThread0  50576 13198       4       org.eclipse.jdt.internal.compiler.parser.Parser::consumeRule (7748 bytes)
C2 CompilerThread1  50576 13085       4       org.eclipse.jdt.internal.core.search.indexing.AbstractIndexer::addMethodDeclaration (105 bytes)
C2 CompilerThread2  50576 13203   !   4       org.eclipse.jdt.internal.compiler.parser.Scanner::getNextToken0 (3064 bytes)
Total: 3

VM state: at safepoint (normal execution)

VM Mutex/Monitor currently owned by a thread:  ([mutex/lock_event])
[0x00007fff8aabe308] Threads_lock - owner thread: 0x000002519594d9d0
[0x00007fff8aabe408] Heap_lock - owner thread: 0x00000251f1cc78e0

Heap address: 0x00000000c0000000, size: 1024 MB, Compressed Oops mode: 32-bit

CDS archive(s) mapped at: [0x00000251aa000000-0x00000251aaba0000-0x00000251aaba0000), size 12189696, SharedBaseAddress: 0x00000251aa000000, ArchiveRelocationMode: 1.
Compressed class space mapped at: 0x00000251ab000000-0x00000251eb000000, reserved size: 1073741824
Narrow klass base: 0x00000251aa000000, Narrow klass shift: 0, Narrow klass range: 0x100000000

GC Precious Log:
 CardTable entry size: 512
 CPUs: 8 total, 8 available
 Memory: 8043M
 Large Page Support: Disabled
 NUMA Support: Disabled
 Compressed Oops: Enabled (32-bit)
 Alignments: Space 512K, Generation 512K, Heap 2M
 Heap Min Capacity: 100M
 Heap Initial Capacity: 100M
 Heap Max Capacity: 1G
 Pre-touch: Disabled
 Parallel Workers: 8

Heap:
 PSYoungGen      total 5632K, used 5624K [0x00000000eab00000, 0x00000000eb200000, 0x0000000100000000)
  eden space 4096K, 100% used [0x00000000eab00000,0x00000000eaf00000,0x00000000eaf00000)
  from space 1536K, 99% used [0x00000000eb080000,0x00000000eb1fe230,0x00000000eb200000)
  to   space 1536K, 98% used [0x00000000eaf00000,0x00000000eb07bda8,0x00000000eb080000)
 ParOldGen       total 301056K, used 300678K [0x00000000c0000000, 0x00000000d2600000, 0x00000000eab00000)
  object space 301056K, 99% used [0x00000000c0000000,0x00000000d25a1980,0x00000000d2600000)
 Metaspace       used 63956K, committed 65536K, reserved 1114112K
  class space    used 6550K, committed 7232K, reserved 1048576K

Card table byte_map: [0x0000025195260000,0x0000025195470000] _byte_map_base: 0x0000025194c60000

Marking Bits: (ParMarkBitMap*) 0x00007fff8aac31f0
 Begin Bits: [0x00000251a7a90000, 0x00000251a8a90000)
 End Bits:   [0x00000251a8a90000, 0x00000251a9a90000)

Polling page: 0x00000251935a0000

Metaspace:

Usage:
  Non-class:     56.06 MB used.
      Class:      6.40 MB used.
       Both:     62.46 MB used.

Virtual space:
  Non-class space:       64.00 MB reserved,      56.94 MB ( 89%) committed,  1 nodes.
      Class space:        1.00 GB reserved,       7.06 MB ( <1%) committed,  1 nodes.
             Both:        1.06 GB reserved,      64.00 MB (  6%) committed. 

Chunk freelists:
   Non-Class:  6.31 MB
       Class:  8.97 MB
        Both:  15.28 MB

MaxMetaspaceSize: unlimited
CompressedClassSpaceSize: 1.00 GB
Initial GC threshold: 21.00 MB
Current GC threshold: 105.94 MB
CDS: on
 - commit_granule_bytes: 65536.
 - commit_granule_words: 8192.
 - virtual_space_node_default_size: 8388608.
 - enlarge_chunks_in_place: 1.
 - use_allocation_guard: 0.


Internal statistics:

num_allocs_failed_limit: 9.
num_arena_births: 1246.
num_arena_deaths: 14.
num_vsnodes_births: 2.
num_vsnodes_deaths: 0.
num_space_committed: 1024.
num_space_uncommitted: 0.
num_chunks_returned_to_freelist: 23.
num_chunks_taken_from_freelist: 4230.
num_chunk_merges: 12.
num_chunk_splits: 2640.
num_chunks_enlarged: 1511.
num_inconsistent_stats: 0.

CodeHeap 'non-profiled nmethods': size=120000Kb used=7496Kb max_used=9228Kb free=112504Kb
 bounds [0x00000251a0560000, 0x00000251a0e70000, 0x00000251a7a90000]
CodeHeap 'profiled nmethods': size=120000Kb used=20033Kb max_used=26274Kb free=99966Kb
 bounds [0x0000025198a90000, 0x000002519a440000, 0x000002519ffc0000]
CodeHeap 'non-nmethods': size=5760Kb used=1431Kb max_used=1523Kb free=4328Kb
 bounds [0x000002519ffc0000, 0x00000251a0230000, 0x00000251a0560000]
 total_blobs=10898 nmethods=10153 adapters=650
 compilation: enabled
              stopped_count=0, restarted_count=0
 full_count=0

Compilation events (20 events):
Event: 50.465 Thread 0x00000251ec69f340 nmethod 13269 0x00000251997ea290 code [0x00000251997ea460, 0x00000251997ea7b8]
Event: 50.465 Thread 0x00000251ec69f340 13264       3       org.eclipse.jdt.internal.core.BinaryModule::getModuleInfo (28 bytes)
Event: 50.466 Thread 0x00000251ec69f340 nmethod 13264 0x000002519965ca90 code [0x000002519965cc40, 0x000002519965cf80]
Event: 50.466 Thread 0x00000251ec69f340 13270       3       org.eclipse.jdt.internal.core.search.matching.JavaSearchNameEnvironment::addModuleClassPathInfo (43 bytes)
Event: 50.466 Thread 0x00000251ec69f340 nmethod 13270 0x00000251998a8b90 code [0x00000251998a8d60, 0x00000251998a90e0]
Event: 50.467 Thread 0x00000251ec69f340 13271       3       org.eclipse.jdt.internal.core.search.matching.JavaSearchNameEnvironment::addClassPathToModule (52 bytes)
Event: 50.471 Thread 0x00000251ec69f340 nmethod 13271 0x0000025198ee7c90 code [0x0000025198ee7ec0, 0x0000025198ee85f8]
Event: 50.471 Thread 0x00000251ec69f340 13247       3       org.eclipse.jdt.internal.compiler.ast.AllocationExpression::<init> (24 bytes)
Event: 50.472 Thread 0x00000251ec69f340 nmethod 13247 0x0000025199760d10 code [0x0000025199760ec0, 0x0000025199761190]
Event: 50.472 Thread 0x00000251ec69f340 13250       1       lombok.eclipse.TransformEclipseAST$AnnotationVisitor::getNextPriority (5 bytes)
Event: 50.472 Thread 0x00000251ec69f340 nmethod 13250 0x00000251a09abc10 code [0x00000251a09abda0, 0x00000251a09abe68]
Event: 50.472 Thread 0x00000251ec69f340 13273       3       org.eclipse.jdt.internal.compiler.lookup.PackageBinding::addNotFoundType (44 bytes)
Event: 50.473 Thread 0x00000251ec69f340 nmethod 13273 0x0000025199ab7f10 code [0x0000025199ab80e0, 0x0000025199ab83a0]
Event: 50.473 Thread 0x00000251ec69f340 13251       1       lombok.eclipse.EclipseAST::isCompleteParse (5 bytes)
Event: 50.473 Thread 0x00000251ec69f340 nmethod 13251 0x00000251a09ab690 code [0x00000251a09ab820, 0x00000251a09ab8f0]
Event: 50.473 Thread 0x00000251ec69f340 13274       3       org.eclipse.jdt.internal.core.search.matching.JavaSearchNameEnvironment::getModulesDeclaringPackage (259 bytes)
Event: 50.476 Thread 0x00000251ec69f340 nmethod 13274 0x00000251994ad110 code [0x00000251994ad5c0, 0x00000251994af750]
Event: 50.476 Thread 0x00000251ec69f340 13284   !   3       org.eclipse.jdt.internal.compiler.lookup.LookupEnvironment::askForType (492 bytes)
Event: 50.481 Thread 0x00000251ec69f340 nmethod 13284 0x0000025199dab890 code [0x0000025199dabce0, 0x0000025199dae3d0]
Event: 50.481 Thread 0x00000251ec69f340 13281       3       org.eclipse.jdt.internal.compiler.lookup.BinaryModuleBinding::cachePartsFrom (312 bytes)

GC Heap History (20 events):
Event: 49.897 GC heap after
{Heap after GC invocations=1093 (full 4):
 PSYoungGen      total 6144K, used 1007K [0x00000000eab00000, 0x00000000eb500000, 0x0000000100000000)
  eden space 5120K, 0% used [0x00000000eab00000,0x00000000eab00000,0x00000000eb000000)
  from space 1024K, 98% used [0x00000000eb300000,0x00000000eb3fbda8,0x00000000eb400000)
  to   space 2560K, 0% used [0x00000000eb000000,0x00000000eb000000,0x00000000eb280000)
 ParOldGen       total 289280K, used 288929K [0x00000000c0000000, 0x00000000d1a80000, 0x00000000eab00000)
  object space 289280K, 99% used [0x00000000c0000000,0x00000000d1a284f8,0x00000000d1a80000)
 Metaspace       used 63785K, committed 65344K, reserved 1114112K
  class space    used 6543K, committed 7232K, reserved 1048576K
}
Event: 49.943 GC heap before
{Heap before GC invocations=1094 (full 4):
 PSYoungGen      total 6144K, used 6127K [0x00000000eab00000, 0x00000000eb500000, 0x0000000100000000)
  eden space 5120K, 100% used [0x00000000eab00000,0x00000000eb000000,0x00000000eb000000)
  from space 1024K, 98% used [0x00000000eb300000,0x00000000eb3fbda8,0x00000000eb400000)
  to   space 2560K, 0% used [0x00000000eb000000,0x00000000eb000000,0x00000000eb280000)
 ParOldGen       total 289280K, used 288929K [0x00000000c0000000, 0x00000000d1a80000, 0x00000000eab00000)
  object space 289280K, 99% used [0x00000000c0000000,0x00000000d1a284f8,0x00000000d1a80000)
 Metaspace       used 63799K, committed 65344K, reserved 1114112K
  class space    used 6544K, committed 7232K, reserved 1048576K
}
Event: 49.948 GC heap after
{Heap after GC invocations=1094 (full 4):
 PSYoungGen      total 6144K, used 896K [0x00000000eab00000, 0x00000000eb380000, 0x0000000100000000)
  eden space 5120K, 0% used [0x00000000eab00000,0x00000000eab00000,0x00000000eb000000)
  from space 1024K, 87% used [0x00000000eb000000,0x00000000eb0e0000,0x00000000eb100000)
  to   space 1536K, 0% used [0x00000000eb200000,0x00000000eb200000,0x00000000eb380000)
 ParOldGen       total 290304K, used 290084K [0x00000000c0000000, 0x00000000d1b80000, 0x00000000eab00000)
  object space 290304K, 99% used [0x00000000c0000000,0x00000000d1b492b8,0x00000000d1b80000)
 Metaspace       used 63799K, committed 65344K, reserved 1114112K
  class space    used 6544K, committed 7232K, reserved 1048576K
}
Event: 50.030 GC heap before
{Heap before GC invocations=1095 (full 4):
 PSYoungGen      total 6144K, used 6016K [0x00000000eab00000, 0x00000000eb380000, 0x0000000100000000)
  eden space 5120K, 100% used [0x00000000eab00000,0x00000000eb000000,0x00000000eb000000)
  from space 1024K, 87% used [0x00000000eb000000,0x00000000eb0e0000,0x00000000eb100000)
  to   space 1536K, 0% used [0x00000000eb200000,0x00000000eb200000,0x00000000eb380000)
 ParOldGen       total 290304K, used 290084K [0x00000000c0000000, 0x00000000d1b80000, 0x00000000eab00000)
  object space 290304K, 99% used [0x00000000c0000000,0x00000000d1b492b8,0x00000000d1b80000)
 Metaspace       used 63822K, committed 65408K, reserved 1114112K
  class space    used 6545K, committed 7232K, reserved 1048576K
}
Event: 50.034 GC heap after
{Heap after GC invocations=1095 (full 4):
 PSYoungGen      total 5632K, used 1515K [0x00000000eab00000, 0x00000000eb600000, 0x0000000100000000)
  eden space 4096K, 0% used [0x00000000eab00000,0x00000000eab00000,0x00000000eaf00000)
  from space 1536K, 98% used [0x00000000eb200000,0x00000000eb37ad78,0x00000000eb380000)
  to   space 3072K, 0% used [0x00000000eaf00000,0x00000000eaf00000,0x00000000eb200000)
 ParOldGen       total 291328K, used 290890K [0x00000000c0000000, 0x00000000d1c80000, 0x00000000eab00000)
  object space 291328K, 99% used [0x00000000c0000000,0x00000000d1c12a28,0x00000000d1c80000)
 Metaspace       used 63822K, committed 65408K, reserved 1114112K
  class space    used 6545K, committed 7232K, reserved 1048576K
}
Event: 50.062 GC heap before
{Heap before GC invocations=1096 (full 4):
 PSYoungGen      total 5632K, used 5611K [0x00000000eab00000, 0x00000000eb600000, 0x0000000100000000)
  eden space 4096K, 100% used [0x00000000eab00000,0x00000000eaf00000,0x00000000eaf00000)
  from space 1536K, 98% used [0x00000000eb200000,0x00000000eb37ad78,0x00000000eb380000)
  to   space 3072K, 0% used [0x00000000eaf00000,0x00000000eaf00000,0x00000000eb200000)
 ParOldGen       total 291328K, used 290890K [0x00000000c0000000, 0x00000000d1c80000, 0x00000000eab00000)
  object space 291328K, 99% used [0x00000000c0000000,0x00000000d1c12a28,0x00000000d1c80000)
 Metaspace       used 63825K, committed 65408K, reserved 1114112K
  class space    used 6545K, committed 7232K, reserved 1048576K
}
Event: 50.067 GC heap after
{Heap after GC invocations=1096 (full 4):
 PSYoungGen      total 6144K, used 1624K [0x00000000eab00000, 0x00000000eb300000, 0x0000000100000000)
  eden space 4096K, 0% used [0x00000000eab00000,0x00000000eab00000,0x00000000eaf00000)
  from space 2048K, 79% used [0x00000000eaf00000,0x00000000eb096230,0x00000000eb100000)
  to   space 2048K, 0% used [0x00000000eb100000,0x00000000eb100000,0x00000000eb300000)
 ParOldGen       total 292864K, used 292405K [0x00000000c0000000, 0x00000000d1e00000, 0x00000000eab00000)
  object space 292864K, 99% used [0x00000000c0000000,0x00000000d1d8d7c0,0x00000000d1e00000)
 Metaspace       used 63825K, committed 65408K, reserved 1114112K
  class space    used 6545K, committed 7232K, reserved 1048576K
}
Event: 50.082 GC heap before
{Heap before GC invocations=1097 (full 4):
 PSYoungGen      total 6144K, used 5720K [0x00000000eab00000, 0x00000000eb300000, 0x0000000100000000)
  eden space 4096K, 100% used [0x00000000eab00000,0x00000000eaf00000,0x00000000eaf00000)
  from space 2048K, 79% used [0x00000000eaf00000,0x00000000eb096230,0x00000000eb100000)
  to   space 2048K, 0% used [0x00000000eb100000,0x00000000eb100000,0x00000000eb300000)
 ParOldGen       total 292864K, used 292405K [0x00000000c0000000, 0x00000000d1e00000, 0x00000000eab00000)
  object space 292864K, 99% used [0x00000000c0000000,0x00000000d1d8d7c0,0x00000000d1e00000)
 Metaspace       used 63825K, committed 65408K, reserved 1114112K
  class space    used 6545K, committed 7232K, reserved 1048576K
}
Event: 50.086 GC heap after
{Heap after GC invocations=1097 (full 4):
 PSYoungGen      total 6144K, used 1696K [0x00000000eab00000, 0x00000000eb300000, 0x0000000100000000)
  eden space 4096K, 0% used [0x00000000eab00000,0x00000000eab00000,0x00000000eaf00000)
  from space 2048K, 82% used [0x00000000eb100000,0x00000000eb2a8000,0x00000000eb300000)
  to   space 2048K, 0% used [0x00000000eaf00000,0x00000000eaf00000,0x00000000eb100000)
 ParOldGen       total 294400K, used 293890K [0x00000000c0000000, 0x00000000d1f80000, 0x00000000eab00000)
  object space 294400K, 99% used [0x00000000c0000000,0x00000000d1f00b40,0x00000000d1f80000)
 Metaspace       used 63825K, committed 65408K, reserved 1114112K
  class space    used 6545K, committed 7232K, reserved 1048576K
}
Event: 50.119 GC heap before
{Heap before GC invocations=1098 (full 4):
 PSYoungGen      total 6144K, used 5792K [0x00000000eab00000, 0x00000000eb300000, 0x0000000100000000)
  eden space 4096K, 100% used [0x00000000eab00000,0x00000000eaf00000,0x00000000eaf00000)
  from space 2048K, 82% used [0x00000000eb100000,0x00000000eb2a8000,0x00000000eb300000)
  to   space 2048K, 0% used [0x00000000eaf00000,0x00000000eaf00000,0x00000000eb100000)
 ParOldGen       total 294400K, used 293890K [0x00000000c0000000, 0x00000000d1f80000, 0x00000000eab00000)
  object space 294400K, 99% used [0x00000000c0000000,0x00000000d1f00b40,0x00000000d1f80000)
 Metaspace       used 63832K, committed 65408K, reserved 1114112K
  class space    used 6546K, committed 7232K, reserved 1048576K
}
Event: 50.123 GC heap after
{Heap after GC invocations=1098 (full 4):
 PSYoungGen      total 5632K, used 1199K [0x00000000eab00000, 0x00000000eb200000, 0x0000000100000000)
  eden space 4096K, 0% used [0x00000000eab00000,0x00000000eab00000,0x00000000eaf00000)
  from space 1536K, 78% used [0x00000000eaf00000,0x00000000eb02bda8,0x00000000eb080000)
  to   space 1536K, 0% used [0x00000000eb080000,0x00000000eb080000,0x00000000eb200000)
 ParOldGen       total 295936K, used 295522K [0x00000000c0000000, 0x00000000d2100000, 0x00000000eab00000)
  object space 295936K, 99% used [0x00000000c0000000,0x00000000d2098b40,0x00000000d2100000)
 Metaspace       used 63832K, committed 65408K, reserved 1114112K
  class space    used 6546K, committed 7232K, reserved 1048576K
}
Event: 50.160 GC heap before
{Heap before GC invocations=1099 (full 4):
 PSYoungGen      total 5632K, used 5295K [0x00000000eab00000, 0x00000000eb200000, 0x0000000100000000)
  eden space 4096K, 100% used [0x00000000eab00000,0x00000000eaf00000,0x00000000eaf00000)
  from space 1536K, 78% used [0x00000000eaf00000,0x00000000eb02bda8,0x00000000eb080000)
  to   space 1536K, 0% used [0x00000000eb080000,0x00000000eb080000,0x00000000eb200000)
 ParOldGen       total 295936K, used 295522K [0x00000000c0000000, 0x00000000d2100000, 0x00000000eab00000)
  object space 295936K, 99% used [0x00000000c0000000,0x00000000d2098b40,0x00000000d2100000)
 Metaspace       used 63843K, committed 65408K, reserved 1114112K
  class space    used 6546K, committed 7232K, reserved 1048576K
}
Event: 50.164 GC heap after
{Heap after GC invocations=1099 (full 4):
 PSYoungGen      total 5120K, used 736K [0x00000000eab00000, 0x00000000eb180000, 0x0000000100000000)
  eden space 4096K, 0% used [0x00000000eab00000,0x00000000eab00000,0x00000000eaf00000)
  from space 1024K, 71% used [0x00000000eb080000,0x00000000eb138000,0x00000000eb180000)
  to   space 1024K, 0% used [0x00000000eaf80000,0x00000000eaf80000,0x00000000eb080000)
 ParOldGen       total 295936K, used 295887K [0x00000000c0000000, 0x00000000d2100000, 0x00000000eab00000)
  object space 295936K, 99% used [0x00000000c0000000,0x00000000d20f3f70,0x00000000d2100000)
 Metaspace       used 63843K, committed 65408K, reserved 1114112K
  class space    used 6546K, committed 7232K, reserved 1048576K
}
Event: 50.343 GC heap before
{Heap before GC invocations=1100 (full 4):
 PSYoungGen      total 5120K, used 4832K [0x00000000eab00000, 0x00000000eb180000, 0x0000000100000000)
  eden space 4096K, 100% used [0x00000000eab00000,0x00000000eaf00000,0x00000000eaf00000)
  from space 1024K, 71% used [0x00000000eb080000,0x00000000eb138000,0x00000000eb180000)
  to   space 1024K, 0% used [0x00000000eaf80000,0x00000000eaf80000,0x00000000eb080000)
 ParOldGen       total 295936K, used 295887K [0x00000000c0000000, 0x00000000d2100000, 0x00000000eab00000)
  object space 295936K, 99% used [0x00000000c0000000,0x00000000d20f3f70,0x00000000d2100000)
 Metaspace       used 63863K, committed 65472K, reserved 1114112K
  class space    used 6546K, committed 7232K, reserved 1048576K
}
Event: 50.346 GC heap after
{Heap after GC invocations=1100 (full 4):
 PSYoungGen      total 5120K, used 640K [0x00000000eab00000, 0x00000000eb100000, 0x0000000100000000)
  eden space 4096K, 0% used [0x00000000eab00000,0x00000000eab00000,0x00000000eaf00000)
  from space 1024K, 62% used [0x00000000eaf80000,0x00000000eb020000,0x00000000eb080000)
  to   space 512K, 0% used [0x00000000eb080000,0x00000000eb080000,0x00000000eb100000)
 ParOldGen       total 296960K, used 296487K [0x00000000c0000000, 0x00000000d2200000, 0x00000000eab00000)
  object space 296960K, 99% used [0x00000000c0000000,0x00000000d2189f70,0x00000000d2200000)
 Metaspace       used 63863K, committed 65472K, reserved 1114112K
  class space    used 6546K, committed 7232K, reserved 1048576K
}
Event: 50.442 GC heap before
{Heap before GC invocations=1101 (full 4):
 PSYoungGen      total 5120K, used 4736K [0x00000000eab00000, 0x00000000eb100000, 0x0000000100000000)
  eden space 4096K, 100% used [0x00000000eab00000,0x00000000eaf00000,0x00000000eaf00000)
  from space 1024K, 62% used [0x00000000eaf80000,0x00000000eb020000,0x00000000eb080000)
  to   space 512K, 0% used [0x00000000eb080000,0x00000000eb080000,0x00000000eb100000)
 ParOldGen       total 296960K, used 296487K [0x00000000c0000000, 0x00000000d2200000, 0x00000000eab00000)
  object space 296960K, 99% used [0x00000000c0000000,0x00000000d2189f70,0x00000000d2200000)
 Metaspace       used 63931K, committed 65536K, reserved 1114112K
  class space    used 6550K, committed 7232K, reserved 1048576K
}
Event: 50.445 GC heap after
{Heap after GC invocations=1101 (full 4):
 PSYoungGen      total 4608K, used 512K [0x00000000eab00000, 0x00000000eb200000, 0x0000000100000000)
  eden space 4096K, 0% used [0x00000000eab00000,0x00000000eab00000,0x00000000eaf00000)
  from space 512K, 100% used [0x00000000eb080000,0x00000000eb100000,0x00000000eb100000)
  to   space 1536K, 0% used [0x00000000eaf00000,0x00000000eaf00000,0x00000000eb080000)
 ParOldGen       total 297472K, used 297279K [0x00000000c0000000, 0x00000000d2280000, 0x00000000eab00000)
  object space 297472K, 99% used [0x00000000c0000000,0x00000000d224fdb0,0x00000000d2280000)
 Metaspace       used 63931K, committed 65536K, reserved 1114112K
  class space    used 6550K, committed 7232K, reserved 1048576K
}
Event: 50.467 GC heap before
{Heap before GC invocations=1102 (full 4):
 PSYoungGen      total 4608K, used 4608K [0x00000000eab00000, 0x00000000eb200000, 0x0000000100000000)
  eden space 4096K, 100% used [0x00000000eab00000,0x00000000eaf00000,0x00000000eaf00000)
  from space 512K, 100% used [0x00000000eb080000,0x00000000eb100000,0x00000000eb100000)
  to   space 1536K, 0% used [0x00000000eaf00000,0x00000000eaf00000,0x00000000eb080000)
 ParOldGen       total 297472K, used 297279K [0x00000000c0000000, 0x00000000d2280000, 0x00000000eab00000)
  object space 297472K, 99% used [0x00000000c0000000,0x00000000d224fdb0,0x00000000d2280000)
 Metaspace       used 63945K, committed 65536K, reserved 1114112K
  class space    used 6550K, committed 7232K, reserved 1048576K
}
Event: 50.471 GC heap after
{Heap after GC invocations=1102 (full 4):
 PSYoungGen      total 5632K, used 1440K [0x00000000eab00000, 0x00000000eb200000, 0x0000000100000000)
  eden space 4096K, 0% used [0x00000000eab00000,0x00000000eab00000,0x00000000eaf00000)
  from space 1536K, 93% used [0x00000000eaf00000,0x00000000eb068000,0x00000000eb080000)
  to   space 1536K, 0% used [0x00000000eb080000,0x00000000eb080000,0x00000000eb200000)
 ParOldGen       total 297984K, used 297824K [0x00000000c0000000, 0x00000000d2300000, 0x00000000eab00000)
  object space 297984K, 99% used [0x00000000c0000000,0x00000000d22d8198,0x00000000d2300000)
 Metaspace       used 63945K, committed 65536K, reserved 1114112K
  class space    used 6550K, committed 7232K, reserved 1048576K
}
Event: 50.482 GC heap before
{Heap before GC invocations=1103 (full 4):
 PSYoungGen      total 5632K, used 5536K [0x00000000eab00000, 0x00000000eb200000, 0x0000000100000000)
  eden space 4096K, 100% used [0x00000000eab00000,0x00000000eaf00000,0x00000000eaf00000)
  from space 1536K, 93% used [0x00000000eaf00000,0x00000000eb068000,0x00000000eb080000)
  to   space 1536K, 0% used [0x00000000eb080000,0x00000000eb080000,0x00000000eb200000)
 ParOldGen       total 297984K, used 297824K [0x00000000c0000000, 0x00000000d2300000, 0x00000000eab00000)
  object space 297984K, 99% used [0x00000000c0000000,0x00000000d22d8198,0x00000000d2300000)
 Metaspace       used 63951K, committed 65536K, reserved 1114112K
  class space    used 6550K, committed 7232K, reserved 1048576K
}

Dll operation events (10 events):
Event: 0.014 Loaded shared library c:\Users\ljcab\.vscode\extensions\redhat.java-1.42.0-win32-x64\jre\21.0.7-win32-x86_64\bin\java.dll
Event: 0.178 Loaded shared library c:\Users\ljcab\.vscode\extensions\redhat.java-1.42.0-win32-x64\jre\21.0.7-win32-x86_64\bin\zip.dll
Event: 0.218 Loaded shared library C:\Users\ljcab\.vscode\extensions\redhat.java-1.42.0-win32-x64\jre\21.0.7-win32-x86_64\bin\instrument.dll
Event: 0.227 Loaded shared library C:\Users\ljcab\.vscode\extensions\redhat.java-1.42.0-win32-x64\jre\21.0.7-win32-x86_64\bin\net.dll
Event: 0.231 Loaded shared library C:\Users\ljcab\.vscode\extensions\redhat.java-1.42.0-win32-x64\jre\21.0.7-win32-x86_64\bin\nio.dll
Event: 0.236 Loaded shared library C:\Users\ljcab\.vscode\extensions\redhat.java-1.42.0-win32-x64\jre\21.0.7-win32-x86_64\bin\zip.dll
Event: 0.272 Loaded shared library C:\Users\ljcab\.vscode\extensions\redhat.java-1.42.0-win32-x64\jre\21.0.7-win32-x86_64\bin\jimage.dll
Event: 0.539 Loaded shared library c:\Users\ljcab\.vscode\extensions\redhat.java-1.42.0-win32-x64\jre\21.0.7-win32-x86_64\bin\verify.dll
Event: 3.172 Loaded shared library C:\Users\ljcab\AppData\Roaming\Code\User\globalStorage\redhat.java\1.42.0\config_win\org.eclipse.equinox.launcher\org.eclipse.equinox.launcher.win32.win32.x86_64_1.2.1300.v20250331-1702\eclipse_11911.dll
Event: 5.524 Loaded shared library C:\Users\ljcab\AppData\Local\Temp\jna-102996358\jna6991793256531859156.dll

Deoptimization events (20 events):
Event: 50.131 Thread 0x00000251f1cc78e0 DEOPT PACKING pc=0x0000025199cd0ae6 sp=0x00000060714fd5b0
Event: 50.131 Thread 0x00000251f1cc78e0 DEOPT UNPACKING pc=0x00000251a0014242 sp=0x00000060714fcc70 mode 0
Event: 50.132 Thread 0x00000251f1cc78e0 DEOPT PACKING pc=0x0000025199cd0ae6 sp=0x00000060714fd5b0
Event: 50.132 Thread 0x00000251f1cc78e0 DEOPT UNPACKING pc=0x00000251a0014242 sp=0x00000060714fcc70 mode 0
Event: 50.133 Thread 0x00000251f1cc78e0 DEOPT PACKING pc=0x0000025199cd0ae6 sp=0x00000060714fd5b0
Event: 50.133 Thread 0x00000251f1cc78e0 DEOPT UNPACKING pc=0x00000251a0014242 sp=0x00000060714fcc70 mode 0
Event: 50.134 Thread 0x00000251f1cc78e0 DEOPT PACKING pc=0x0000025199cd0ae6 sp=0x00000060714fd5b0
Event: 50.134 Thread 0x00000251f1cc78e0 DEOPT UNPACKING pc=0x00000251a0014242 sp=0x00000060714fcc70 mode 0
Event: 50.135 Thread 0x00000251f1cc78e0 DEOPT PACKING pc=0x0000025199cd0ae6 sp=0x00000060714fd5b0
Event: 50.135 Thread 0x00000251f1cc78e0 DEOPT UNPACKING pc=0x00000251a0014242 sp=0x00000060714fcc70 mode 0
Event: 50.137 Thread 0x00000251f1cc78e0 DEOPT PACKING pc=0x0000025199cd0ae6 sp=0x00000060714fd5b0
Event: 50.137 Thread 0x00000251f1cc78e0 DEOPT UNPACKING pc=0x00000251a0014242 sp=0x00000060714fcc70 mode 0
Event: 50.151 Thread 0x00000251f1cc78e0 Uncommon trap: trap_request=0xffffff45 fr.pc=0x00000251a0dbf56c relative=0x000000000000046c
Event: 50.151 Thread 0x00000251f1cc78e0 Uncommon trap: reason=unstable_if action=reinterpret pc=0x00000251a0dbf56c method=java.util.IdentityHashMap.remove(Ljava/lang/Object;)Ljava/lang/Object; @ 85 c2
Event: 50.151 Thread 0x00000251f1cc78e0 DEOPT PACKING pc=0x00000251a0dbf56c sp=0x00000060714fdf30
Event: 50.151 Thread 0x00000251f1cc78e0 DEOPT UNPACKING pc=0x00000251a0013aa2 sp=0x00000060714fdeb0 mode 2
Event: 50.295 Thread 0x00000251f1cc78e0 DEOPT PACKING pc=0x0000025199cd0ae6 sp=0x00000060714fd520
Event: 50.295 Thread 0x00000251f1cc78e0 DEOPT UNPACKING pc=0x00000251a0014242 sp=0x00000060714fcbe0 mode 0
Event: 50.361 Thread 0x00000251f1cc78e0 DEOPT PACKING pc=0x0000025199cd0a88 sp=0x00000060714fd690
Event: 50.361 Thread 0x00000251f1cc78e0 DEOPT UNPACKING pc=0x00000251a0014242 sp=0x00000060714fcd50 mode 0

Classes loaded (20 events):
Event: 32.862 Loading class sun/util/resources/TimeZoneNamesBundle done
Event: 32.862 Loading class sun/util/resources/cldr/TimeZoneNames done
Event: 32.862 Loading class sun/util/resources/cldr/TimeZoneNames_en
Event: 32.865 Loading class sun/util/resources/cldr/TimeZoneNames_en done
Event: 32.865 Loading class sun/util/resources/cldr/TimeZoneNames_en_US
Event: 32.865 Loading class sun/util/resources/cldr/TimeZoneNames_en_US done
Event: 32.866 Loading class java/util/concurrent/CompletableFuture$UniApply
Event: 32.866 Loading class java/util/concurrent/CompletableFuture$UniCompletion
Event: 32.866 Loading class java/util/concurrent/CompletableFuture$UniCompletion done
Event: 32.867 Loading class java/util/concurrent/CompletableFuture$UniApply done
Event: 32.868 Loading class java/util/concurrent/CompletableFuture$UniAccept
Event: 32.868 Loading class java/util/concurrent/CompletableFuture$UniAccept done
Event: 32.869 Loading class java/util/concurrent/CompletableFuture$UniExceptionally
Event: 32.869 Loading class java/util/concurrent/CompletableFuture$UniExceptionally done
Event: 32.870 Loading class sun/util/cldr/CLDRBaseLocaleDataMetaInfo$TZCanonicalIDMapHolder
Event: 32.873 Loading class sun/util/cldr/CLDRBaseLocaleDataMetaInfo$TZCanonicalIDMapHolder done
Event: 32.952 Loading class sun/util/resources/TimeZoneNames
Event: 32.974 Loading class sun/util/resources/TimeZoneNames done
Event: 32.978 Loading class sun/util/resources/TimeZoneNames_en
Event: 32.978 Loading class sun/util/resources/TimeZoneNames_en done

Classes unloaded (7 events):
Event: 6.533 Thread 0x000002519594d9d0 Unloading class 0x00000251ab1a4c00 'java/lang/invoke/LambdaForm$MH+0x00000251ab1a4c00'
Event: 6.533 Thread 0x000002519594d9d0 Unloading class 0x00000251ab1a4800 'java/lang/invoke/LambdaForm$MH+0x00000251ab1a4800'
Event: 6.533 Thread 0x000002519594d9d0 Unloading class 0x00000251ab1a4400 'java/lang/invoke/LambdaForm$MH+0x00000251ab1a4400'
Event: 6.533 Thread 0x000002519594d9d0 Unloading class 0x00000251ab1a4000 'java/lang/invoke/LambdaForm$MH+0x00000251ab1a4000'
Event: 6.533 Thread 0x000002519594d9d0 Unloading class 0x00000251ab1a3c00 'java/lang/invoke/LambdaForm$BMH+0x00000251ab1a3c00'
Event: 6.533 Thread 0x000002519594d9d0 Unloading class 0x00000251ab1a3800 'java/lang/invoke/LambdaForm$DMH+0x00000251ab1a3800'
Event: 6.533 Thread 0x000002519594d9d0 Unloading class 0x00000251ab1a2400 'java/lang/invoke/LambdaForm$DMH+0x00000251ab1a2400'

Classes redefined (0 events):
No events

Internal exceptions (20 events):
Event: 48.668 Thread 0x00000251f1cc78e0 Exception <a 'sun/nio/fs/WindowsException'{0x00000000eae87730}> (0x00000000eae87730) 
thrown [s\src\hotspot\share\prims\jni.cpp, line 520]
Event: 48.682 Thread 0x00000251f1cc78e0 Exception <a 'sun/nio/fs/WindowsException'{0x00000000eaeaad00}> (0x00000000eaeaad00) 
thrown [s\src\hotspot\share\prims\jni.cpp, line 520]
Event: 48.695 Thread 0x00000251f1cc78e0 Exception <a 'sun/nio/fs/WindowsException'{0x00000000eaed4138}> (0x00000000eaed4138) 
thrown [s\src\hotspot\share\prims\jni.cpp, line 520]
Event: 48.709 Thread 0x00000251f1cc78e0 Exception <a 'sun/nio/fs/WindowsException'{0x00000000eaefd6e0}> (0x00000000eaefd6e0) 
thrown [s\src\hotspot\share\prims\jni.cpp, line 520]
Event: 48.818 Thread 0x00000251f1cc78e0 Exception <a 'sun/nio/fs/WindowsException'{0x00000000eaf67e60}> (0x00000000eaf67e60) 
thrown [s\src\hotspot\share\prims\jni.cpp, line 520]
Event: 48.830 Thread 0x00000251f1cc78e0 Exception <a 'sun/nio/fs/WindowsException'{0x00000000eaf91120}> (0x00000000eaf91120) 
thrown [s\src\hotspot\share\prims\jni.cpp, line 520]
Event: 48.843 Thread 0x00000251f1cc78e0 Exception <a 'sun/nio/fs/WindowsException'{0x00000000eafb9c40}> (0x00000000eafb9c40) 
thrown [s\src\hotspot\share\prims\jni.cpp, line 520]
Event: 48.856 Thread 0x00000251f1cc78e0 Exception <a 'sun/nio/fs/WindowsException'{0x00000000eafe2258}> (0x00000000eafe2258) 
thrown [s\src\hotspot\share\prims\jni.cpp, line 520]
Event: 48.872 Thread 0x00000251f1cc78e0 Exception <a 'sun/nio/fs/WindowsException'{0x00000000eab0ae00}> (0x00000000eab0ae00) 
thrown [s\src\hotspot\share\prims\jni.cpp, line 520]
Event: 48.884 Thread 0x00000251f1cc78e0 Exception <a 'sun/nio/fs/WindowsException'{0x00000000eab34c20}> (0x00000000eab34c20) 
thrown [s\src\hotspot\share\prims\jni.cpp, line 520]
Event: 48.897 Thread 0x00000251f1cc78e0 Exception <a 'sun/nio/fs/WindowsException'{0x00000000eab5ed68}> (0x00000000eab5ed68) 
thrown [s\src\hotspot\share\prims\jni.cpp, line 520]
Event: 48.910 Thread 0x00000251f1cc78e0 Exception <a 'sun/nio/fs/WindowsException'{0x00000000eab89008}> (0x00000000eab89008) 
thrown [s\src\hotspot\share\prims\jni.cpp, line 520]
Event: 48.922 Thread 0x00000251f1cc78e0 Exception <a 'sun/nio/fs/WindowsException'{0x00000000eabb30c8}> (0x00000000eabb30c8) 
thrown [s\src\hotspot\share\prims\jni.cpp, line 520]
Event: 48.936 Thread 0x00000251f1cc78e0 Exception <a 'sun/nio/fs/WindowsException'{0x00000000eabdbd70}> (0x00000000eabdbd70) 
thrown [s\src\hotspot\share\prims\jni.cpp, line 520]
Event: 48.949 Thread 0x00000251f1cc78e0 Exception <a 'sun/nio/fs/WindowsException'{0x00000000eac04928}> (0x00000000eac04928) 
thrown [s\src\hotspot\share\prims\jni.cpp, line 520]
Event: 48.962 Thread 0x00000251f1cc78e0 Exception <a 'sun/nio/fs/WindowsException'{0x00000000eac314e0}> (0x00000000eac314e0) 
thrown [s\src\hotspot\share\prims\jni.cpp, line 520]
Event: 48.974 Thread 0x00000251f1cc78e0 Exception <a 'sun/nio/fs/WindowsException'{0x00000000eac5dfb8}> (0x00000000eac5dfb8) 
thrown [s\src\hotspot\share\prims\jni.cpp, line 520]
Event: 49.081 Thread 0x00000251f1cc78e0 Exception <a 'sun/nio/fs/WindowsException'{0x00000000ead2f600}> (0x00000000ead2f600) 
thrown [s\src\hotspot\share\prims\jni.cpp, line 520]
Event: 49.149 Thread 0x00000251f1cc78e0 Exception <a 'sun/nio/fs/WindowsException'{0x00000000ead79588}> (0x00000000ead79588) 
thrown [s\src\hotspot\share\prims\jni.cpp, line 520]
Event: 49.498 Thread 0x00000251f1cc78e0 Exception <a 'sun/nio/fs/WindowsException'{0x00000000eac41fa0}> (0x00000000eac41fa0) 
thrown [s\src\hotspot\share\prims\jni.cpp, line 520]

ZGC Phase Switch (0 events):
No events

VM Operations (20 events):
Event: 49.897 Executing VM operation: ParallelGCFailedAllocation (Allocation Failure) done
Event: 49.943 Executing VM operation: ParallelGCFailedAllocation (Allocation Failure)
Event: 49.948 Executing VM operation: ParallelGCFailedAllocation (Allocation Failure) done
Event: 50.029 Executing VM operation: ParallelGCFailedAllocation (Allocation Failure)
Event: 50.034 Executing VM operation: ParallelGCFailedAllocation (Allocation Failure) done
Event: 50.062 Executing VM operation: ParallelGCFailedAllocation (Allocation Failure)
Event: 50.067 Executing VM operation: ParallelGCFailedAllocation (Allocation Failure) done
Event: 50.082 Executing VM operation: ParallelGCFailedAllocation (Allocation Failure)
Event: 50.086 Executing VM operation: ParallelGCFailedAllocation (Allocation Failure) done
Event: 50.119 Executing VM operation: ParallelGCFailedAllocation (Allocation Failure)
Event: 50.123 Executing VM operation: ParallelGCFailedAllocation (Allocation Failure) done
Event: 50.160 Executing VM operation: ParallelGCFailedAllocation (Allocation Failure)
Event: 50.164 Executing VM operation: ParallelGCFailedAllocation (Allocation Failure) done
Event: 50.343 Executing VM operation: ParallelGCFailedAllocation (Allocation Failure)
Event: 50.346 Executing VM operation: ParallelGCFailedAllocation (Allocation Failure) done
Event: 50.442 Executing VM operation: ParallelGCFailedAllocation (Allocation Failure)
Event: 50.445 Executing VM operation: ParallelGCFailedAllocation (Allocation Failure) done
Event: 50.467 Executing VM operation: ParallelGCFailedAllocation (Allocation Failure)
Event: 50.471 Executing VM operation: ParallelGCFailedAllocation (Allocation Failure) done
Event: 50.482 Executing VM operation: ParallelGCFailedAllocation (Allocation Failure)

Memory protections (0 events):
No events

Nmethod flushes (20 events):
Event: 42.864 Thread 0x000002519594d9d0 flushing  nmethod 0x0000025199dc0110
Event: 42.864 Thread 0x000002519594d9d0 flushing  nmethod 0x0000025199dc0910
Event: 42.864 Thread 0x000002519594d9d0 flushing  nmethod 0x0000025199dc1110
Event: 42.864 Thread 0x000002519594d9d0 flushing  nmethod 0x0000025199dc1910
Event: 42.864 Thread 0x000002519594d9d0 flushing  nmethod 0x0000025199dd0390
Event: 42.864 Thread 0x000002519594d9d0 flushing  nmethod 0x0000025199dd4890
Event: 42.864 Thread 0x000002519594d9d0 flushing  nmethod 0x0000025199dd4c10
Event: 42.864 Thread 0x000002519594d9d0 flushing  nmethod 0x0000025199dd8890
Event: 42.864 Thread 0x000002519594d9d0 flushing  nmethod 0x0000025199dd8e10
Event: 42.864 Thread 0x000002519594d9d0 flushing  nmethod 0x0000025199dd9190
Event: 42.864 Thread 0x000002519594d9d0 flushing  nmethod 0x0000025199dd9510
Event: 42.864 Thread 0x000002519594d9d0 flushing  nmethod 0x0000025199dda710
Event: 42.864 Thread 0x000002519594d9d0 flushing  nmethod 0x0000025199de0190
Event: 42.864 Thread 0x000002519594d9d0 flushing  nmethod 0x0000025199de0a10
Event: 42.864 Thread 0x000002519594d9d0 flushing  nmethod 0x0000025199de1010
Event: 42.864 Thread 0x000002519594d9d0 flushing  nmethod 0x0000025199de1710
Event: 42.864 Thread 0x000002519594d9d0 flushing  nmethod 0x0000025199de2c10
Event: 42.864 Thread 0x000002519594d9d0 flushing  nmethod 0x0000025199de3310
Event: 42.864 Thread 0x000002519594d9d0 flushing  nmethod 0x0000025199de4e10
Event: 42.864 Thread 0x000002519594d9d0 flushing  nmethod 0x0000025199e06310

Events (20 events):
Event: 29.409 Thread 0x00000251f35fefa0 Thread exited: 0x00000251f35fefa0
Event: 29.693 Thread 0x00000251f47a6b90 Thread exited: 0x00000251f47a6b90
Event: 29.823 Thread 0x00000251a9c4ae40 Thread added: 0x00000251f47a6b90
Event: 30.647 Thread 0x00000251f47a6b90 Thread exited: 0x00000251f47a6b90
Event: 30.770 Thread 0x00000251f47a64c0 Thread exited: 0x00000251f47a64c0
Event: 32.728 Thread 0x00000251ec69f340 Thread added: 0x00000251f47a5050
Event: 32.737 Thread 0x00000251ec69f340 Thread added: 0x00000251f47a5720
Event: 32.868 Thread 0x00000251f4143c80 Thread added: 0x00000251f3600350
Event: 32.868 Thread 0x00000251f4142f60 Thread added: 0x00000251f35fefa0
Event: 32.868 Thread 0x00000251f4143c80 Thread added: 0x00000251ec682ea0
Event: 32.870 Thread 0x00000251f35fefa0 Thread added: 0x00000251ec681af0
Event: 32.906 Thread 0x00000251f4142f60 Thread added: 0x00000251ec680dd0
Event: 32.941 Thread 0x00000251f4142f60 Thread added: 0x00000251ec683530
Event: 32.948 Thread 0x00000251ec683530 Thread added: 0x00000251ec681460
Event: 33.146 Thread 0x00000251f47a5720 Thread exited: 0x00000251f47a5720
Event: 33.152 Thread 0x00000251f47a5050 Thread exited: 0x00000251f47a5050
Event: 33.192 Thread 0x00000251ec69f340 Thread added: 0x00000251f47a6b90
Event: 33.679 Thread 0x00000251f47a6b90 Thread exited: 0x00000251f47a6b90
Event: 49.517 Thread 0x00000251ec69f340 Thread added: 0x00000251f47a5050
Event: 49.528 Thread 0x00000251ec69f340 Thread added: 0x00000251f47a5720


Dynamic libraries:
0x00007ff7f8390000 - 0x00007ff7f839e000 	c:\Users\ljcab\.vscode\extensions\redhat.java-1.42.0-win32-x64\jre\21.0.7-win32-x86_64\bin\java.exe
0x00007fffcda90000 - 0x00007fffcdc88000 	C:\WINDOWS\SYSTEM32\ntdll.dll
0x00007fffcd2f0000 - 0x00007fffcd3b2000 	C:\WINDOWS\System32\KERNEL32.DLL
0x00007fffcb430000 - 0x00007fffcb726000 	C:\WINDOWS\System32\KERNELBASE.dll
0x00007fffcb910000 - 0x00007fffcba10000 	C:\WINDOWS\System32\ucrtbase.dll
0x00007fffb2e40000 - 0x00007fffb2e5e000 	c:\Users\ljcab\.vscode\extensions\redhat.java-1.42.0-win32-x64\jre\21.0.7-win32-x86_64\bin\VCRUNTIME140.dll
0x00007fffb3870000 - 0x00007fffb3888000 	c:\Users\ljcab\.vscode\extensions\redhat.java-1.42.0-win32-x64\jre\21.0.7-win32-x86_64\bin\jli.dll
0x00007fffcc630000 - 0x00007fffcc7cd000 	C:\WINDOWS\System32\USER32.dll
0x00007fffb5a30000 - 0x00007fffb5cca000 	C:\WINDOWS\WinSxS\amd64_microsoft.windows.common-controls_6595b64144ccf1df_6.0.19041.4355_none_60b8b9eb71f62e16\COMCTL32.dll
0x00007fffcb890000 - 0x00007fffcb8b2000 	C:\WINDOWS\System32\win32u.dll
0x00007fffcd630000 - 0x00007fffcd65b000 	C:\WINDOWS\System32\GDI32.dll
0x00007fffcd880000 - 0x00007fffcd91e000 	C:\WINDOWS\System32\msvcrt.dll
0x00007fffcb150000 - 0x00007fffcb26a000 	C:\WINDOWS\System32\gdi32full.dll
0x00007fffcba10000 - 0x00007fffcbaad000 	C:\WINDOWS\System32\msvcp_win.dll
0x00007fffcd2c0000 - 0x00007fffcd2ef000 	C:\WINDOWS\System32\IMM32.DLL
0x00007fffc05d0000 - 0x00007fffc05dc000 	c:\Users\ljcab\.vscode\extensions\redhat.java-1.42.0-win32-x64\jre\21.0.7-win32-x86_64\bin\vcruntime140_1.dll
0x00007fff9e6b0000 - 0x00007fff9e73d000 	c:\Users\ljcab\.vscode\extensions\redhat.java-1.42.0-win32-x64\jre\21.0.7-win32-x86_64\bin\msvcp140.dll
0x00007fff89e10000 - 0x00007fff8aba0000 	c:\Users\ljcab\.vscode\extensions\redhat.java-1.42.0-win32-x64\jre\21.0.7-win32-x86_64\bin\server\jvm.dll
0x00007fffcc7d0000 - 0x00007fffcc87f000 	C:\WINDOWS\System32\ADVAPI32.dll
0x00007fffcd9b0000 - 0x00007fffcda4f000 	C:\WINDOWS\System32\sechost.dll
0x00007fffcc880000 - 0x00007fffcc9a3000 	C:\WINDOWS\System32\RPCRT4.dll
0x00007fffcb120000 - 0x00007fffcb147000 	C:\WINDOWS\System32\bcrypt.dll
0x00007fffcd810000 - 0x00007fffcd87b000 	C:\WINDOWS\System32\WS2_32.dll
0x00007fffcac90000 - 0x00007fffcacdb000 	C:\WINDOWS\SYSTEM32\POWRPROF.dll
0x00007fffc2ca0000 - 0x00007fffc2caa000 	C:\WINDOWS\SYSTEM32\VERSION.dll
0x00007fffb7a70000 - 0x00007fffb7a97000 	C:\WINDOWS\SYSTEM32\WINMM.dll
0x00007fffcac70000 - 0x00007fffcac82000 	C:\WINDOWS\SYSTEM32\UMPDC.dll
0x00007fffc9940000 - 0x00007fffc9952000 	C:\WINDOWS\SYSTEM32\kernel.appcore.dll
0x00007fffb38e0000 - 0x00007fffb38ea000 	c:\Users\ljcab\.vscode\extensions\redhat.java-1.42.0-win32-x64\jre\21.0.7-win32-x86_64\bin\jimage.dll
0x00007fffc8d70000 - 0x00007fffc8f54000 	C:\WINDOWS\SYSTEM32\DBGHELP.DLL
0x00007fffc7d80000 - 0x00007fffc7db4000 	C:\WINDOWS\SYSTEM32\dbgcore.DLL
0x00007fffcb320000 - 0x00007fffcb3a2000 	C:\WINDOWS\System32\bcryptPrimitives.dll
0x00007fffb34f0000 - 0x00007fffb34ff000 	c:\Users\ljcab\.vscode\extensions\redhat.java-1.42.0-win32-x64\jre\21.0.7-win32-x86_64\bin\instrument.dll
0x00007fffb15f0000 - 0x00007fffb160f000 	c:\Users\ljcab\.vscode\extensions\redhat.java-1.42.0-win32-x64\jre\21.0.7-win32-x86_64\bin\java.dll
0x00007fffcbab0000 - 0x00007fffcc21f000 	C:\WINDOWS\System32\SHELL32.dll
0x00007fffc8f70000 - 0x00007fffc9713000 	C:\WINDOWS\SYSTEM32\windows.storage.dll
0x00007fffcc230000 - 0x00007fffcc585000 	C:\WINDOWS\System32\combase.dll
0x00007fffcaae0000 - 0x00007fffcab0b000 	C:\WINDOWS\SYSTEM32\Wldp.dll
0x00007fffcd440000 - 0x00007fffcd50d000 	C:\WINDOWS\System32\OLEAUT32.dll
0x00007fffccef0000 - 0x00007fffccf9d000 	C:\WINDOWS\System32\SHCORE.dll
0x00007fffcd180000 - 0x00007fffcd1d5000 	C:\WINDOWS\System32\shlwapi.dll
0x00007fffcb050000 - 0x00007fffcb075000 	C:\WINDOWS\SYSTEM32\profapi.dll
0x00007fffb0cb0000 - 0x00007fffb0cc8000 	c:\Users\ljcab\.vscode\extensions\redhat.java-1.42.0-win32-x64\jre\21.0.7-win32-x86_64\bin\zip.dll
0x00007fffb2cc0000 - 0x00007fffb2cd0000 	C:\Users\ljcab\.vscode\extensions\redhat.java-1.42.0-win32-x64\jre\21.0.7-win32-x86_64\bin\net.dll
0x00007fffc1c50000 - 0x00007fffc1d5a000 	C:\WINDOWS\SYSTEM32\WINHTTP.dll
0x00007fffca7e0000 - 0x00007fffca84c000 	C:\WINDOWS\system32\mswsock.dll
0x00007fffb0bf0000 - 0x00007fffb0c06000 	C:\Users\ljcab\.vscode\extensions\redhat.java-1.42.0-win32-x64\jre\21.0.7-win32-x86_64\bin\nio.dll
0x00007fffb1c50000 - 0x00007fffb1c60000 	c:\Users\ljcab\.vscode\extensions\redhat.java-1.42.0-win32-x64\jre\21.0.7-win32-x86_64\bin\verify.dll
0x00007fff9c4f0000 - 0x00007fff9c535000 	C:\Users\ljcab\AppData\Roaming\Code\User\globalStorage\redhat.java\1.42.0\config_win\org.eclipse.equinox.launcher\org.eclipse.equinox.launcher.win32.win32.x86_64_1.2.1300.v20250331-1702\eclipse_11911.dll
0x00007fffcd050000 - 0x00007fffcd17b000 	C:\WINDOWS\System32\ole32.dll
0x00007fffca9e0000 - 0x00007fffca9f8000 	C:\WINDOWS\SYSTEM32\CRYPTSP.dll
0x00007fffca100000 - 0x00007fffca138000 	C:\WINDOWS\system32\rsaenh.dll
0x00007fffcafd0000 - 0x00007fffcaffe000 	C:\WINDOWS\SYSTEM32\USERENV.dll
0x00007fffca9d0000 - 0x00007fffca9dc000 	C:\WINDOWS\SYSTEM32\CRYPTBASE.dll
0x00007fffca4c0000 - 0x00007fffca4fb000 	C:\WINDOWS\SYSTEM32\IPHLPAPI.DLL
0x00007fffcc220000 - 0x00007fffcc228000 	C:\WINDOWS\System32\NSI.dll
0x00007fff9c150000 - 0x00007fff9c199000 	C:\Users\ljcab\AppData\Local\Temp\jna-102996358\jna6991793256531859156.dll
0x00007fffcc5a0000 - 0x00007fffcc5a8000 	C:\WINDOWS\System32\PSAPI.DLL
0x00007fffc2c80000 - 0x00007fffc2c97000 	C:\WINDOWS\SYSTEM32\dhcpcsvc6.DLL
0x00007fffc3240000 - 0x00007fffc325d000 	C:\WINDOWS\SYSTEM32\dhcpcsvc.DLL
0x00007fffca350000 - 0x00007fffca383000 	C:\WINDOWS\SYSTEM32\ntmarta.dll

dbghelp: loaded successfully - version: 4.0.5 - missing functions: none
symbol engine: initialized successfully - sym options: 0x614 - pdb path: .;c:\Users\ljcab\.vscode\extensions\redhat.java-1.42.0-win32-x64\jre\21.0.7-win32-x86_64\bin;C:\WINDOWS\SYSTEM32;C:\WINDOWS\WinSxS\amd64_microsoft.windows.common-controls_6595b64144ccf1df_6.0.19041.4355_none_60b8b9eb71f62e16;c:\Users\ljcab\.vscode\extensions\redhat.java-1.42.0-win32-x64\jre\21.0.7-win32-x86_64\bin\server;C:\Users\ljcab\AppData\Roaming\Code\User\globalStorage\redhat.java\1.42.0\config_win\org.eclipse.equinox.launcher\org.eclipse.equinox.launcher.win32.win32.x86_64_1.2.1300.v20250331-1702;C:\Users\ljcab\AppData\Local\Temp\jna-102996358

VM Arguments:
jvm_args: --add-modules=ALL-SYSTEM --add-opens=java.base/java.util=ALL-UNNAMED --add-opens=java.base/java.lang=ALL-UNNAMED --add-opens=java.base/sun.nio.fs=ALL-UNNAMED -Declipse.application=org.eclipse.jdt.ls.core.id1 -Dosgi.bundles.defaultStartLevel=4 -Declipse.product=org.eclipse.jdt.ls.core.product -Djava.import.generatesMetadataFilesAtProjectRoot=false -DDetectVMInstallationsJob.disabled=true -Dfile.encoding=utf8 -XX:+UseParallelGC -XX:GCTimeRatio=4 -XX:AdaptiveSizePolicyWeight=90 -Dsun.zip.disableMemoryMapping=true -Xmx1G -Xms100m -Xlog:disable -javaagent:c:\Users\ljcab\.vscode\extensions\redhat.java-1.42.0-win32-x64\lombok\lombok-1.18.36.jar -XX:+HeapDumpOnOutOfMemoryError -XX:HeapDumpPath=c:\Users\ljcab\AppData\Roaming\Code\User\workspaceStorage\15541f14e0019d554cb3f2e8d53c4e06\redhat.java -Daether.dependencyCollector.impl=bf 
java_command: c:\Users\ljcab\.vscode\extensions\redhat.java-1.42.0-win32-x64\server\plugins\org.eclipse.equinox.launcher_1.7.0.v20250424-1814.jar -configuration c:\Users\ljcab\AppData\Roaming\Code\User\globalStorage\redhat.java\1.42.0\config_win -data c:\Users\ljcab\AppData\Roaming\Code\User\workspaceStorage\15541f14e0019d554cb3f2e8d53c4e06\redhat.java\jdt_ws --pipe=\\.\pipe\lsp-779dbf1a8031dce6144c8582934d2d76-sock
java_class_path (initial): c:\Users\ljcab\.vscode\extensions\redhat.java-1.42.0-win32-x64\server\plugins\org.eclipse.equinox.launcher_1.7.0.v20250424-1814.jar
Launcher Type: SUN_STANDARD

[Global flags]
    uintx AdaptiveSizePolicyWeight                 = 90                                        {product} {command line}
     intx CICompilerCount                          = 4                                         {product} {ergonomic}
    uintx GCTimeRatio                              = 4                                         {product} {command line}
     bool HeapDumpOnOutOfMemoryError               = true                                   {manageable} {command line}
    ccstr HeapDumpPath                             = c:\Users\ljcab\AppData\Roaming\Code\User\workspaceStorage\15541f14e0019d554cb3f2e8d53c4e06\redhat.java         {manageable} {command line}
   size_t InitialHeapSize                          = 104857600                                 {product} {command line}
   size_t MaxHeapSize                              = 1073741824                                {product} {command line}
   size_t MaxNewSize                               = 357564416                                 {product} {ergonomic}
   size_t MinHeapDeltaBytes                        = 524288                                    {product} {ergonomic}
   size_t MinHeapSize                              = 104857600                                 {product} {command line}
   size_t NewSize                                  = 34603008                                  {product} {ergonomic}
    uintx NonNMethodCodeHeapSize                   = 5839372                                {pd product} {ergonomic}
    uintx NonProfiledCodeHeapSize                  = 122909434                              {pd product} {ergonomic}
   size_t OldSize                                  = 70254592                                  {product} {ergonomic}
    uintx ProfiledCodeHeapSize                     = 122909434                              {pd product} {ergonomic}
    uintx ReservedCodeCacheSize                    = 251658240                              {pd product} {ergonomic}
     bool SegmentedCodeCache                       = true                                      {product} {ergonomic}
   size_t SoftMaxHeapSize                          = 1073741824                             {manageable} {ergonomic}
     bool UseCompressedOops                        = true                           {product lp64_product} {ergonomic}
     bool UseLargePagesIndividualAllocation        = false                                  {pd product} {ergonomic}
     bool UseParallelGC                            = true                                      {product} {command line}

Logging:
Log output configuration:
 #0: stdout all=off uptime,level,tags foldmultilines=false
 #1: stderr all=off uptime,level,tags foldmultilines=false

Environment Variables:
JAVA_HOME=C:\Program Files\Java\jdk-11
PATH=C:\Program Files\Java\jdk-11\bin;C:\Program Files\Common Files\Oracle\Java\javapath;C:\WINDOWS\system32;C:\WINDOWS;C:\WINDOWS\System32\Wbem;C:\WINDOWS\System32\WindowsPowerShell\v1.0\;C:\WINDOWS\System32\OpenSSH\;C:\Program Files\NetBeans-25\netbeans\java\maven\bin;C:\Users\ljcab\Downloads\netbeans-15-bin\netbeans\java\maven\bin;C:\Program Files\Java\jdk-11\bin;C:\Program Files\nodejs\;C:\Program Files\Java\jdk-11\bin;C:\Program Files\Git\cmd;C:\Users\ljcab\AppData\Local\Programs\Python\Python313\Scripts\;C:\Users\ljcab\AppData\Local\Programs\Python\Python313\;C:\Users\ljcab\AppData\Local\Programs\Python\Launcher\;C:\Users\ljcab\AppData\Local\Microsoft\WindowsApps;C:\Users\ljcab\AppData\Local\Programs\Microsoft VS Code\bin;C:\Users\ljcab\AppData\Local\Programs\cursor\resources\app\bin;C:\Users\ljcab\AppData\Roaming\npm
USERNAME=ljcab
OS=Windows_NT
PROCESSOR_IDENTIFIER=Intel64 Family 6 Model 142 Stepping 11, GenuineIntel
TMP=C:\Users\ljcab\AppData\Local\Temp
TEMP=C:\Users\ljcab\AppData\Local\Temp




Periodic native trim disabled

---------------  S Y S T E M  ---------------

OS:
 Windows 10 , 64 bit Build 19041 (10.0.19041.5678)
OS uptime: 0 days 2:41 hours

CPU: total 8 (initial active 8) (4 cores per cpu, 2 threads per core) family 6 model 142 stepping 11 microcode 0xde, cx8, cmov, fxsr, ht, mmx, 3dnowpref, sse, sse2, sse3, ssse3, sse4.1, sse4.2, popcnt, lzcnt, tsc, tscinvbit, avx, avx2, aes, erms, clmul, bmi1, bmi2, adx, fma, vzeroupper, clflush, clflushopt, rdtscp, f16c
Processor Information for the first 8 processors :
  Max Mhz: 1992, Current Mhz: 1792, Mhz Limit: 1792

Memory: 4k page, system-wide physical 8043M (1377M free)
TotalPageFile size 32619M (AvailPageFile size 0M)
current process WorkingSet (physical memory assigned to process): 593M, peak: 1014M
current process commit charge ("private bytes"): 583M, peak: 972M

vm_info: OpenJDK 64-Bit Server VM (21.0.7+6-LTS) for windows-amd64 JRE (21.0.7+6-LTS), built on 2025-04-15T00:00:00Z by "admin" with MS VC++ 17.7 (VS2022)

END.
