#
# There is insufficient memory for the Java Runtime Environment to continue.
# Native memory allocation (mmap) failed to map 27262976 bytes for Failed to commit area from 0x000000008a200000 to 0x000000008bc00000 of length 27262976.
# Possible reasons:
#   The system is out of physical RAM or swap space
#   The process is running with CompressedOops enabled, and the Java Heap may be blocking the growth of the native heap
# Possible solutions:
#   Reduce memory load on the system
#   Increase physical memory or swap space
#   Check if swap backing store is full
#   Decrease Java heap size (-Xmx/-Xms)
#   Decrease number of Java threads
#   Decrease Java thread stack sizes (-Xss)
#   Set larger code cache with -XX:ReservedCodeCacheSize=
#   JVM is running with Unscaled Compressed Oops mode in which the Java heap is
#     placed in the first 4GB address space. The Java Heap base address is the
#     maximum limit for the native heap growth. Please use -XX:HeapBaseMinAddress
#     to set the Java Heap base and to place the Java Heap above 4GB virtual address.
# This output file may be truncated or incomplete.
#
#  Out of Memory Error (./open/src/hotspot/os/windows/os_windows.cpp:3292), pid=2072, tid=284
#
# JRE version: Java(TM) SE Runtime Environment 18.9 (11.0.19+9) (build 11.0.19+9-LTS-224)
# Java VM: Java HotSpot(TM) 64-Bit Server VM 18.9 (11.0.19+9-LTS-224, mixed mode, tiered, compressed oops, g1 gc, windows-amd64)
# No core dump will be written. Minidumps are not enabled by default on client versions of Windows
#

---------------  S U M M A R Y ------------

Command Line: --module-path=C:\Users\ljcab\Downloads\javafx-sdk-11.0.2\lib --add-modules=javafx.controls,javafx.fxml application.Main -cp libs/mysql-connector-java-8.0.13.jar

Host: Intel(R) Core(TM) i7-8565U CPU @ 1.80GHz, 8 cores, 7G,  Windows 10 , 64 bit Build 19041 (10.0.19041.5678)
Time: Sat May 17 15:16:28 2025 Malay Peninsula Standard Time elapsed time: 3.387673 seconds (0d 0h 0m 3s)

---------------  T H R E A D  ---------------

Current thread (0x000001ff7ffa9800):  VMThread "VM Thread" [stack: 0x0000000211d00000,0x0000000211e00000] [id=284]

Stack: [0x0000000211d00000,0x0000000211e00000]
[error occurred during error reporting (printing stack bounds), id 0xc0000005, EXCEPTION_ACCESS_VIOLATION (0xc0000005) at pc=0x000001ff00000f2d]

Native frames: (J=compiled Java code, j=interpreted, Vv=VM code, C=native code)
V  [jvm.dll+0x65fe1a]
V  [jvm.dll+0x7a2bbf]
V  [jvm.dll+0x7a4289]
V  [jvm.dll+0x7a4885]
V  [jvm.dll+0x7a483b]
V  [jvm.dll+0x65f323]
V  [jvm.dll+0x65fa18]
C  [ntdll.dll+0xa28bf]
C  [ntdll.dll+0x52554]
C  [ntdll.dll+0xa13ce]
C  0x000001ff00000f2d

VM_Operation (0x0000000212cf8d60): G1CollectForAllocation, mode: safepoint, requested by thread 0x000001ff12008800


---------------  P R O C E S S  ---------------

Threads class SMR info:
_java_thread_list=0x000001ff192def80, length=18, elements={
0x000001ff710f6800, 0x000001ff7ffab800, 0x000001ff7ffad000, 0x000001ff7ffd6800,
0x000001ff7ffd9000, 0x000001ff7ffdb000, 0x000001ff7ffde000, 0x000001ff1181b800,
0x000001ff11863000, 0x000001ff119e9800, 0x000001ff1234c000, 0x000001ff12d0e800,
0x000001ff12008800, 0x000001ff133c3000, 0x000001ff12367000, 0x000001ff18fad800,
0x000001ff192de000, 0x000001ff19410800
}

Java Threads: ( => current thread )
  0x000001ff710f6800 JavaThread "main" [_thread_blocked, id=17640, stack(0x0000000211700000,0x0000000211800000)]
  0x000001ff7ffab800 JavaThread "Reference Handler" daemon [_thread_blocked, id=12124, stack(0x0000000211e00000,0x0000000211f00000)]
  0x000001ff7ffad000 JavaThread "Finalizer" daemon [_thread_blocked, id=15628, stack(0x0000000211f00000,0x0000000212000000)]
  0x000001ff7ffd6800 JavaThread "Signal Dispatcher" daemon [_thread_blocked, id=10900, stack(0x0000000212000000,0x0000000212100000)]
  0x000001ff7ffd9000 JavaThread "Attach Listener" daemon [_thread_blocked, id=15080, stack(0x0000000212100000,0x0000000212200000)]
  0x000001ff7ffdb000 JavaThread "Service Thread" daemon [_thread_blocked, id=21396, stack(0x0000000212200000,0x0000000212300000)]
  0x000001ff7ffde000 JavaThread "C2 CompilerThread0" daemon [_thread_blocked, id=9092, stack(0x0000000212300000,0x0000000212400000)]
  0x000001ff1181b800 JavaThread "C1 CompilerThread0" daemon [_thread_blocked, id=16876, stack(0x0000000212400000,0x0000000212500000)]
  0x000001ff11863000 JavaThread "Sweeper thread" daemon [_thread_blocked, id=18312, stack(0x0000000212500000,0x0000000212600000)]
  0x000001ff119e9800 JavaThread "Common-Cleaner" daemon [_thread_blocked, id=2416, stack(0x0000000212600000,0x0000000212700000)]
  0x000001ff1234c000 JavaThread "QuantumRenderer-0" daemon [_thread_blocked, id=6572, stack(0x0000000212a00000,0x0000000212b00000)]
  0x000001ff12d0e800 JavaThread "InvokeLaterDispatcher" daemon [_thread_blocked, id=19904, stack(0x0000000212b00000,0x0000000212c00000)]
  0x000001ff12008800 JavaThread "JavaFX Application Thread" [_thread_blocked, id=17584, stack(0x0000000212c00000,0x0000000212d00000)]
  0x000001ff133c3000 JavaThread "Thread-1" daemon [_thread_blocked, id=1804, stack(0x0000000213000000,0x0000000213100000)]
  0x000001ff12367000 JavaThread "JavaFX-Launcher" [_thread_blocked, id=20416, stack(0x0000000213100000,0x0000000213200000)]
  0x000001ff18fad800 JavaThread "JavaCPP Deallocator" daemon [_thread_blocked, id=6696, stack(0x0000000213700000,0x0000000213800000)]
  0x000001ff192de000 JavaThread "C2 CompilerThread1" daemon [_thread_in_native, id=12540, stack(0x0000000214400000,0x0000000214500000)]
  0x000001ff19410800 JavaThread "C2 CompilerThread2" daemon [_thread_blocked, id=18048, stack(0x0000000214500000,0x0000000214600000)]

Other Threads:
=>0x000001ff7ffa9800 VMThread "VM Thread" [stack: 0x0000000211d00000,0x0000000211e00000] [id=284]
  0x000001ff121bc800 WatcherThread [stack: 0x0000000212900000,0x0000000212a00000] [id=7432]
  0x000001ff7110b000 GCTaskThread "GC Thread#0" [stack: 0x0000000211800000,0x0000000211900000] [id=9560]
  0x000001ff133df800 GCTaskThread "GC Thread#1" [stack: 0x0000000213200000,0x0000000213300000] [id=22280]
  0x000001ff12ded800 GCTaskThread "GC Thread#2" [stack: 0x0000000213300000,0x0000000213400000] [id=9972]
  0x000001ff133a5000 GCTaskThread "GC Thread#3" [stack: 0x0000000213400000,0x0000000213500000] [id=1416]
  0x000001ff1260a800 GCTaskThread "GC Thread#4" [stack: 0x0000000213500000,0x0000000213600000] [id=20556]
  0x000001ff1260b800 GCTaskThread "GC Thread#5" [stack: 0x0000000213600000,0x0000000213700000] [id=17016]
  0x000001ff7113a000 ConcurrentGCThread "G1 Main Marker" [stack: 0x0000000211900000,0x0000000211a00000] [id=21032]
  0x000001ff7113c800 ConcurrentGCThread "G1 Conc#0" [stack: 0x0000000211a00000,0x0000000211b00000] [id=15500]
  0x000001ff7fe14800 ConcurrentGCThread "G1 Refine#0" [stack: 0x0000000211b00000,0x0000000211c00000] [id=6776]
  0x000001ff7fe15000 ConcurrentGCThread "G1 Young RemSet Sampling" [stack: 0x0000000211c00000,0x0000000211d00000] [id=8080]

Threads with active compile tasks:
C2 CompilerThread0     3454 1629       4       java.io.WinNTFileSystem::normalize (224 bytes)
C2 CompilerThread1     3454 1617       4       java.io.WinNTFileSystem::normalize (143 bytes)
C2 CompilerThread2     3454 1618       4       java.io.File::<init> (47 bytes)

VM state:at safepoint (normal execution)

VM Mutex/Monitor currently owned by a thread:  ([mutex/lock_event])
[0x000001ff710f27b0] Threads_lock - owner thread: 0x000001ff7ffa9800
[0x000001ff710f17f0] Heap_lock - owner thread: 0x000001ff12008800

Heap address: 0x0000000082400000, size: 2012 MB, Compressed Oops mode: 32-bit
Narrow klass base: 0x0000000000000000, Narrow klass shift: 3
Compressed class space size: 1073741824 Address: 0x0000000100000000

Heap:
 garbage-first heap   total 155648K, used 7723K [0x0000000082400000, 0x0000000100000000)
  region size 1024K, 4 young (4096K), 4 survivors (4096K)
 Metaspace       used 17554K, capacity 17912K, committed 18304K, reserved 1067008K
  class space    used 1398K, capacity 1541K, committed 1664K, reserved 1048576K
Heap Regions: E=young(eden), S=young(survivor), O=old, HS=humongous(starts), HC=humongous(continues), CS=collection set, F=free, A=archive, TAMS=top-at-mark-start (previous, next)
|   0|0x0000000082400000, 0x0000000082500000, 0x0000000082500000|100%| O|  |TAMS 0x0000000082400000, 0x0000000082400000| Untracked 
|   1|0x0000000082500000, 0x0000000082600000, 0x0000000082600000|100%| O|  |TAMS 0x0000000082500000, 0x0000000082500000| Untracked 
|   2|0x0000000082600000, 0x0000000082700000, 0x0000000082700000|100%| O|  |TAMS 0x0000000082600000, 0x0000000082600000| Untracked 
|   3|0x0000000082700000, 0x00000000827c8200, 0x0000000082800000| 78%| O|  |TAMS 0x0000000082700000, 0x0000000082700000| Untracked 
|   4|0x0000000082800000, 0x0000000082800000, 0x0000000082900000|  0%| F|  |TAMS 0x0000000082800000, 0x0000000082800000| Untracked 
|   5|0x0000000082900000, 0x0000000082900000, 0x0000000082a00000|  0%| F|  |TAMS 0x0000000082900000, 0x0000000082900000| Untracked 
|   6|0x0000000082a00000, 0x0000000082a00000, 0x0000000082b00000|  0%| F|  |TAMS 0x0000000082a00000, 0x0000000082a00000| Untracked 
|   7|0x0000000082b00000, 0x0000000082b00000, 0x0000000082c00000|  0%| F|  |TAMS 0x0000000082b00000, 0x0000000082b00000| Untracked 
|   8|0x0000000082c00000, 0x0000000082c00000, 0x0000000082d00000|  0%| F|  |TAMS 0x0000000082c00000, 0x0000000082c00000| Untracked 
|   9|0x0000000082d00000, 0x0000000082d00000, 0x0000000082e00000|  0%| F|  |TAMS 0x0000000082d00000, 0x0000000082d00000| Untracked 
|  10|0x0000000082e00000, 0x0000000082e00000, 0x0000000082f00000|  0%| F|  |TAMS 0x0000000082e00000, 0x0000000082e00000| Untracked 
|  11|0x0000000082f00000, 0x0000000082f00000, 0x0000000083000000|  0%| F|  |TAMS 0x0000000082f00000, 0x0000000082f00000| Untracked 
|  12|0x0000000083000000, 0x0000000083000000, 0x0000000083100000|  0%| F|  |TAMS 0x0000000083000000, 0x0000000083000000| Untracked 
|  13|0x0000000083100000, 0x0000000083100000, 0x0000000083200000|  0%| F|  |TAMS 0x0000000083100000, 0x0000000083100000| Untracked 
|  14|0x0000000083200000, 0x0000000083200000, 0x0000000083300000|  0%| F|  |TAMS 0x0000000083200000, 0x0000000083200000| Untracked 
|  15|0x0000000083300000, 0x0000000083300000, 0x0000000083400000|  0%| F|  |TAMS 0x0000000083300000, 0x0000000083300000| Untracked 
|  16|0x0000000083400000, 0x0000000083400000, 0x0000000083500000|  0%| F|  |TAMS 0x0000000083400000, 0x0000000083400000| Untracked 
|  17|0x0000000083500000, 0x0000000083500000, 0x0000000083600000|  0%| F|  |TAMS 0x0000000083500000, 0x0000000083500000| Untracked 
|  18|0x0000000083600000, 0x0000000083600000, 0x0000000083700000|  0%| F|  |TAMS 0x0000000083600000, 0x0000000083600000| Untracked 
|  19|0x0000000083700000, 0x0000000083700000, 0x0000000083800000|  0%| F|  |TAMS 0x0000000083700000, 0x0000000083700000| Untracked 
|  20|0x0000000083800000, 0x0000000083800000, 0x0000000083900000|  0%| F|  |TAMS 0x0000000083800000, 0x0000000083800000| Untracked 
|  21|0x0000000083900000, 0x0000000083900000, 0x0000000083a00000|  0%| F|  |TAMS 0x0000000083900000, 0x0000000083900000| Untracked 
|  22|0x0000000083a00000, 0x0000000083a00000, 0x0000000083b00000|  0%| F|  |TAMS 0x0000000083a00000, 0x0000000083a00000| Untracked 
|  23|0x0000000083b00000, 0x0000000083b00000, 0x0000000083c00000|  0%| F|  |TAMS 0x0000000083b00000, 0x0000000083b00000| Untracked 
|  24|0x0000000083c00000, 0x0000000083c00000, 0x0000000083d00000|  0%| F|  |TAMS 0x0000000083c00000, 0x0000000083c00000| Untracked 
|  25|0x0000000083d00000, 0x0000000083d00000, 0x0000000083e00000|  0%| F|  |TAMS 0x0000000083d00000, 0x0000000083d00000| Untracked 
|  26|0x0000000083e00000, 0x0000000083e00000, 0x0000000083f00000|  0%| F|  |TAMS 0x0000000083e00000, 0x0000000083e00000| Untracked 
|  27|0x0000000083f00000, 0x0000000083f00000, 0x0000000084000000|  0%| F|  |TAMS 0x0000000083f00000, 0x0000000083f00000| Untracked 
|  28|0x0000000084000000, 0x0000000084000000, 0x0000000084100000|  0%| F|  |TAMS 0x0000000084000000, 0x0000000084000000| Untracked 
|  29|0x0000000084100000, 0x0000000084100000, 0x0000000084200000|  0%| F|  |TAMS 0x0000000084100000, 0x0000000084100000| Untracked 
|  30|0x0000000084200000, 0x0000000084200000, 0x0000000084300000|  0%| F|  |TAMS 0x0000000084200000, 0x0000000084200000| Untracked 
|  31|0x0000000084300000, 0x0000000084300000, 0x0000000084400000|  0%| F|  |TAMS 0x0000000084300000, 0x0000000084300000| Untracked 
|  32|0x0000000084400000, 0x0000000084400000, 0x0000000084500000|  0%| F|  |TAMS 0x0000000084400000, 0x0000000084400000| Untracked 
|  33|0x0000000084500000, 0x0000000084500000, 0x0000000084600000|  0%| F|  |TAMS 0x0000000084500000, 0x0000000084500000| Untracked 
|  34|0x0000000084600000, 0x0000000084600000, 0x0000000084700000|  0%| F|  |TAMS 0x0000000084600000, 0x0000000084600000| Untracked 
|  35|0x0000000084700000, 0x0000000084700000, 0x0000000084800000|  0%| F|  |TAMS 0x0000000084700000, 0x0000000084700000| Untracked 
|  36|0x0000000084800000, 0x0000000084800000, 0x0000000084900000|  0%| F|  |TAMS 0x0000000084800000, 0x0000000084800000| Untracked 
|  37|0x0000000084900000, 0x0000000084900000, 0x0000000084a00000|  0%| F|  |TAMS 0x0000000084900000, 0x0000000084900000| Untracked 
|  38|0x0000000084a00000, 0x0000000084a00000, 0x0000000084b00000|  0%| F|  |TAMS 0x0000000084a00000, 0x0000000084a00000| Untracked 
|  39|0x0000000084b00000, 0x0000000084b00000, 0x0000000084c00000|  0%| F|  |TAMS 0x0000000084b00000, 0x0000000084b00000| Untracked 
|  40|0x0000000084c00000, 0x0000000084c00000, 0x0000000084d00000|  0%| F|  |TAMS 0x0000000084c00000, 0x0000000084c00000| Untracked 
|  41|0x0000000084d00000, 0x0000000084d00000, 0x0000000084e00000|  0%| F|  |TAMS 0x0000000084d00000, 0x0000000084d00000| Untracked 
|  42|0x0000000084e00000, 0x0000000084e00000, 0x0000000084f00000|  0%| F|  |TAMS 0x0000000084e00000, 0x0000000084e00000| Untracked 
|  43|0x0000000084f00000, 0x0000000084f00000, 0x0000000085000000|  0%| F|  |TAMS 0x0000000084f00000, 0x0000000084f00000| Untracked 
|  44|0x0000000085000000, 0x0000000085000000, 0x0000000085100000|  0%| F|  |TAMS 0x0000000085000000, 0x0000000085000000| Untracked 
|  45|0x0000000085100000, 0x0000000085100000, 0x0000000085200000|  0%| F|  |TAMS 0x0000000085100000, 0x0000000085100000| Untracked 
|  46|0x0000000085200000, 0x0000000085200000, 0x0000000085300000|  0%| F|  |TAMS 0x0000000085200000, 0x0000000085200000| Untracked 
|  47|0x0000000085300000, 0x0000000085300000, 0x0000000085400000|  0%| F|  |TAMS 0x0000000085300000, 0x0000000085300000| Untracked 
|  48|0x0000000085400000, 0x0000000085400000, 0x0000000085500000|  0%| F|  |TAMS 0x0000000085400000, 0x0000000085400000| Untracked 
|  49|0x0000000085500000, 0x0000000085500000, 0x0000000085600000|  0%| F|  |TAMS 0x0000000085500000, 0x0000000085500000| Untracked 
|  50|0x0000000085600000, 0x0000000085600000, 0x0000000085700000|  0%| F|  |TAMS 0x0000000085600000, 0x0000000085600000| Untracked 
|  51|0x0000000085700000, 0x00000000857c2bd0, 0x0000000085800000| 76%| S|CS|TAMS 0x0000000085700000, 0x0000000085700000| Complete 
|  52|0x0000000085800000, 0x0000000085900000, 0x0000000085900000|100%| S|CS|TAMS 0x0000000085800000, 0x0000000085800000| Complete 
|  53|0x0000000085900000, 0x0000000085a00000, 0x0000000085a00000|100%| S|CS|TAMS 0x0000000085900000, 0x0000000085900000| Complete 
|  54|0x0000000085a00000, 0x0000000085b00000, 0x0000000085b00000|100%| S|CS|TAMS 0x0000000085a00000, 0x0000000085a00000| Complete 
|  55|0x0000000085b00000, 0x0000000085b00000, 0x0000000085c00000|  0%| F|  |TAMS 0x0000000085b00000, 0x0000000085b00000| Untracked 
|  56|0x0000000085c00000, 0x0000000085c00000, 0x0000000085d00000|  0%| F|  |TAMS 0x0000000085c00000, 0x0000000085c00000| Untracked 
|  57|0x0000000085d00000, 0x0000000085d00000, 0x0000000085e00000|  0%| F|  |TAMS 0x0000000085d00000, 0x0000000085d00000| Untracked 
|  58|0x0000000085e00000, 0x0000000085e00000, 0x0000000085f00000|  0%| F|  |TAMS 0x0000000085e00000, 0x0000000085e00000| Untracked 
|  59|0x0000000085f00000, 0x0000000085f00000, 0x0000000086000000|  0%| F|  |TAMS 0x0000000085f00000, 0x0000000085f00000| Untracked 
|  60|0x0000000086000000, 0x0000000086000000, 0x0000000086100000|  0%| F|  |TAMS 0x0000000086000000, 0x0000000086000000| Untracked 
|  61|0x0000000086100000, 0x0000000086100000, 0x0000000086200000|  0%| F|  |TAMS 0x0000000086100000, 0x0000000086100000| Untracked 
|  62|0x0000000086200000, 0x0000000086200000, 0x0000000086300000|  0%| F|  |TAMS 0x0000000086200000, 0x0000000086200000| Untracked 
|  63|0x0000000086300000, 0x0000000086300000, 0x0000000086400000|  0%| F|  |TAMS 0x0000000086300000, 0x0000000086300000| Untracked 
|  64|0x0000000086400000, 0x0000000086400000, 0x0000000086500000|  0%| F|  |TAMS 0x0000000086400000, 0x0000000086400000| Untracked 
|  65|0x0000000086500000, 0x0000000086500000, 0x0000000086600000|  0%| F|  |TAMS 0x0000000086500000, 0x0000000086500000| Untracked 
|  66|0x0000000086600000, 0x0000000086600000, 0x0000000086700000|  0%| F|  |TAMS 0x0000000086600000, 0x0000000086600000| Untracked 
|  67|0x0000000086700000, 0x0000000086700000, 0x0000000086800000|  0%| F|  |TAMS 0x0000000086700000, 0x0000000086700000| Untracked 
|  68|0x0000000086800000, 0x0000000086800000, 0x0000000086900000|  0%| F|  |TAMS 0x0000000086800000, 0x0000000086800000| Untracked 
|  69|0x0000000086900000, 0x0000000086900000, 0x0000000086a00000|  0%| F|  |TAMS 0x0000000086900000, 0x0000000086900000| Untracked 
|  70|0x0000000086a00000, 0x0000000086a00000, 0x0000000086b00000|  0%| F|  |TAMS 0x0000000086a00000, 0x0000000086a00000| Untracked 
|  71|0x0000000086b00000, 0x0000000086b00000, 0x0000000086c00000|  0%| F|  |TAMS 0x0000000086b00000, 0x0000000086b00000| Untracked 
|  72|0x0000000086c00000, 0x0000000086c00000, 0x0000000086d00000|  0%| F|  |TAMS 0x0000000086c00000, 0x0000000086c00000| Untracked 
|  73|0x0000000086d00000, 0x0000000086d00000, 0x0000000086e00000|  0%| F|  |TAMS 0x0000000086d00000, 0x0000000086d00000| Untracked 
|  74|0x0000000086e00000, 0x0000000086e00000, 0x0000000086f00000|  0%| F|  |TAMS 0x0000000086e00000, 0x0000000086e00000| Untracked 
|  75|0x0000000086f00000, 0x0000000086f00000, 0x0000000087000000|  0%| F|  |TAMS 0x0000000086f00000, 0x0000000086f00000| Untracked 
|  76|0x0000000087000000, 0x0000000087000000, 0x0000000087100000|  0%| F|  |TAMS 0x0000000087000000, 0x0000000087000000| Untracked 
|  77|0x0000000087100000, 0x0000000087100000, 0x0000000087200000|  0%| F|  |TAMS 0x0000000087100000, 0x0000000087100000| Untracked 
|  78|0x0000000087200000, 0x0000000087200000, 0x0000000087300000|  0%| F|  |TAMS 0x0000000087200000, 0x0000000087200000| Untracked 
|  79|0x0000000087300000, 0x0000000087300000, 0x0000000087400000|  0%| F|  |TAMS 0x0000000087300000, 0x0000000087300000| Untracked 
|  80|0x0000000087400000, 0x0000000087400000, 0x0000000087500000|  0%| F|  |TAMS 0x0000000087400000, 0x0000000087400000| Untracked 
|  81|0x0000000087500000, 0x0000000087500000, 0x0000000087600000|  0%| F|  |TAMS 0x0000000087500000, 0x0000000087500000| Untracked 
|  82|0x0000000087600000, 0x0000000087600000, 0x0000000087700000|  0%| F|  |TAMS 0x0000000087600000, 0x0000000087600000| Untracked 
|  83|0x0000000087700000, 0x0000000087700000, 0x0000000087800000|  0%| F|  |TAMS 0x0000000087700000, 0x0000000087700000| Untracked 
|  84|0x0000000087800000, 0x0000000087800000, 0x0000000087900000|  0%| F|  |TAMS 0x0000000087800000, 0x0000000087800000| Untracked 
|  85|0x0000000087900000, 0x0000000087900000, 0x0000000087a00000|  0%| F|  |TAMS 0x0000000087900000, 0x0000000087900000| Untracked 
|  86|0x0000000087a00000, 0x0000000087a00000, 0x0000000087b00000|  0%| F|  |TAMS 0x0000000087a00000, 0x0000000087a00000| Untracked 
|  87|0x0000000087b00000, 0x0000000087b00000, 0x0000000087c00000|  0%| F|  |TAMS 0x0000000087b00000, 0x0000000087b00000| Untracked 
|  88|0x0000000087c00000, 0x0000000087c00000, 0x0000000087d00000|  0%| F|  |TAMS 0x0000000087c00000, 0x0000000087c00000| Untracked 
|  89|0x0000000087d00000, 0x0000000087d00000, 0x0000000087e00000|  0%| F|  |TAMS 0x0000000087d00000, 0x0000000087d00000| Untracked 
|  90|0x0000000087e00000, 0x0000000087e00000, 0x0000000087f00000|  0%| F|  |TAMS 0x0000000087e00000, 0x0000000087e00000| Untracked 
|  91|0x0000000087f00000, 0x0000000087f00000, 0x0000000088000000|  0%| F|  |TAMS 0x0000000087f00000, 0x0000000087f00000| Untracked 
|  92|0x0000000088000000, 0x0000000088000000, 0x0000000088100000|  0%| F|  |TAMS 0x0000000088000000, 0x0000000088000000| Untracked 
|  93|0x0000000088100000, 0x0000000088100000, 0x0000000088200000|  0%| F|  |TAMS 0x0000000088100000, 0x0000000088100000| Untracked 
|  94|0x0000000088200000, 0x0000000088200000, 0x0000000088300000|  0%| F|  |TAMS 0x0000000088200000, 0x0000000088200000| Untracked 
|  95|0x0000000088300000, 0x0000000088300000, 0x0000000088400000|  0%| F|  |TAMS 0x0000000088300000, 0x0000000088300000| Untracked 
|  96|0x0000000088400000, 0x0000000088400000, 0x0000000088500000|  0%| F|  |TAMS 0x0000000088400000, 0x0000000088400000| Untracked 
|  97|0x0000000088500000, 0x0000000088500000, 0x0000000088600000|  0%| F|  |TAMS 0x0000000088500000, 0x0000000088500000| Untracked 
|  98|0x0000000088600000, 0x0000000088600000, 0x0000000088700000|  0%| F|  |TAMS 0x0000000088600000, 0x0000000088600000| Untracked 
|  99|0x0000000088700000, 0x0000000088700000, 0x0000000088800000|  0%| F|  |TAMS 0x0000000088700000, 0x0000000088700000| Untracked 
| 100|0x0000000088800000, 0x0000000088800000, 0x0000000088900000|  0%| F|  |TAMS 0x0000000088800000, 0x0000000088800000| Untracked 
| 101|0x0000000088900000, 0x0000000088900000, 0x0000000088a00000|  0%| F|  |TAMS 0x0000000088900000, 0x0000000088900000| Untracked 
| 102|0x0000000088a00000, 0x0000000088a00000, 0x0000000088b00000|  0%| F|  |TAMS 0x0000000088a00000, 0x0000000088a00000| Untracked 
| 103|0x0000000088b00000, 0x0000000088b00000, 0x0000000088c00000|  0%| F|  |TAMS 0x0000000088b00000, 0x0000000088b00000| Untracked 
| 104|0x0000000088c00000, 0x0000000088c00000, 0x0000000088d00000|  0%| F|  |TAMS 0x0000000088c00000, 0x0000000088c00000| Untracked 
| 105|0x0000000088d00000, 0x0000000088d00000, 0x0000000088e00000|  0%| F|  |TAMS 0x0000000088d00000, 0x0000000088d00000| Untracked 
| 106|0x0000000088e00000, 0x0000000088e00000, 0x0000000088f00000|  0%| F|  |TAMS 0x0000000088e00000, 0x0000000088e00000| Untracked 
| 107|0x0000000088f00000, 0x0000000088f00000, 0x0000000089000000|  0%| F|  |TAMS 0x0000000088f00000, 0x0000000088f00000| Untracked 
| 108|0x0000000089000000, 0x0000000089000000, 0x0000000089100000|  0%| F|  |TAMS 0x0000000089000000, 0x0000000089000000| Untracked 
| 109|0x0000000089100000, 0x0000000089100000, 0x0000000089200000|  0%| F|  |TAMS 0x0000000089100000, 0x0000000089100000| Untracked 
| 110|0x0000000089200000, 0x0000000089200000, 0x0000000089300000|  0%| F|  |TAMS 0x0000000089200000, 0x0000000089200000| Untracked 
| 111|0x0000000089300000, 0x0000000089300000, 0x0000000089400000|  0%| F|  |TAMS 0x0000000089300000, 0x0000000089300000| Untracked 
| 112|0x0000000089400000, 0x0000000089400000, 0x0000000089500000|  0%| F|  |TAMS 0x0000000089400000, 0x0000000089400000| Untracked 
| 113|0x0000000089500000, 0x0000000089500000, 0x0000000089600000|  0%| F|  |TAMS 0x0000000089500000, 0x0000000089500000| Untracked 
| 114|0x0000000089600000, 0x0000000089600000, 0x0000000089700000|  0%| F|  |TAMS 0x0000000089600000, 0x0000000089600000| Untracked 
| 115|0x0000000089700000, 0x0000000089700000, 0x0000000089800000|  0%| F|  |TAMS 0x0000000089700000, 0x0000000089700000| Untracked 
| 116|0x0000000089800000, 0x0000000089800000, 0x0000000089900000|  0%| F|  |TAMS 0x0000000089800000, 0x0000000089800000| Untracked 
| 117|0x0000000089900000, 0x0000000089900000, 0x0000000089a00000|  0%| F|  |TAMS 0x0000000089900000, 0x0000000089900000| Untracked 
| 118|0x0000000089a00000, 0x0000000089a00000, 0x0000000089b00000|  0%| F|  |TAMS 0x0000000089a00000, 0x0000000089a00000| Untracked 
| 119|0x0000000089b00000, 0x0000000089b00000, 0x0000000089c00000|  0%| F|  |TAMS 0x0000000089b00000, 0x0000000089b00000| Untracked 
| 120|0x0000000089c00000, 0x0000000089c00000, 0x0000000089d00000|  0%| F|  |TAMS 0x0000000089c00000, 0x0000000089c00000| Untracked 
| 121|0x0000000089d00000, 0x0000000089d00000, 0x0000000089e00000|  0%| F|  |TAMS 0x0000000089d00000, 0x0000000089d00000| Untracked 
| 122|0x0000000089e00000, 0x0000000089e00000, 0x0000000089f00000|  0%| F|  |TAMS 0x0000000089e00000, 0x0000000089e00000| Untracked 
| 123|0x0000000089f00000, 0x0000000089f00000, 0x000000008a000000|  0%| F|  |TAMS 0x0000000089f00000, 0x0000000089f00000| Untracked 
| 124|0x000000008a000000, 0x000000008a000000, 0x000000008a100000|  0%| F|  |TAMS 0x000000008a000000, 0x000000008a000000| Untracked 
| 125|0x000000008a100000, 0x000000008a100000, 0x000000008a200000|  0%| F|  |TAMS 0x000000008a100000, 0x000000008a100000| Untracked 

Card table byte_map: [0x000001ff7ae10000,0x000001ff7b200000] _byte_map_base: 0x000001ff7a9fe000

Marking Bits (Prev, Next): (CMBitMap*) 0x000001ff71131898, (CMBitMap*) 0x000001ff711318d0
 Prev Bits: [0x000001ff7b5f0000, 0x000001ff7d560000)
 Next Bits: [0x000001ff7d560000, 0x000001ff7f4d0000)

Polling page: 0x000001ff711b0000

Metaspace:

Usage:
  Non-class:     15.99 MB capacity,    15.78 MB ( 99%) used,   173.64 KB (  1%) free+waste,    40.88 KB ( <1%) overhead. 
      Class:      1.50 MB capacity,     1.37 MB ( 91%) used,   123.40 KB (  8%) free+waste,    19.50 KB (  1%) overhead. 
       Both:     17.49 MB capacity,    17.14 MB ( 98%) used,   297.04 KB (  2%) free+waste,    60.38 KB ( <1%) overhead. 

Virtual space:
  Non-class space:       18.00 MB reserved,      16.25 MB ( 90%) committed 
      Class space:        1.00 GB reserved,       1.62 MB ( <1%) committed 
             Both:        1.02 GB reserved,      17.88 MB (  2%) committed 

Chunk freelists:
   Non-Class:  9.62 KB
       Class:  3.38 KB
        Both:  13.00 KB

CodeHeap 'non-profiled nmethods': size=120000Kb used=883Kb max_used=883Kb free=119116Kb
 bounds [0x000001ff07ad0000, 0x000001ff07d40000, 0x000001ff0f000000]
CodeHeap 'profiled nmethods': size=120000Kb used=3411Kb max_used=3411Kb free=116588Kb
 bounds [0x000001ff005a0000, 0x000001ff00900000, 0x000001ff07ad0000]
CodeHeap 'non-nmethods': size=5760Kb used=1521Kb max_used=1541Kb free=4238Kb
 bounds [0x000001ff00000000, 0x000001ff00270000, 0x000001ff005a0000]
 total_blobs=2622 nmethods=1645 adapters=888
 compilation: enabled
              stopped_count=0, restarted_count=0
 full_count=0

Compilation events (10 events):
Event: 3.333 Thread 0x000001ff1181b800 1650   !   3       jdk.internal.loader.URLClassPath$JarLoader::getResource (353 bytes)
Event: 3.334 Thread 0x000001ff19410800 nmethod 1632 0x000001ff07babd90 code [0x000001ff07babf20, 0x000001ff07bac018]
Event: 3.334 Thread 0x000001ff19410800 1647       4       java.nio.MappedByteBuffer::position (6 bytes)
Event: 3.335 Thread 0x000001ff19410800 nmethod 1647 0x000001ff07bac190 code [0x000001ff07bac300, 0x000001ff07bac3d8]
Event: 3.335 Thread 0x000001ff19410800 1648       4       java.nio.DirectByteBuffer::<init> (35 bytes)
Event: 3.336 Thread 0x000001ff1181b800 nmethod 1650 0x000001ff008f1390 code [0x000001ff008f1800, 0x000001ff008f37b8]
Event: 3.340 Thread 0x000001ff19410800 nmethod 1648 0x000001ff07bac510 code [0x000001ff07bac6a0, 0x000001ff07bacab8]
Event: 3.340 Thread 0x000001ff19410800 1618       4       java.io.File::<init> (47 bytes)
Event: 3.341 Thread 0x000001ff1181b800 1651       3       jdk.internal.loader.URLClassPath$1::hasMoreElements (5 bytes)
Event: 3.341 Thread 0x000001ff1181b800 nmethod 1651 0x000001ff008f4a10 code [0x000001ff008f4bc0, 0x000001ff008f4ce8]

GC Heap History (10 events):
Event: 2.215 GC heap after
{Heap after GC invocations=8 (full 0):
 garbage-first heap   total 129024K, used 7600K [0x0000000082400000, 0x0000000100000000)
  region size 1024K, 4 young (4096K), 4 survivors (4096K)
 Metaspace       used 13023K, capacity 13392K, committed 13568K, reserved 1060864K
  class space    used 1350K, capacity 1508K, committed 1536K, reserved 1048576K
}
Event: 2.314 GC heap before
{Heap before GC invocations=8 (full 0):
 garbage-first heap   total 129024K, used 80304K [0x0000000082400000, 0x0000000100000000)
  region size 1024K, 75 young (76800K), 4 survivors (4096K)
 Metaspace       used 13029K, capacity 13392K, committed 13568K, reserved 1060864K
  class space    used 1350K, capacity 1508K, committed 1536K, reserved 1048576K
}
Event: 2.315 GC heap after
{Heap after GC invocations=9 (full 0):
 garbage-first heap   total 129024K, used 7431K [0x0000000082400000, 0x0000000100000000)
  region size 1024K, 4 young (4096K), 4 survivors (4096K)
 Metaspace       used 13029K, capacity 13392K, committed 13568K, reserved 1060864K
  class space    used 1350K, capacity 1508K, committed 1536K, reserved 1048576K
}
Event: 2.413 GC heap before
{Heap before GC invocations=9 (full 0):
 garbage-first heap   total 129024K, used 80135K [0x0000000082400000, 0x0000000100000000)
  region size 1024K, 75 young (76800K), 4 survivors (4096K)
 Metaspace       used 13051K, capacity 13456K, committed 13568K, reserved 1060864K
  class space    used 1351K, capacity 1508K, committed 1536K, reserved 1048576K
}
Event: 2.415 GC heap after
{Heap after GC invocations=10 (full 0):
 garbage-first heap   total 129024K, used 7487K [0x0000000082400000, 0x0000000100000000)
  region size 1024K, 4 young (4096K), 4 survivors (4096K)
 Metaspace       used 13051K, capacity 13456K, committed 13568K, reserved 1060864K
  class space    used 1351K, capacity 1508K, committed 1536K, reserved 1048576K
}
Event: 2.536 GC heap before
{Heap before GC invocations=10 (full 0):
 garbage-first heap   total 129024K, used 80191K [0x0000000082400000, 0x0000000100000000)
  region size 1024K, 75 young (76800K), 4 survivors (4096K)
 Metaspace       used 13051K, capacity 13456K, committed 13568K, reserved 1060864K
  class space    used 1351K, capacity 1508K, committed 1536K, reserved 1048576K
}
Event: 2.538 GC heap after
{Heap after GC invocations=11 (full 0):
 garbage-first heap   total 129024K, used 7603K [0x0000000082400000, 0x0000000100000000)
  region size 1024K, 4 young (4096K), 4 survivors (4096K)
 Metaspace       used 13051K, capacity 13456K, committed 13568K, reserved 1060864K
  class space    used 1351K, capacity 1508K, committed 1536K, reserved 1048576K
}
Event: 2.731 GC heap before
{Heap before GC invocations=11 (full 0):
 garbage-first heap   total 129024K, used 80307K [0x0000000082400000, 0x0000000100000000)
  region size 1024K, 75 young (76800K), 4 survivors (4096K)
 Metaspace       used 13482K, capacity 13814K, committed 13952K, reserved 1060864K
  class space    used 1385K, capacity 1541K, committed 1664K, reserved 1048576K
}
Event: 2.732 GC heap after
{Heap after GC invocations=12 (full 0):
 garbage-first heap   total 129024K, used 7569K [0x0000000082400000, 0x0000000100000000)
  region size 1024K, 4 young (4096K), 4 survivors (4096K)
 Metaspace       used 13482K, capacity 13814K, committed 13952K, reserved 1060864K
  class space    used 1385K, capacity 1541K, committed 1664K, reserved 1048576K
}
Event: 3.382 GC heap before
{Heap before GC invocations=12 (full 0):
 garbage-first heap   total 129024K, used 85393K [0x0000000082400000, 0x0000000100000000)
  region size 1024K, 75 young (76800K), 4 survivors (4096K)
 Metaspace       used 17554K, capacity 17912K, committed 18304K, reserved 1067008K
  class space    used 1398K, capacity 1541K, committed 1664K, reserved 1048576K
}

Deoptimization events (10 events):
Event: 2.711 Thread 0x000001ff12008800 Uncommon trap: reason=unstable_if action=reinterpret pc=0x000001ff07b8b464 method=jdk.internal.loader.URLClassPath.getLoader(I)Ljdk/internal/loader/URLClassPath$Loader; @ 19 c2
Event: 2.713 Thread 0x000001ff12008800 Uncommon trap: reason=unstable_if action=reinterpret pc=0x000001ff07b5fba8 method=jdk.internal.loader.URLClassPath.getLoader(I)Ljdk/internal/loader/URLClassPath$Loader; @ 19 c2
Event: 2.714 Thread 0x000001ff12008800 Uncommon trap: reason=unstable_if action=reinterpret pc=0x000001ff07b6d9ac method=java.io.WinNTFileSystem.normalize(Ljava/lang/String;)Ljava/lang/String; @ 128 c2
Event: 2.715 Thread 0x000001ff12008800 Uncommon trap: reason=unstable_if action=reinterpret pc=0x000001ff07b657a0 method=java.io.WinNTFileSystem.normalize(Ljava/lang/String;)Ljava/lang/String; @ 128 c2
Event: 2.717 Thread 0x000001ff12008800 Uncommon trap: reason=bimorphic_or_optimized_type_check action=maybe_recompile pc=0x000001ff07b3b604 method=java.util.HashMap.getNode(ILjava/lang/Object;)Ljava/util/HashMap$Node; @ 126 c2
Event: 2.719 Thread 0x000001ff12008800 Uncommon trap: reason=unstable_if action=reinterpret pc=0x000001ff07b85c58 method=java.lang.StringLatin1.compareToCI([B[B)I @ 31 c2
Event: 2.727 Thread 0x000001ff12008800 Uncommon trap: reason=unstable_if action=reinterpret pc=0x000001ff07b88054 method=java.lang.String.replace(Ljava/lang/CharSequence;Ljava/lang/CharSequence;)Ljava/lang/String; @ 24 c2
Event: 2.736 Thread 0x000001ff12008800 Uncommon trap: reason=unstable_if action=reinterpret pc=0x000001ff07b5e410 method=jdk.internal.loader.URLClassPath.getLoader(I)Ljdk/internal/loader/URLClassPath$Loader; @ 19 c2
Event: 2.777 Thread 0x000001ff12008800 Uncommon trap: reason=intrinsic_or_type_checked_inlining action=make_not_entrant pc=0x000001ff07ba0d80 method=java.util.ArrayList.toArray([Ljava/lang/Object;)[Ljava/lang/Object; @ 36 c2
Event: 3.110 Thread 0x000001ff12008800 Uncommon trap: reason=unstable_if action=reinterpret pc=0x000001ff07b60820 method=java.lang.String.indexOf([BBILjava/lang/String;I)I @ 21 c2

Classes redefined (0 events):
No events

Internal exceptions (10 events):
Event: 1.084 Thread 0x000001ff12008800 Exception <a 'java/lang/NoSuchMethodError'{0x0000000089b67438}: java.lang.invoke.DirectMethodHandle$Holder.invokeStatic(Ljava/lang/Object;Ljava/lang/Object;Ljava/lang/Object;Ljava/lang/Object;Ljava/lang/Object;Ljava/lang/Object;Ljava/lang/Object;Ljava/lan
Event: 1.085 Thread 0x000001ff12008800 Exception <a 'java/lang/NoSuchMethodError'{0x0000000089b75198}: java.lang.invoke.DirectMethodHandle$Holder.invokeStatic(Ljava/lang/Object;Ljava/lang/Object;Ljava/lang/Object;Ljava/lang/Object;Ljava/lang/Object;Ljava/lang/Object;Ljava/lang/Object;Ljava/lan
Event: 1.087 Thread 0x000001ff12008800 Exception <a 'java/lang/NoSuchMethodError'{0x0000000089b83078}: java.lang.invoke.DirectMethodHandle$Holder.invokeSpecial(Ljava/lang/Object;Ljava/lang/Object;IILjava/lang/Object;Ljava/lang/Object;Ljava/lang/Object;)Ljava/lang/Object;> (0x0000000089b83078) 
Event: 1.087 Thread 0x000001ff12008800 Exception <a 'java/lang/NoSuchMethodError'{0x0000000089b86600}: java.lang.invoke.DelegatingMethodHandle$Holder.reinvoke_L(Ljava/lang/Object;IILjava/lang/Object;Ljava/lang/Object;Ljava/lang/Object;)Ljava/lang/Object;> (0x0000000089b86600) thrown at [./open
Event: 1.088 Thread 0x000001ff12008800 Exception <a 'java/lang/NoSuchMethodError'{0x0000000089b8a788}: java.lang.invoke.DirectMethodHandle$Holder.invokeStatic(Ljava/lang/Object;Ljava/lang/Object;Ljava/lang/Object;Ljava/lang/Object;I)Ljava/lang/Object;> (0x0000000089b8a788) thrown at [./open/sr
Event: 1.165 Thread 0x000001ff12008800 Exception <a 'java/lang/NoSuchMethodError'{0x00000000899eef30}: java.lang.invoke.DirectMethodHandle$Holder.invokeStaticInit(Ljava/lang/Object;Ljava/lang/Object;Ljava/lang/Object;Ljava/lang/Object;)I> (0x00000000899eef30) thrown at [./open/src/hotspot/shar
Event: 1.166 Thread 0x000001ff12008800 Exception <a 'java/lang/IncompatibleClassChangeError'{0x00000000899f8258}: Found class java.lang.Object, but interface was expected> (0x00000000899f8258) thrown at [./open/src/hotspot/share/interpreter/linkResolver.cpp, line 838]
Event: 1.167 Thread 0x000001ff12008800 Exception <a 'java/lang/NoSuchMethodError'{0x00000000899fb088}: java.lang.invoke.DirectMethodHandle$Holder.invokeStaticInit(Ljava/lang/Object;Ljava/lang/Object;)V> (0x00000000899fb088) thrown at [./open/src/hotspot/share/interpreter/linkResolver.cpp, line
Event: 1.167 Thread 0x000001ff12008800 Exception <a 'java/lang/NoSuchMethodError'{0x0000000089800500}: java.lang.invoke.DirectMethodHandle$Holder.invokeStaticInit(Ljava/lang/Object;Ljava/lang/Object;)I> (0x0000000089800500) thrown at [./open/src/hotspot/share/interpreter/linkResolver.cpp, line
Event: 2.721 Thread 0x000001ff12008800 Exception <a 'sun/nio/fs/WindowsException'{0x0000000085dab588}> (0x0000000085dab588) thrown at [./open/src/hotspot/share/prims/jni.cpp, line 611]

Events (10 events):
Event: 3.281 loading class org/bytedeco/opencv/helper/opencv_core
Event: 3.281 loading class org/bytedeco/opencv/helper/opencv_core done
Event: 3.283 loading class org/bytedeco/opencv/opencv_core/CvArrArray
Event: 3.283 loading class org/bytedeco/opencv/opencv_core/CvArrArray done
Event: 3.314 Thread 0x000001ff12008800 DEOPT PACKING pc=0x000001ff00869190 sp=0x0000000212cfa1f0
Event: 3.314 Thread 0x000001ff12008800 DEOPT UNPACKING pc=0x000001ff00026d5e sp=0x0000000212cf9708 mode 0
Event: 3.332 Thread 0x000001ff19410800 Thread added: 0x000001ff19410800
Event: 3.374 Thread 0x000001ff12008800 DEOPT PACKING pc=0x000001ff00869190 sp=0x0000000212cfa2c0
Event: 3.374 Thread 0x000001ff12008800 DEOPT UNPACKING pc=0x000001ff00026d5e sp=0x0000000212cf97d8 mode 0
Event: 3.382 Executing VM operation: G1CollectForAllocation


Dynamic libraries:
0x00007ff6344a0000 - 0x00007ff6344b0000 	C:\Program Files\Java\jdk-11\bin\java.exe
0x00007ff916d10000 - 0x00007ff916f08000 	C:\WINDOWS\SYSTEM32\ntdll.dll
0x00007ff9160b0000 - 0x00007ff916172000 	C:\WINDOWS\System32\KERNEL32.DLL
0x00007ff9145d0000 - 0x00007ff9148c6000 	C:\WINDOWS\System32\KERNELBASE.dll
0x00007ff914420000 - 0x00007ff914520000 	C:\WINDOWS\System32\ucrtbase.dll
0x00007ff910150000 - 0x00007ff91016b000 	C:\Program Files\Java\jdk-11\bin\VCRUNTIME140.dll
0x00007ff906250000 - 0x00007ff906269000 	C:\Program Files\Java\jdk-11\bin\jli.dll
0x00007ff916450000 - 0x00007ff9164ff000 	C:\WINDOWS\System32\ADVAPI32.dll
0x00007ff915ff0000 - 0x00007ff91608e000 	C:\WINDOWS\System32\msvcrt.dll
0x00007ff914fd0000 - 0x00007ff91506f000 	C:\WINDOWS\System32\sechost.dll
0x00007ff916190000 - 0x00007ff9162b3000 	C:\WINDOWS\System32\RPCRT4.dll
0x00007ff914920000 - 0x00007ff914947000 	C:\WINDOWS\System32\bcrypt.dll
0x00007ff916560000 - 0x00007ff9166fd000 	C:\WINDOWS\System32\USER32.dll
0x00007ff904a40000 - 0x00007ff904cda000 	C:\WINDOWS\WinSxS\amd64_microsoft.windows.common-controls_6595b64144ccf1df_6.0.19041.4355_none_60b8b9eb71f62e16\COMCTL32.dll
0x00007ff914a80000 - 0x00007ff914aa2000 	C:\WINDOWS\System32\win32u.dll
0x00007ff915ed0000 - 0x00007ff915efb000 	C:\WINDOWS\System32\GDI32.dll
0x00007ff914ab0000 - 0x00007ff914bca000 	C:\WINDOWS\System32\gdi32full.dll
0x00007ff9149e0000 - 0x00007ff914a7d000 	C:\WINDOWS\System32\msvcp_win.dll
0x00007ff90bb80000 - 0x00007ff90bb8a000 	C:\WINDOWS\SYSTEM32\VERSION.dll
0x00007ff914f90000 - 0x00007ff914fbf000 	C:\WINDOWS\System32\IMM32.DLL
0x00007ff90fb20000 - 0x00007ff90fb2c000 	C:\Program Files\Java\jdk-11\bin\vcruntime140_1.dll
0x00007ff8fe930000 - 0x00007ff8fe9be000 	C:\Program Files\Java\jdk-11\bin\msvcp140.dll
0x00007ff8d9290000 - 0x00007ff8d9dfc000 	C:\Program Files\Java\jdk-11\bin\server\jvm.dll
0x00007ff914fc0000 - 0x00007ff914fc8000 	C:\WINDOWS\System32\PSAPI.DLL
0x00007ff910b00000 - 0x00007ff910b09000 	C:\WINDOWS\SYSTEM32\WSOCK32.dll
0x00007ff90cec0000 - 0x00007ff90cee7000 	C:\WINDOWS\SYSTEM32\WINMM.dll
0x00007ff915f00000 - 0x00007ff915f6b000 	C:\WINDOWS\System32\WS2_32.dll
0x00007ff912bc0000 - 0x00007ff912bd2000 	C:\WINDOWS\SYSTEM32\kernel.appcore.dll
0x00007ff90fa80000 - 0x00007ff90fa90000 	C:\Program Files\Java\jdk-11\bin\verify.dll
0x00007ff911ff0000 - 0x00007ff9121d4000 	C:\WINDOWS\SYSTEM32\DBGHELP.DLL
0x00007ff90b7f0000 - 0x00007ff90b824000 	C:\WINDOWS\SYSTEM32\dbgcore.DLL
0x00007ff914950000 - 0x00007ff9149d2000 	C:\WINDOWS\System32\bcryptPrimitives.dll
0x00007ff90c820000 - 0x00007ff90c848000 	C:\Program Files\Java\jdk-11\bin\java.dll
0x00007ff90f780000 - 0x00007ff90f78a000 	C:\Program Files\Java\jdk-11\bin\jimage.dll
0x00007ff90f290000 - 0x00007ff90f2a7000 	C:\Program Files\Java\jdk-11\bin\zip.dll
0x00007ff915180000 - 0x00007ff9158ef000 	C:\WINDOWS\System32\SHELL32.dll
0x00007ff9121e0000 - 0x00007ff912983000 	C:\WINDOWS\SYSTEM32\windows.storage.dll
0x00007ff9158f0000 - 0x00007ff915c45000 	C:\WINDOWS\System32\combase.dll
0x00007ff913d60000 - 0x00007ff913d8b000 	C:\WINDOWS\SYSTEM32\Wldp.dll
0x00007ff915c50000 - 0x00007ff915d1d000 	C:\WINDOWS\System32\OLEAUT32.dll
0x00007ff9150d0000 - 0x00007ff91517d000 	C:\WINDOWS\System32\SHCORE.dll
0x00007ff915070000 - 0x00007ff9150c5000 	C:\WINDOWS\System32\shlwapi.dll
0x00007ff9142d0000 - 0x00007ff9142f5000 	C:\WINDOWS\SYSTEM32\profapi.dll
0x00007ff90c630000 - 0x00007ff90c649000 	C:\Program Files\Java\jdk-11\bin\net.dll
0x00007ff90be60000 - 0x00007ff90bf6a000 	C:\WINDOWS\SYSTEM32\WINHTTP.dll
0x00007ff913a60000 - 0x00007ff913acc000 	C:\WINDOWS\system32\mswsock.dll
0x00007ff90c500000 - 0x00007ff90c512000 	C:\Program Files\Java\jdk-11\bin\nio.dll
0x000001ff134e0000 - 0x000001ff134e3000 	C:\Users\ljcab\Downloads\javafx-sdk-11.0.2\bin\api-ms-win-core-console-l1-1-0.dll
0x000001ff134f0000 - 0x000001ff134f3000 	C:\Users\ljcab\Downloads\javafx-sdk-11.0.2\bin\api-ms-win-core-datetime-l1-1-0.dll
0x000001ff13500000 - 0x000001ff13503000 	C:\Users\ljcab\Downloads\javafx-sdk-11.0.2\bin\api-ms-win-core-debug-l1-1-0.dll
0x000001ff13510000 - 0x000001ff13513000 	C:\Users\ljcab\Downloads\javafx-sdk-11.0.2\bin\api-ms-win-core-errorhandling-l1-1-0.dll
0x000001ff13520000 - 0x000001ff13524000 	C:\Users\ljcab\Downloads\javafx-sdk-11.0.2\bin\api-ms-win-core-file-l1-1-0.dll
0x000001ff13530000 - 0x000001ff13533000 	C:\Users\ljcab\Downloads\javafx-sdk-11.0.2\bin\api-ms-win-core-file-l1-2-0.dll
0x000001ff13540000 - 0x000001ff13543000 	C:\Users\ljcab\Downloads\javafx-sdk-11.0.2\bin\api-ms-win-core-file-l2-1-0.dll
0x000001ff13550000 - 0x000001ff13553000 	C:\Users\ljcab\Downloads\javafx-sdk-11.0.2\bin\api-ms-win-core-handle-l1-1-0.dll
0x000001ff13560000 - 0x000001ff13563000 	C:\Users\ljcab\Downloads\javafx-sdk-11.0.2\bin\api-ms-win-core-heap-l1-1-0.dll
0x000001ff13570000 - 0x000001ff13573000 	C:\Users\ljcab\Downloads\javafx-sdk-11.0.2\bin\api-ms-win-core-interlocked-l1-1-0.dll
0x000001ff13580000 - 0x000001ff13583000 	C:\Users\ljcab\Downloads\javafx-sdk-11.0.2\bin\api-ms-win-core-libraryloader-l1-1-0.dll
0x000001ff13590000 - 0x000001ff13593000 	C:\Users\ljcab\Downloads\javafx-sdk-11.0.2\bin\api-ms-win-core-localization-l1-2-0.dll
0x000001ff135a0000 - 0x000001ff135a3000 	C:\Users\ljcab\Downloads\javafx-sdk-11.0.2\bin\api-ms-win-core-memory-l1-1-0.dll
0x000001ff13940000 - 0x000001ff13943000 	C:\Users\ljcab\Downloads\javafx-sdk-11.0.2\bin\api-ms-win-core-namedpipe-l1-1-0.dll
0x000001ff13950000 - 0x000001ff13953000 	C:\Users\ljcab\Downloads\javafx-sdk-11.0.2\bin\api-ms-win-core-processenvironment-l1-1-0.dll
0x000001ff13960000 - 0x000001ff13963000 	C:\Users\ljcab\Downloads\javafx-sdk-11.0.2\bin\api-ms-win-core-processthreads-l1-1-0.dll
0x000001ff13970000 - 0x000001ff13973000 	C:\Users\ljcab\Downloads\javafx-sdk-11.0.2\bin\api-ms-win-core-processthreads-l1-1-1.dll
0x000001ff13980000 - 0x000001ff13983000 	C:\Users\ljcab\Downloads\javafx-sdk-11.0.2\bin\api-ms-win-core-profile-l1-1-0.dll
0x000001ff13990000 - 0x000001ff13993000 	C:\Users\ljcab\Downloads\javafx-sdk-11.0.2\bin\api-ms-win-core-rtlsupport-l1-1-0.dll
0x000001ff139a0000 - 0x000001ff139a3000 	C:\Users\ljcab\Downloads\javafx-sdk-11.0.2\bin\api-ms-win-core-string-l1-1-0.dll
0x000001ff139b0000 - 0x000001ff139b3000 	C:\Users\ljcab\Downloads\javafx-sdk-11.0.2\bin\api-ms-win-core-synch-l1-1-0.dll
0x000001ff135b0000 - 0x000001ff135b3000 	C:\Users\ljcab\Downloads\javafx-sdk-11.0.2\bin\api-ms-win-core-synch-l1-2-0.dll
0x000001ff135c0000 - 0x000001ff135c3000 	C:\Users\ljcab\Downloads\javafx-sdk-11.0.2\bin\api-ms-win-core-sysinfo-l1-1-0.dll
0x000001ff135d0000 - 0x000001ff135d3000 	C:\Users\ljcab\Downloads\javafx-sdk-11.0.2\bin\api-ms-win-core-timezone-l1-1-0.dll
0x000001ff135e0000 - 0x000001ff135e3000 	C:\Users\ljcab\Downloads\javafx-sdk-11.0.2\bin\api-ms-win-core-util-l1-1-0.dll
0x000001ff135f0000 - 0x000001ff135f3000 	C:\Users\ljcab\Downloads\javafx-sdk-11.0.2\bin\api-ms-win-crt-conio-l1-1-0.dll
0x000001ff13600000 - 0x000001ff13604000 	C:\Users\ljcab\Downloads\javafx-sdk-11.0.2\bin\api-ms-win-crt-convert-l1-1-0.dll
0x000001ff13610000 - 0x000001ff13613000 	C:\Users\ljcab\Downloads\javafx-sdk-11.0.2\bin\api-ms-win-crt-environment-l1-1-0.dll
0x000001ff13620000 - 0x000001ff13623000 	C:\Users\ljcab\Downloads\javafx-sdk-11.0.2\bin\api-ms-win-crt-filesystem-l1-1-0.dll
0x000001ff13630000 - 0x000001ff13633000 	C:\Users\ljcab\Downloads\javafx-sdk-11.0.2\bin\api-ms-win-crt-heap-l1-1-0.dll
0x000001ff13640000 - 0x000001ff13643000 	C:\Users\ljcab\Downloads\javafx-sdk-11.0.2\bin\api-ms-win-crt-locale-l1-1-0.dll
0x000001ff13650000 - 0x000001ff13655000 	C:\Users\ljcab\Downloads\javafx-sdk-11.0.2\bin\api-ms-win-crt-math-l1-1-0.dll
0x000001ff13660000 - 0x000001ff13665000 	C:\Users\ljcab\Downloads\javafx-sdk-11.0.2\bin\api-ms-win-crt-multibyte-l1-1-0.dll
0x000001ff13670000 - 0x000001ff13680000 	C:\Users\ljcab\Downloads\javafx-sdk-11.0.2\bin\api-ms-win-crt-private-l1-1-0.dll
0x000001ff13680000 - 0x000001ff13683000 	C:\Users\ljcab\Downloads\javafx-sdk-11.0.2\bin\api-ms-win-crt-process-l1-1-0.dll
0x000001ff13690000 - 0x000001ff13694000 	C:\Users\ljcab\Downloads\javafx-sdk-11.0.2\bin\api-ms-win-crt-runtime-l1-1-0.dll
0x000001ff136a0000 - 0x000001ff136a4000 	C:\Users\ljcab\Downloads\javafx-sdk-11.0.2\bin\api-ms-win-crt-stdio-l1-1-0.dll
0x000001ff136b0000 - 0x000001ff136b4000 	C:\Users\ljcab\Downloads\javafx-sdk-11.0.2\bin\api-ms-win-crt-string-l1-1-0.dll
0x000001ff136c0000 - 0x000001ff136c3000 	C:\Users\ljcab\Downloads\javafx-sdk-11.0.2\bin\api-ms-win-crt-time-l1-1-0.dll
0x000001ff136d0000 - 0x000001ff136d3000 	C:\Users\ljcab\Downloads\javafx-sdk-11.0.2\bin\api-ms-win-crt-utility-l1-1-0.dll
0x00007ff8f1440000 - 0x00007ff8f153a000 	C:\Users\ljcab\Downloads\javafx-sdk-11.0.2\bin\ucrtbase.dll
0x00007ff905140000 - 0x00007ff905156000 	C:\Users\ljcab\Downloads\javafx-sdk-11.0.2\bin\vcruntime140.dll
0x00007ff8fd0e0000 - 0x00007ff8fd186000 	C:\Users\ljcab\Downloads\javafx-sdk-11.0.2\bin\msvcp140.dll
0x00007ff8f83b0000 - 0x00007ff8f8401000 	C:\Users\ljcab\Downloads\javafx-sdk-11.0.2\bin\concrt140.dll
0x00007ff905110000 - 0x00007ff905133000 	C:\Users\ljcab\Downloads\javafx-sdk-11.0.2\bin\prism_d3d.dll
0x00007ff905420000 - 0x00007ff9055f1000 	C:\WINDOWS\system32\d3d9.dll
0x00007ff911b70000 - 0x00007ff911b9f000 	C:\WINDOWS\SYSTEM32\dwmapi.dll
0x00007ff911860000 - 0x00007ff9118fe000 	C:\WINDOWS\system32\uxtheme.dll
0x00007ff8dbaa0000 - 0x00007ff8dbc03000 	C:\WINDOWS\System32\DriverStore\FileRepository\iigd_dch.inf_amd64_e9b40d45ab4dc6b8\igdumdim64.dll
0x00007ff8cb5c0000 - 0x00007ff8cefc4000 	C:\WINDOWS\System32\DriverStore\FileRepository\iigd_dch.inf_amd64_e9b40d45ab4dc6b8\igd9dxva64.dll
0x00007ff9162c0000 - 0x00007ff9163eb000 	C:\WINDOWS\System32\ole32.dll
0x00007ff916710000 - 0x00007ff916b81000 	C:\WINDOWS\System32\SETUPAPI.dll
0x00007ff9148d0000 - 0x00007ff91491e000 	C:\WINDOWS\System32\cfgmgr32.dll
0x00007ff901170000 - 0x00007ff9013af000 	C:\WINDOWS\System32\DriverStore\FileRepository\iigd_dch.inf_amd64_e9b40d45ab4dc6b8\igdgmm64.dll
0x00007ff9018b0000 - 0x00007ff9018f5000 	C:\Users\ljcab\Downloads\javafx-sdk-11.0.2\bin\glass.dll
0x00007ff916b90000 - 0x00007ff916c6a000 	C:\WINDOWS\System32\COMDLG32.dll
0x00007ff915d20000 - 0x00007ff915e35000 	C:\WINDOWS\System32\MSCTF.dll
0x00007ff8cf080000 - 0x00007ff8cf0a7000 	C:\WINDOWS\System32\DriverStore\FileRepository\iigd_dch.inf_amd64_e9b40d45ab4dc6b8\igdinfo64.dll
0x00007ff8f8410000 - 0x00007ff8fb072000 	C:\WINDOWS\System32\DriverStore\FileRepository\iigd_dch.inf_amd64_e9b40d45ab4dc6b8\igc64.dll
0x00007ff8fd2c0000 - 0x00007ff8fd2fb000 	C:\WINDOWS\SYSTEM32\dxcore.dll
0x00007ff8c2040000 - 0x00007ff8c52b3000 	C:\Users\ljcab\Downloads\facial-attendance-main\native\opencv_java4110.dll
0x00007ff8dfb10000 - 0x00007ff8dfc20000 	C:\WINDOWS\SYSTEM32\MFReadWrite.dll
0x00007ff90b620000 - 0x00007ff90b6a5000 	C:\WINDOWS\SYSTEM32\MF.dll
0x00007ff912c30000 - 0x00007ff912d26000 	C:\WINDOWS\SYSTEM32\dxgi.dll
0x00007ff90e490000 - 0x00007ff90e6f3000 	C:\WINDOWS\SYSTEM32\d3d11.dll
0x00007ff903a10000 - 0x00007ff903bcc000 	C:\WINDOWS\SYSTEM32\MFPlat.DLL
0x00007ff898b50000 - 0x00007ff898fdf000 	C:\WINDOWS\SYSTEM32\MFCORE.DLL
0x00007ff914bd0000 - 0x00007ff914d2d000 	C:\WINDOWS\System32\CRYPT32.dll
0x00007ff913e20000 - 0x00007ff913e6b000 	C:\WINDOWS\SYSTEM32\powrprof.dll
0x00007ff905330000 - 0x00007ff905339000 	C:\WINDOWS\SYSTEM32\ksuser.dll
0x00007ff913cd0000 - 0x00007ff913cdc000 	C:\WINDOWS\SYSTEM32\CRYPTBASE.DLL
0x00007ff90f730000 - 0x00007ff90f764000 	C:\WINDOWS\SYSTEM32\RTWorkQ.DLL
0x00007ff913dd0000 - 0x00007ff913de2000 	C:\WINDOWS\SYSTEM32\UMPDC.dll
0x000001ff137e0000 - 0x000001ff137e4000 	C:\Users\ljcab\.javacpp\cache\javacpp-1.5.7-windows-x86_64.jar\org\bytedeco\javacpp\windows-x86_64\api-ms-win-crt-locale-l1-1-0.dll
0x000001ff137f0000 - 0x000001ff137f5000 	C:\Users\ljcab\.javacpp\cache\javacpp-1.5.7-windows-x86_64.jar\org\bytedeco\javacpp\windows-x86_64\api-ms-win-crt-string-l1-1-0.dll
0x000001ff13800000 - 0x000001ff13805000 	C:\Users\ljcab\.javacpp\cache\javacpp-1.5.7-windows-x86_64.jar\org\bytedeco\javacpp\windows-x86_64\api-ms-win-crt-stdio-l1-1-0.dll
0x000001ff13810000 - 0x000001ff13816000 	C:\Users\ljcab\.javacpp\cache\javacpp-1.5.7-windows-x86_64.jar\org\bytedeco\javacpp\windows-x86_64\api-ms-win-crt-math-l1-1-0.dll
0x000001ff13910000 - 0x000001ff13914000 	C:\Users\ljcab\.javacpp\cache\javacpp-1.5.7-windows-x86_64.jar\org\bytedeco\javacpp\windows-x86_64\api-ms-win-crt-heap-l1-1-0.dll
0x000001ff13920000 - 0x000001ff13925000 	C:\Users\ljcab\.javacpp\cache\javacpp-1.5.7-windows-x86_64.jar\org\bytedeco\javacpp\windows-x86_64\api-ms-win-crt-runtime-l1-1-0.dll
0x000001ff13930000 - 0x000001ff13935000 	C:\Users\ljcab\.javacpp\cache\javacpp-1.5.7-windows-x86_64.jar\org\bytedeco\javacpp\windows-x86_64\api-ms-win-crt-convert-l1-1-0.dll
0x000001ff139c0000 - 0x000001ff139c4000 	C:\Users\ljcab\.javacpp\cache\javacpp-1.5.7-windows-x86_64.jar\org\bytedeco\javacpp\windows-x86_64\api-ms-win-crt-environment-l1-1-0.dll

dbghelp: loaded successfully - version: 4.0.5 - missing functions: none
symbol engine: initialized successfully - sym options: 0x614 - pdb path: .;C:\Program Files\Java\jdk-11\bin;C:\WINDOWS\SYSTEM32;C:\WINDOWS\WinSxS\amd64_microsoft.windows.common-controls_6595b64144ccf1df_6.0.19041.4355_none_60b8b9eb71f62e16;C:\Program Files\Java\jdk-11\bin\server;C:\Users\ljcab\Downloads\javafx-sdk-11.0.2\bin;C:\WINDOWS\System32\DriverStore\FileRepository\iigd_dch.inf_amd64_e9b40d45ab4dc6b8;C:\Users\ljcab\Downloads\facial-attendance-main\native;C:\Users\ljcab\.javacpp\cache\javacpp-1.5.7-windows-x86_64.jar\org\bytedeco\javacpp\windows-x86_64;C:\Users\ljcab\.javacpp\cache\openblas-0.3.17-1.5.6-windows-x86_64.jar\org\bytedeco\openblas\windows-x86_64

VM Arguments:
jvm_args: --module-path=C:\Users\ljcab\Downloads\javafx-sdk-11.0.2\lib --add-modules=javafx.controls,javafx.fxml 
java_command: application.Main -cp libs/mysql-connector-java-8.0.13.jar
java_class_path (initial): C:\Users\ljcab\OneDrive\Documents\NetBeansProjects\facial-attendance-main\target\classes;C:\Users\ljcab\.m2\repository\org\openjfx\javafx-controls\19\javafx-controls-19.jar;C:\Users\ljcab\.m2\repository\org\openjfx\javafx-controls\19\javafx-controls-19-win.jar;C:\Users\ljcab\.m2\repository\org\openjfx\javafx-graphics\19\javafx-graphics-19.jar;C:\Users\ljcab\.m2\repository\org\openjfx\javafx-graphics\19\javafx-graphics-19-win.jar;C:\Users\ljcab\.m2\repository\org\openjfx\javafx-base\19\javafx-base-19.jar;C:\Users\ljcab\.m2\repository\org\openjfx\javafx-base\19\javafx-base-19-win.jar;C:\Users\ljcab\.m2\repository\org\openjfx\javafx-fxml\19\javafx-fxml-19.jar;C:\Users\ljcab\.m2\repository\org\openjfx\javafx-fxml\19\javafx-fxml-19-win.jar;C:\Users\ljcab\.m2\repository\org\openjfx\javafx-swing\19\javafx-swing-19.jar;C:\Users\ljcab\.m2\repository\org\openjfx\javafx-swing\19\javafx-swing-19-win.jar;C:\Users\ljcab\.m2\repository\org\bytedeco\javacv-platform\1.5.6\javacv-platform-1.5.6.jar;C:\Users\ljcab\.m2\repository\org\bytedeco\javacv\1.5.6\javacv-1.5.6.jar;C:\Users\ljcab\.m2\repository\org\bytedeco\javacpp\1.5.6\javacpp-1.5.6.jar;C:\Users\ljcab\.m2\repository\org\bytedeco\openblas\0.3.17-1.5.6\openblas-0.3.17-1.5.6.jar;C:\Users\ljcab\.m2\repository\org\bytedeco\ffmpeg\4.4-1.5.6\ffmpeg-4.4-1.5.6.jar;C:\Users\ljcab\.m2\repository\org\bytedeco\flycapture\2.13.3.31-1.5.6\flycapture-2.13.3.31-1.5.6.jar;C:\Users\ljcab\.m2\repository\org\bytedeco\libdc1394\2.2.6-1.5.6\libdc1394-2.2.6-1.5.6.jar;C:\Users\ljcab\.m2\repository\org\bytedeco\libfreenect\0.5.7-1.5.6\libfreenect-0.5.7-1.5.6.jar;C:\Users\ljcab\.m2\repository\org\bytedeco\libfreenect2\0.2.0-1.5.6\libfreenect2-0.2.0-1.5.6.jar;C:\Users\ljcab\.m2\repository\org\bytedeco\librealsense\1.12.4-1.5.6\librealsense-1.12.4-1.5.6.jar;C:\Users\ljcab\.m2\repository\org\bytedeco\librealsense2\2.44.0-1.5.6\librealsense2-2.44.0-1.5.6.jar;C:\Users\ljcab\.m2\repository\org\bytedeco\videoinput\0.200-1.5.6\video
Launcher Type: SUN_STANDARD

[Global flags]
     intx CICompilerCount                          = 4                                         {product} {ergonomic}
     uint ConcGCThreads                            = 2                                         {product} {ergonomic}
     uint G1ConcRefinementThreads                  = 8                                         {product} {ergonomic}
   size_t G1HeapRegionSize                         = 1048576                                   {product} {ergonomic}
    uintx GCDrainStackTargetSize                   = 64                                        {product} {ergonomic}
   size_t InitialHeapSize                          = 132120576                                 {product} {ergonomic}
   size_t MarkStackSize                            = 4194304                                   {product} {ergonomic}
   size_t MaxHeapSize                              = 2109734912                                {product} {ergonomic}
   size_t MaxNewSize                               = 1265631232                                {product} {ergonomic}
   size_t MinHeapDeltaBytes                        = 1048576                                   {product} {ergonomic}
    uintx NonNMethodCodeHeapSize                   = 5836300                                {pd product} {ergonomic}
    uintx NonProfiledCodeHeapSize                  = 122910970                              {pd product} {ergonomic}
    uintx ProfiledCodeHeapSize                     = 122910970                              {pd product} {ergonomic}
    uintx ReservedCodeCacheSize                    = 251658240                              {pd product} {ergonomic}
     bool SegmentedCodeCache                       = true                                      {product} {ergonomic}
     bool UseCompressedClassPointers               = true                                 {lp64_product} {ergonomic}
     bool UseCompressedOops                        = true                                 {lp64_product} {ergonomic}
     bool UseG1GC                                  = true                                      {product} {ergonomic}
     bool UseLargePagesIndividualAllocation        = false                                  {pd product} {ergonomic}

Logging:
Log output configuration:
 #0: stdout all=warning uptime,level,tags
 #1: stderr all=off uptime,level,tags

Environment Variables:
JAVA_HOME=C:\Program Files\Java\jdk-11
PATH=C:\Program Files\Java\jdk-11\bin;C:\Program Files\Common Files\Oracle\Java\javapath;C:\WINDOWS\system32;C:\WINDOWS;C:\WINDOWS\System32\Wbem;C:\WINDOWS\System32\WindowsPowerShell\v1.0\;C:\WINDOWS\System32\OpenSSH\;C:\Program Files\NetBeans-25\netbeans\java\maven\bin;C:\Users\ljcab\Downloads\netbeans-15-bin\netbeans\java\maven\bin;C:\Program Files\Java\jdk-11\bin;C:\Program Files\nodejs\;C:\Users\ljcab\AppData\Local\Programs\Python\Python313\Scripts\;C:\Users\ljcab\AppData\Local\Programs\Python\Python313\;C:\Users\ljcab\AppData\Local\Programs\Python\Launcher\;C:\Users\ljcab\AppData\Local\Microsoft\WindowsApps;C:\Users\ljcab\AppData\Local\Programs\Microsoft VS Code\bin;C:\Users\ljcab\AppData\Local\Programs\cursor\resources\app\bin;C:\Users\ljcab\AppData\Roaming\npm
USERNAME=ljcab
OS=Windows_NT
PROCESSOR_IDENTIFIER=Intel64 Family 6 Model 142 Stepping 11, GenuineIntel



---------------  S Y S T E M  ---------------

OS: Windows 10 , 64 bit Build 19041 (10.0.19041.5678)

CPU:total 8 (initial active 8) (4 cores per cpu, 2 threads per core) family 6 model 142 stepping 11 microcode 0xde, cmov, cx8, fxsr, mmx, sse, sse2, sse3, ssse3, sse4.1, sse4.2, popcnt, avx, avx2, aes, clmul, erms, 3dnowpref, lzcnt, ht, tsc, tscinvbit, bmi1, bmi2, adx, fma

Memory: 4k page, system-wide physical 8043M (1010M free)
TotalPageFile size 32619M (AvailPageFile size 1M)
current process WorkingSet (physical memory assigned to process): 206M, peak: 207M
current process commit charge ("private bytes"): 1692M, peak: 1814M

vm_info: Java HotSpot(TM) 64-Bit Server VM (11.0.19+9-LTS-224) for windows-amd64 JRE (11.0.19+9-LTS-224), built on Mar 27 2023 08:48:55 by "mach5one" with MS VC++ 17.1 (VS2022)

END.
